#
# There is insufficient memory for the Java Runtime Environment to continue.
# Native memory allocation (mmap) failed to map 117440512 bytes for Failed to commit area from 0x0000000090a00000 to 0x0000000097a00000 of length 117440512.
# Possible reasons:
#   The system is out of physical RAM or swap space
#   The process is running with CompressedOops enabled, and the Java Heap may be blocking the growth of the native heap
# Possible solutions:
#   Reduce memory load on the system
#   Increase physical memory or swap space
#   Check if swap backing store is full
#   Decrease Java heap size (-Xmx/-Xms)
#   Decrease number of Java threads
#   Decrease Java thread stack sizes (-Xss)
#   Set larger code cache with -XX:ReservedCodeCacheSize=
# This output file may be truncated or incomplete.
#
#  Out of Memory Error (./src/hotspot/os/windows/os_windows.cpp:3301), pid=7972, tid=21104
#
# JRE version:  (11.0.11+9) (build )
# Java VM: OpenJDK 64-Bit Server VM (11.0.11+9-b60-7590822, mixed mode, sharing, tiered, compressed oops, g1 gc, windows-amd64)
# No core dump will be written. Minidumps are not enabled by default on client versions of Windows
#

---------------  S U M M A R Y ------------

Command Line: org.jetbrains.git4idea.http.GitAskPassApp Username for 'https://github.com': 

Host: AMD A10-9620P RADEON R5, 10 COMPUTE CORES 4C+6G, 4 cores, 6G,  Windows 10 , 64 bit Build 22000 (10.0.22000.120)
Time: Tue Oct 26 20:02:21 2021 RTZ 4 (зима) elapsed time: 0.049409 seconds (0d 0h 0m 0s)

---------------  T H R E A D  ---------------

Current thread (0x0000022f13549800):  JavaThread "Unknown thread" [_thread_in_vm, id=21104, stack(0x000000c2e8b00000,0x000000c2e8c00000)]

Stack: [0x000000c2e8b00000,0x000000c2e8c00000]
Native frames: (J=compiled Java code, j=interpreted, Vv=VM code, C=native code)
V  [jvm.dll+0x5f214a]
V  [jvm.dll+0x726fb5]
V  [jvm.dll+0x7285cd]
V  [jvm.dll+0x728c83]
V  [jvm.dll+0x243278]
V  [jvm.dll+0x5ef544]
V  [jvm.dll+0x5e4495]
V  [jvm.dll+0x2fec5b]
V  [jvm.dll+0x2febca]
V  [jvm.dll+0x2feaa2]
V  [jvm.dll+0x303986]
V  [jvm.dll+0x34c3a3]
V  [jvm.dll+0x34caa6]
V  [jvm.dll+0x34c4a3]
V  [jvm.dll+0x2d9688]
V  [jvm.dll+0x2da837]
V  [jvm.dll+0x705ba7]
V  [jvm.dll+0x70739c]
V  [jvm.dll+0x3598f9]
V  [jvm.dll+0x6e931e]
V  [jvm.dll+0x3c1c43]
V  [jvm.dll+0x3c3e81]
C  [jli.dll+0x5373]
C  [ucrtbase.dll+0x26c0c]
C  [KERNEL32.DLL+0x154e0]
C  [ntdll.dll+0x485b]


---------------  P R O C E S S  ---------------

Threads class SMR info:
_java_thread_list=0x0000022f11317ae0, length=0, elements={
}

Java Threads: ( => current thread )

Other Threads:
  0x0000022f13563000 GCTaskThread "GC Thread#0" [stack: 0x000000c2e8c00000,0x000000c2e8d00000] [id=9252]
  0x0000022f1358e000 ConcurrentGCThread "G1 Main Marker" [stack: 0x000000c2e8d00000,0x000000c2e8e00000] [id=6904]
  0x0000022f13590800 ConcurrentGCThread "G1 Conc#0" [stack: 0x000000c2e8e00000,0x000000c2e8f00000] [id=2840]

[error occurred during error reporting (printing all threads), id 0xc0000005, EXCEPTION_ACCESS_VIOLATION (0xc0000005) at pc=0x00007ffc0f3c9c47]

VM state:not at safepoint (not fully initialized)

VM Mutex/Monitor currently owned by a thread:  ([mutex/lock_event])
[0x0000022f13545b30] Heap_lock - owner thread: 0x0000022f13549800

Heap address: 0x0000000090a00000, size: 1782 MB, Compressed Oops mode: Non-zero based: 0x0000000090a00000
Narrow klass base: 0x0000000000000000, Narrow klass shift: 0

GC Heap History (0 events):
No events

Deoptimization events (0 events):
No events

Classes redefined (0 events):
No events

Internal exceptions (0 events):
No events

Events (1 events):
Event: 0.030 Loaded shared library C:\Program Files\Android\Android Studio\jre\bin\zip.dll


Dynamic libraries:
0x00007ff7b6700000 - 0x00007ff7b670a000 	C:\Program Files\Android\Android Studio\jre\bin\java.exe
0x00007ffc4ecc0000 - 0x00007ffc4eec7000 	C:\WINDOWS\SYSTEM32\ntdll.dll
0x00007ffc4de00000 - 0x00007ffc4debd000 	C:\WINDOWS\System32\KERNEL32.DLL
0x00007ffc4c7a0000 - 0x00007ffc4cb14000 	C:\WINDOWS\System32\KERNELBASE.dll
0x00007ffc49690000 - 0x00007ffc49721000 	C:\WINDOWS\SYSTEM32\apphelp.dll
0x00007ffc4c420000 - 0x00007ffc4c531000 	C:\WINDOWS\System32\ucrtbase.dll
0x00007ffc2f6d0000 - 0x00007ffc2f6e9000 	C:\Program Files\Android\Android Studio\jre\bin\jli.dll
0x00007ffc2e830000 - 0x00007ffc2e847000 	C:\Program Files\Android\Android Studio\jre\bin\VCRUNTIME140.dll
0x00007ffc4dbb0000 - 0x00007ffc4dd5c000 	C:\WINDOWS\System32\USER32.dll
0x00007ffc3cbd0000 - 0x00007ffc3ce75000 	C:\WINDOWS\WinSxS\amd64_microsoft.windows.common-controls_6595b64144ccf1df_6.0.22000.120_none_9d947278b86cc467\COMCTL32.dll
0x00007ffc4cb20000 - 0x00007ffc4cb46000 	C:\WINDOWS\System32\win32u.dll
0x00007ffc4cb60000 - 0x00007ffc4cb89000 	C:\WINDOWS\System32\GDI32.dll
0x00007ffc4db00000 - 0x00007ffc4dba3000 	C:\WINDOWS\System32\msvcrt.dll
0x00007ffc4c540000 - 0x00007ffc4c652000 	C:\WINDOWS\System32\gdi32full.dll
0x00007ffc4c210000 - 0x00007ffc4c2ad000 	C:\WINDOWS\System32\msvcp_win.dll
0x00007ffc4d990000 - 0x00007ffc4d9c1000 	C:\WINDOWS\System32\IMM32.DLL
0x00007ffc1ca10000 - 0x00007ffc1caad000 	C:\Program Files\Android\Android Studio\jre\bin\msvcp140.dll
0x00007ffc0f0e0000 - 0x00007ffc0fbb5000 	C:\Program Files\Android\Android Studio\jre\bin\server\jvm.dll
0x00007ffc4e290000 - 0x00007ffc4e33c000 	C:\WINDOWS\System32\ADVAPI32.dll
0x00007ffc4dd60000 - 0x00007ffc4ddfd000 	C:\WINDOWS\System32\sechost.dll
0x00007ffc4e4e0000 - 0x00007ffc4e601000 	C:\WINDOWS\System32\RPCRT4.dll
0x00007ffc4e610000 - 0x00007ffc4e618000 	C:\WINDOWS\System32\PSAPI.DLL
0x00007ffc495a0000 - 0x00007ffc495a9000 	C:\WINDOWS\SYSTEM32\WSOCK32.dll
0x00007ffc460f0000 - 0x00007ffc460fa000 	C:\WINDOWS\SYSTEM32\VERSION.dll
0x00007ffc4e880000 - 0x00007ffc4e8ef000 	C:\WINDOWS\System32\WS2_32.dll
0x00007ffc47280000 - 0x00007ffc472b3000 	C:\WINDOWS\SYSTEM32\WINMM.dll
0x00007ffc4b2d0000 - 0x00007ffc4b2e8000 	C:\WINDOWS\SYSTEM32\kernel.appcore.dll
0x00007ffc3a920000 - 0x00007ffc3a931000 	C:\Program Files\Android\Android Studio\jre\bin\verify.dll
0x00007ffc40c00000 - 0x00007ffc40e21000 	C:\WINDOWS\SYSTEM32\DBGHELP.DLL
0x00007ffc36c90000 - 0x00007ffc36cc1000 	C:\WINDOWS\SYSTEM32\dbgcore.DLL
0x00007ffc4c720000 - 0x00007ffc4c7a0000 	C:\WINDOWS\System32\bcryptPrimitives.dll
0x00007ffc3a8f0000 - 0x00007ffc3a919000 	C:\Program Files\Android\Android Studio\jre\bin\java.dll
0x00007ffc49590000 - 0x00007ffc4959b000 	C:\Program Files\Android\Android Studio\jre\bin\jimage.dll
0x00007ffc39460000 - 0x00007ffc39478000 	C:\Program Files\Android\Android Studio\jre\bin\zip.dll

dbghelp: loaded successfully - version: 4.0.5 - missing functions: none
symbol engine: initialized successfully - sym options: 0x614 - pdb path: .;C:\Program Files\Android\Android Studio\jre\bin;C:\WINDOWS\SYSTEM32;C:\WINDOWS\WinSxS\amd64_microsoft.windows.common-controls_6595b64144ccf1df_6.0.22000.120_none_9d947278b86cc467;C:\Program Files\Android\Android Studio\jre\bin\server

VM Arguments:
java_command: org.jetbrains.git4idea.http.GitAskPassApp Username for 'https://github.com': 
java_class_path (initial): C:/Program Files/Android/Android Studio/plugins/git4idea/lib/git4idea-rt.jar;C:/Program Files/Android/Android Studio/lib/xmlrpc-2.0.1.jar;C:/Program Files/Android/Android Studio/lib/commons-codec-1.15.jar
Launcher Type: SUN_STANDARD

[Global flags]
     intx CICompilerCount                          = 3                                         {product} {ergonomic}
     uint ConcGCThreads                            = 1                                         {product} {ergonomic}
     uint G1ConcRefinementThreads                  = 4                                         {product} {ergonomic}
   size_t G1HeapRegionSize                         = 1048576                                   {product} {ergonomic}
    uintx GCDrainStackTargetSize                   = 64                                        {product} {ergonomic}
   size_t InitialHeapSize                          = 117440512                                 {product} {ergonomic}
   size_t MarkStackSize                            = 4194304                                   {product} {ergonomic}
   size_t MaxHeapSize                              = 1868562432                                {product} {ergonomic}
   size_t MinHeapDeltaBytes                        = 1048576                                   {product} {ergonomic}
    uintx NonNMethodCodeHeapSize                   = 5830732                                {pd product} {ergonomic}
    uintx NonProfiledCodeHeapSize                  = 122913754                              {pd product} {ergonomic}
    uintx ProfiledCodeHeapSize                     = 122913754                              {pd product} {ergonomic}
    uintx ReservedCodeCacheSize                    = 251658240                              {pd product} {ergonomic}
     bool SegmentedCodeCache                       = true                                      {product} {ergonomic}
     bool UseCompressedClassPointers               = true                                 {lp64_product} {ergonomic}
     bool UseCompressedOops                        = true                                 {lp64_product} {ergonomic}
     bool UseG1GC                                  = true                                      {product} {ergonomic}
     bool UseLargePagesIndividualAllocation        = false                                  {pd product} {ergonomic}

Logging:
Log output configuration:
 #0: stdout all=warning uptime,level,tags
 #1: stderr all=off uptime,level,tags

Environment Variables:
PATH=C:\Program Files\Git\mingw64\libexec\git-core;C:\Program Files\Git\mingw64\libexec\git-core;C:\Program Files\Git\mingw64\bin;C:\Program Files\Git\usr\bin;C:\Users\ampil\bin;C:\Program Files (x86)\Common Files\Oracle\Java\javapath;C:\Program Files\Common Files\Oracle\Java\javapath;C:\Program Files (x86)\NVIDIA Corporation\PhysX\Common;C:\WINDOWS\system32;C:\WINDOWS;C:\WINDOWS\System32\Wbem;C:\WINDOWS\System32\WindowsPowerShell\v1.0;C:\WINDOWS\System32\OpenSSH;C:\Program Files\dotnet;C:\Program Files\Microsoft SQL Server\130\Tools\Binn;C:\Program Files\Microsoft SQL Server\Client SDK\ODBC\170\Tools\Binn;C:\Program Files (x86)\Microsoft SQL Server\150\Tools\Binn;C:\Program Files\Microsoft SQL Server\150\Tools\Binn;C:\Program Files\Microsoft SQL Server\150\DTS\Binn;C:\Program Files (x86)\dotnet;C:\Program Files\PuTTY;C:\Program Files\Git\cmd;C:\Users\ampil\AppData\Local\Programs\Python\Python39\Scripts;C:\Users\ampil\AppData\Local\Programs\Python\Python39;C:\Users\ampil\AppData\Local\Microsoft\WindowsApps;C:\Users\ampil\.dotnet\tools;C:\Program Files\JetBrains\PyCharm Community Edition 2021.1\bin;C:\Users\ampil\AppData\Local\Programs\VapourSynth\core;C:\Users\ampil\AppData\Local\Programs\VapourSynth\vsrepo;C:\Users\ampil\AppData\Local\GitHubDesktop\bin;E:\Program Files\JetBrains\IntelliJ IDEA Community Edition 2021.2.2\bin
USERNAME=ampil
DISPLAY=:0.0
LC_ALL=en_US.UTF-8
OS=Windows_NT
PROCESSOR_IDENTIFIER=AMD64 Family 21 Model 101 Stepping 1, AuthenticAMD



---------------  S Y S T E M  ---------------

OS: Windows 10 , 64 bit Build 22000 (10.0.22000.120)
OS uptime: 4 days 23:22 hours

CPU:total 4 (initial active 4) (4 cores per cpu, 1 threads per core) family 21 model 101 stepping 1 microcode 0x0, cmov, cx8, fxsr, mmx, sse, sse2, sse3, ssse3, sse4.1, sse4.2, popcnt, avx, avx2, aes, clmul, mmxext, 3dnowpref, lzcnt, sse4a, tsc, tscinvbit, tscinv, bmi1, bmi2, fma

Memory: 4k page, system-wide physical 7125M (394M free)
TotalPageFile size 16125M (AvailPageFile size 28M)
current process WorkingSet (physical memory assigned to process): 10M, peak: 10M
current process commit charge ("private bytes"): 51M, peak: 163M

vm_info: OpenJDK 64-Bit Server VM (11.0.11+9-b60-7590822) for windows-amd64 JRE (11.0.11+9-b60-7590822), built on Jul 29 2021 21:43:44 by "builder" with MS VC++ 14.0 (VS2015)

END.
