#
# There is insufficient memory for the Java Runtime Environment to continue.
# Native memory allocation (mmap) failed to map 351272960 bytes for Failed to commit area from 0x0000000097700000 to 0x00000000ac600000 of length 351272960.
# Possible reasons:
#   The system is out of physical RAM or swap space
#   The process is running with CompressedOops enabled, and the Java Heap may be blocking the growth of the native heap
# Possible solutions:
#   Reduce memory load on the system
#   Increase physical memory or swap space
#   Check if swap backing store is full
#   Decrease Java heap size (-Xmx/-Xms)
#   Decrease number of Java threads
#   Decrease Java thread stack sizes (-Xss)
#   Set larger code cache with -XX:ReservedCodeCacheSize=
#   JVM is running with Unscaled Compressed Oops mode in which the Java heap is
#     placed in the first 4GB address space. The Java Heap base address is the
#     maximum limit for the native heap growth. Please use -XX:HeapBaseMinAddress
#     to set the Java Heap base and to place the Java Heap above 4GB virtual address.
# This output file may be truncated or incomplete.
#
#  Out of Memory Error (./src/hotspot/os/windows/os_windows.cpp:3301), pid=15404, tid=11988
#
# JRE version: OpenJDK Runtime Environment (11.0.11+9) (build 11.0.11+9-b60-7590822)
# Java VM: OpenJDK 64-Bit Server VM (11.0.11+9-b60-7590822, mixed mode, tiered, compressed oops, g1 gc, windows-amd64)
# No core dump will be written. Minidumps are not enabled by default on client versions of Windows
#

---------------  S U M M A R Y ------------

Command Line: --add-opens=java.base/java.util=ALL-UNNAMED --add-opens=java.base/java.lang=ALL-UNNAMED --add-opens=java.base/java.lang.invoke=ALL-UNNAMED --add-opens=java.base/java.util=ALL-UNNAMED --add-opens=java.prefs/java.util.prefs=ALL-UNNAMED --add-opens=java.prefs/java.util.prefs=ALL-UNNAMED --add-opens=java.base/java.nio.charset=ALL-UNNAMED --add-opens=java.base/java.net=ALL-UNNAMED --add-opens=java.base/java.util.concurrent.atomic=ALL-UNNAMED -Xmx2048m -Dfile.encoding=UTF-8 -Duser.country=RU -Duser.language=ru -Duser.variant org.gradle.launcher.daemon.bootstrap.GradleDaemon 7.2

Host: AMD A10-9620P RADEON R5, 10 COMPUTE CORES 4C+6G, 4 cores, 6G,  Windows 10 , 64 bit Build 22000 (10.0.22000.120)
Time: Mon Oct 25 09:33:19 2021 RTZ 4 (зима) elapsed time: 207.639457 seconds (0d 0h 3m 27s)

---------------  T H R E A D  ---------------

Current thread (0x000001af7f1e9800):  VMThread "VM Thread" [stack: 0x000000ac94800000,0x000000ac94900000] [id=11988]

Stack: [0x000000ac94800000,0x000000ac94900000]
[error occurred during error reporting (printing stack bounds), id 0xc0000005, EXCEPTION_ACCESS_VIOLATION (0xc0000005) at pc=0x000001af00000f2d]

Native frames: (J=compiled Java code, j=interpreted, Vv=VM code, C=native code)
V  [jvm.dll+0x5f214a]
V  [jvm.dll+0x726fb5]
V  [jvm.dll+0x7285cd]
V  [jvm.dll+0x728be5]
V  [jvm.dll+0x728b9b]
V  [jvm.dll+0x5f14e8]
V  [jvm.dll+0x5f1c78]
C  [ntdll.dll+0xa826f]
C  [ntdll.dll+0x359ca]
C  [ntdll.dll+0xa727e]
C  0x000001af00000f2d

VM_Operation (0x000000ac968fe300): G1CollectForAllocation, mode: safepoint, requested by thread 0x000001af15048000


---------------  P R O C E S S  ---------------

Threads class SMR info:
_java_thread_list=0x000001af16d05ab0, length=76, elements={
0x000001af7861c800, 0x000001af7f1ed800, 0x000001af7f1f8800, 0x000001af7f20e000,
0x000001af7f20f800, 0x000001af7f210800, 0x000001af7f212800, 0x000001af7f21d800,
0x000001af7f220800, 0x000001af7fcd8800, 0x000001af132aa000, 0x000001af13b5a000,
0x000001af13b5c800, 0x000001af145a9000, 0x000001af13a3e000, 0x000001af1448c800,
0x000001af142b6800, 0x000001af144be000, 0x000001af13b2d800, 0x000001af13b2a800,
0x000001af13b2c000, 0x000001af13b2e800, 0x000001af13b2d000, 0x000001af13b28800,
0x000001af13b2f000, 0x000001af13b29800, 0x000001af15048000, 0x000001af15046000,
0x000001af15049800, 0x000001af1504d000, 0x000001af15047000, 0x000001af1504d800,
0x000001af1504b000, 0x000001af15048800, 0x000001af1504f000, 0x000001af1504c000,
0x000001af15052800, 0x000001af15051000, 0x000001af15053800, 0x000001af1504e800,
0x000001af15051800, 0x000001af15054000, 0x000001af15055000, 0x000001af152f1000,
0x000001af152f2000, 0x000001af152f3000, 0x000001af152f3800, 0x000001af152ef800,
0x000001af152f0800, 0x000001af152ee000, 0x000001af152f4800, 0x000001af152ee800,
0x000001af152f5000, 0x000001af152f7800, 0x000001af152f9800, 0x000001af152f8800,
0x000001af152fa000, 0x000001af152fb000, 0x000001af152fc000, 0x000001af152f6000,
0x000001af152fc800, 0x000001af152f7000, 0x000001af13fcb800, 0x000001af13fc8000,
0x000001af13fca000, 0x000001af13fca800, 0x000001af13fc9000, 0x000001af13fcc800,
0x000001af13fce000, 0x000001af13fd3000, 0x000001af13fcd000, 0x000001af13fd3800,
0x000001af13fcf000, 0x000001af13fd2000, 0x000001af13fcf800, 0x000001af13fd1000
}

Java Threads: ( => current thread )
  0x000001af7861c800 JavaThread "main" [_thread_blocked, id=22160, stack(0x000000ac94200000,0x000000ac94300000)]
  0x000001af7f1ed800 JavaThread "Reference Handler" daemon [_thread_blocked, id=22444, stack(0x000000ac94900000,0x000000ac94a00000)]
  0x000001af7f1f8800 JavaThread "Finalizer" daemon [_thread_blocked, id=15308, stack(0x000000ac94a00000,0x000000ac94b00000)]
  0x000001af7f20e000 JavaThread "Signal Dispatcher" daemon [_thread_blocked, id=252, stack(0x000000ac94b00000,0x000000ac94c00000)]
  0x000001af7f20f800 JavaThread "Attach Listener" daemon [_thread_blocked, id=13952, stack(0x000000ac94c00000,0x000000ac94d00000)]
  0x000001af7f210800 JavaThread "Service Thread" daemon [_thread_blocked, id=12464, stack(0x000000ac94d00000,0x000000ac94e00000)]
  0x000001af7f212800 JavaThread "C2 CompilerThread0" daemon [_thread_in_native, id=8208, stack(0x000000ac94e00000,0x000000ac94f00000)]
  0x000001af7f21d800 JavaThread "C1 CompilerThread0" daemon [_thread_blocked, id=20356, stack(0x000000ac94f00000,0x000000ac95000000)]
  0x000001af7f220800 JavaThread "Sweeper thread" daemon [_thread_blocked, id=21832, stack(0x000000ac95000000,0x000000ac95100000)]
  0x000001af7fcd8800 JavaThread "Common-Cleaner" daemon [_thread_blocked, id=20824, stack(0x000000ac95100000,0x000000ac95200000)]
  0x000001af132aa000 JavaThread "Daemon health stats" [_thread_blocked, id=18856, stack(0x000000ac95500000,0x000000ac95600000)]
  0x000001af13b5a000 JavaThread "Incoming local TCP Connector on port 4664" [_thread_in_native, id=16604, stack(0x000000ac95300000,0x000000ac95400000)]
  0x000001af13b5c800 JavaThread "Daemon periodic checks" [_thread_blocked, id=15620, stack(0x000000ac95900000,0x000000ac95a00000)]
  0x000001af145a9000 JavaThread "Daemon" [_thread_blocked, id=21180, stack(0x000000ac95a00000,0x000000ac95b00000)]
  0x000001af13a3e000 JavaThread "Handler for socket connection from /127.0.0.1:4664 to /127.0.0.1:4665" [_thread_in_native, id=12840, stack(0x000000ac95b00000,0x000000ac95c00000)]
  0x000001af1448c800 JavaThread "Cancel handler" [_thread_blocked, id=18060, stack(0x000000ac95c00000,0x000000ac95d00000)]
  0x000001af142b6800 JavaThread "Daemon worker" [_thread_blocked, id=12220, stack(0x000000ac95d00000,0x000000ac95e00000)]
  0x000001af144be000 JavaThread "Asynchronous log dispatcher for DefaultDaemonConnection: socket connection from /127.0.0.1:4664 to /127.0.0.1:4665" [_thread_blocked, id=10168, stack(0x000000ac95e00000,0x000000ac95f00000)]
  0x000001af13b2d800 JavaThread "Daemon client event forwarder" [_thread_blocked, id=20792, stack(0x000000ac96000000,0x000000ac96100000)]
  0x000001af13b2a800 JavaThread "Cache worker for journal cache (C:\Users\ampil\.gradle\caches\journal-1)" [_thread_blocked, id=7600, stack(0x000000ac96100000,0x000000ac96200000)]
  0x000001af13b2c000 JavaThread "File lock request listener" [_thread_in_native, id=14972, stack(0x000000ac96200000,0x000000ac96300000)]
  0x000001af13b2e800 JavaThread "Cache worker for file hash cache (C:\Users\ampil\.gradle\caches\7.2\fileHashes)" [_thread_blocked, id=5856, stack(0x000000ac96300000,0x000000ac96400000)]
  0x000001af13b2d000 JavaThread "Cache worker for file hash cache (C:\Users\ampil\Desktop\TVMedicine\.gradle\7.2\fileHashes)" [_thread_blocked, id=5940, stack(0x000000ac96400000,0x000000ac96500000)]
  0x000001af13b28800 JavaThread "File watcher server" daemon [_thread_in_native, id=17308, stack(0x000000ac96600000,0x000000ac96700000)]
  0x000001af13b2f000 JavaThread "File watcher consumer" daemon [_thread_blocked, id=22312, stack(0x000000ac96700000,0x000000ac96800000)]
  0x000001af13b29800 JavaThread "jar transforms" [_thread_blocked, id=20616, stack(0x000000ac96500000,0x000000ac96600000)]
  0x000001af15048000 JavaThread "jar transforms Thread 2" [_thread_blocked, id=12596, stack(0x000000ac96800000,0x000000ac96900000)]
  0x000001af15046000 JavaThread "jar transforms Thread 3" [_thread_blocked, id=15272, stack(0x000000ac96900000,0x000000ac96a00000)]
  0x000001af15049800 JavaThread "jar transforms Thread 4" [_thread_blocked, id=2412, stack(0x000000ac96a00000,0x000000ac96b00000)]
  0x000001af1504d000 JavaThread "Cache worker for checksums cache (C:\Users\ampil\Desktop\TVMedicine\.gradle\checksums)" [_thread_blocked, id=8104, stack(0x000000ac96b00000,0x000000ac96c00000)]
  0x000001af15047000 JavaThread "Cache worker for cache directory md-supplier (C:\Users\ampil\.gradle\caches\7.2\md-supplier)" [_thread_blocked, id=16752, stack(0x000000ac96c00000,0x000000ac96d00000)]
  0x000001af1504d800 JavaThread "Cache worker for cache directory md-rule (C:\Users\ampil\.gradle\caches\7.2\md-rule)" [_thread_blocked, id=3912, stack(0x000000ac96d00000,0x000000ac96e00000)]
  0x000001af1504b000 JavaThread "Cache worker for execution history cache (C:\Users\ampil\.gradle\caches\7.2\executionHistory)" [_thread_blocked, id=6868, stack(0x000000ac96e00000,0x000000ac96f00000)]
  0x000001af15048800 JavaThread "Cache worker for file content cache (C:\Users\ampil\.gradle\caches\7.2\fileContent)" [_thread_blocked, id=9472, stack(0x000000ac97000000,0x000000ac97100000)]
  0x000001af1504f000 JavaThread "Cache worker for dependencies-accessors (C:\Users\ampil\Desktop\TVMedicine\.gradle\7.2\dependencies-accessors)" [_thread_blocked, id=11932, stack(0x000000ac97300000,0x000000ac97400000)]
  0x000001af1504c000 JavaThread "Cache worker for Build Output Cleanup Cache (C:\Users\ampil\Desktop\TVMedicine\.gradle\buildOutputCleanup)" [_thread_blocked, id=21864, stack(0x000000ac97400000,0x000000ac97500000)]
  0x000001af15052800 JavaThread "Unconstrained build operations" [_thread_blocked, id=22148, stack(0x000000ac93f00000,0x000000ac94000000)]
  0x000001af15051000 JavaThread "Unconstrained build operations Thread 2" [_thread_blocked, id=5928, stack(0x000000ac94000000,0x000000ac94100000)]
  0x000001af15053800 JavaThread "Unconstrained build operations Thread 3" [_thread_blocked, id=20208, stack(0x000000ac97500000,0x000000ac97600000)]
  0x000001af1504e800 JavaThread "Unconstrained build operations Thread 4" [_thread_blocked, id=1980, stack(0x000000ac97600000,0x000000ac97700000)]
  0x000001af15051800 JavaThread "Unconstrained build operations Thread 5" [_thread_blocked, id=22368, stack(0x000000ac97700000,0x000000ac97800000)]
  0x000001af15054000 JavaThread "Unconstrained build operations Thread 6" [_thread_blocked, id=22028, stack(0x000000ac97800000,0x000000ac97900000)]
  0x000001af15055000 JavaThread "Unconstrained build operations Thread 7" [_thread_blocked, id=20268, stack(0x000000ac97900000,0x000000ac97a00000)]
  0x000001af152f1000 JavaThread "Unconstrained build operations Thread 8" [_thread_blocked, id=9456, stack(0x000000ac97a00000,0x000000ac97b00000)]
  0x000001af152f2000 JavaThread "Unconstrained build operations Thread 9" [_thread_blocked, id=20524, stack(0x000000ac97b00000,0x000000ac97c00000)]
  0x000001af152f3000 JavaThread "Unconstrained build operations Thread 10" [_thread_blocked, id=16832, stack(0x000000ac97c00000,0x000000ac97d00000)]
  0x000001af152f3800 JavaThread "Unconstrained build operations Thread 11" [_thread_blocked, id=11748, stack(0x000000ac97d00000,0x000000ac97e00000)]
  0x000001af152ef800 JavaThread "Unconstrained build operations Thread 12" [_thread_blocked, id=7008, stack(0x000000ac97e00000,0x000000ac97f00000)]
  0x000001af152f0800 JavaThread "Unconstrained build operations Thread 13" [_thread_blocked, id=9712, stack(0x000000ac97f00000,0x000000ac98000000)]
  0x000001af152ee000 JavaThread "Unconstrained build operations Thread 14" [_thread_blocked, id=21020, stack(0x000000ac98000000,0x000000ac98100000)]
  0x000001af152f4800 JavaThread "Unconstrained build operations Thread 15" [_thread_blocked, id=10064, stack(0x000000ac98100000,0x000000ac98200000)]
  0x000001af152ee800 JavaThread "Unconstrained build operations Thread 16" [_thread_blocked, id=4244, stack(0x000000ac98200000,0x000000ac98300000)]
  0x000001af152f5000 JavaThread "Unconstrained build operations Thread 17" [_thread_blocked, id=21000, stack(0x000000ac98300000,0x000000ac98400000)]
  0x000001af152f7800 JavaThread "Unconstrained build operations Thread 18" [_thread_blocked, id=4580, stack(0x000000ac98400000,0x000000ac98500000)]
  0x000001af152f9800 JavaThread "Unconstrained build operations Thread 19" [_thread_blocked, id=15688, stack(0x000000ac98500000,0x000000ac98600000)]
  0x000001af152f8800 JavaThread "Unconstrained build operations Thread 20" [_thread_blocked, id=4784, stack(0x000000ac98600000,0x000000ac98700000)]
  0x000001af152fa000 JavaThread "Unconstrained build operations Thread 21" [_thread_blocked, id=13416, stack(0x000000ac98700000,0x000000ac98800000)]
  0x000001af152fb000 JavaThread "Unconstrained build operations Thread 22" [_thread_blocked, id=18656, stack(0x000000ac98800000,0x000000ac98900000)]
  0x000001af152fc000 JavaThread "Unconstrained build operations Thread 23" [_thread_blocked, id=2604, stack(0x000000ac98900000,0x000000ac98a00000)]
  0x000001af152f6000 JavaThread "Unconstrained build operations Thread 24" [_thread_blocked, id=8012, stack(0x000000ac98a00000,0x000000ac98b00000)]
  0x000001af152fc800 JavaThread "Unconstrained build operations Thread 25" [_thread_blocked, id=3764, stack(0x000000ac98b00000,0x000000ac98c00000)]
  0x000001af152f7000 JavaThread "Unconstrained build operations Thread 26" [_thread_blocked, id=5872, stack(0x000000ac98c00000,0x000000ac98d00000)]
  0x000001af13fcb800 JavaThread "Unconstrained build operations Thread 27" [_thread_blocked, id=21036, stack(0x000000ac98d00000,0x000000ac98e00000)]
  0x000001af13fc8000 JavaThread "Unconstrained build operations Thread 28" [_thread_blocked, id=16260, stack(0x000000ac98e00000,0x000000ac98f00000)]
  0x000001af13fca000 JavaThread "Unconstrained build operations Thread 29" [_thread_blocked, id=3436, stack(0x000000ac98f00000,0x000000ac99000000)]
  0x000001af13fca800 JavaThread "Unconstrained build operations Thread 30" [_thread_blocked, id=18124, stack(0x000000ac99000000,0x000000ac99100000)]
  0x000001af13fc9000 JavaThread "Unconstrained build operations Thread 31" [_thread_blocked, id=5496, stack(0x000000ac99100000,0x000000ac99200000)]
  0x000001af13fcc800 JavaThread "Unconstrained build operations Thread 32" [_thread_blocked, id=21792, stack(0x000000ac99200000,0x000000ac99300000)]
  0x000001af13fce000 JavaThread "Unconstrained build operations Thread 33" [_thread_blocked, id=18892, stack(0x000000ac99300000,0x000000ac99400000)]
  0x000001af13fd3000 JavaThread "Unconstrained build operations Thread 34" [_thread_blocked, id=21484, stack(0x000000ac99400000,0x000000ac99500000)]
  0x000001af13fcd000 JavaThread "Unconstrained build operations Thread 35" [_thread_blocked, id=9692, stack(0x000000ac99500000,0x000000ac99600000)]
  0x000001af13fd3800 JavaThread "Unconstrained build operations Thread 36" [_thread_blocked, id=3940, stack(0x000000ac99600000,0x000000ac99700000)]
  0x000001af13fcf000 JavaThread "Unconstrained build operations Thread 37" [_thread_blocked, id=21956, stack(0x000000ac99700000,0x000000ac99800000)]
  0x000001af13fd2000 JavaThread "Unconstrained build operations Thread 38" [_thread_blocked, id=1652, stack(0x000000ac99800000,0x000000ac99900000)]
  0x000001af13fcf800 JavaThread "Unconstrained build operations Thread 39" [_thread_blocked, id=19464, stack(0x000000ac99900000,0x000000ac99a00000)]
  0x000001af13fd1000 JavaThread "Unconstrained build operations Thread 40" [_thread_blocked, id=20328, stack(0x000000ac99a00000,0x000000ac99b00000)]

Other Threads:
=>0x000001af7f1e9800 VMThread "VM Thread" [stack: 0x000000ac94800000,0x000000ac94900000] [id=11988]
  0x000001af7fcfe800 WatcherThread [stack: 0x000000ac95200000,0x000000ac95300000] [id=15852]
  0x000001af78635000 GCTaskThread "GC Thread#0" [stack: 0x000000ac94300000,0x000000ac94400000] [id=15380]
  0x000001af138f1000 GCTaskThread "GC Thread#1" [stack: 0x000000ac95400000,0x000000ac95500000] [id=14340]
  0x000001af13a06000 GCTaskThread "GC Thread#2" [stack: 0x000000ac95600000,0x000000ac95700000] [id=16440]
  0x000001af1435d800 GCTaskThread "GC Thread#3" [stack: 0x000000ac95700000,0x000000ac95800000] [id=12808]
  0x000001af78667000 ConcurrentGCThread "G1 Main Marker" [stack: 0x000000ac94400000,0x000000ac94500000] [id=12476]
  0x000001af78668000 ConcurrentGCThread "G1 Conc#0" [stack: 0x000000ac94500000,0x000000ac94600000] [id=10960]
  0x000001af786e3000 ConcurrentGCThread "G1 Refine#0" [stack: 0x000000ac94600000,0x000000ac94700000] [id=16828]
  0x000001af14ee8800 ConcurrentGCThread "G1 Refine#1" [stack: 0x000000ac95800000,0x000000ac95900000] [id=5472]
  0x000001af786e4000 ConcurrentGCThread "G1 Young RemSet Sampling" [stack: 0x000000ac94700000,0x000000ac94800000] [id=17600]

Threads with active compile tasks:
C2 CompilerThread0 207709 11896       4       org.objectweb.asm.MethodWriter::putMethodInfo (1274 bytes)

VM state:at safepoint (normal execution)

VM Mutex/Monitor currently owned by a thread:  ([mutex/lock_event])
[0x000001af78619ac0] Threads_lock - owner thread: 0x000001af7f1e9800
[0x000001af786191c0] Heap_lock - owner thread: 0x000001af15048000

Heap address: 0x0000000080000000, size: 2048 MB, Compressed Oops mode: 32-bit
Narrow klass base: 0x0000000000000000, Narrow klass shift: 3
Compressed class space size: 1073741824 Address: 0x0000000100000000

Heap:
 garbage-first heap   total 727040K, used 85195K [0x0000000080000000, 0x0000000100000000)
  region size 1024K, 2 young (2048K), 2 survivors (2048K)
 Metaspace       used 67411K, capacity 69302K, committed 69532K, reserved 1110016K
  class space    used 8245K, capacity 8924K, committed 9036K, reserved 1048576K
Heap Regions: E=young(eden), S=young(survivor), O=old, HS=humongous(starts), HC=humongous(continues), CS=collection set, F=free, A=archive, TAMS=top-at-mark-start (previous, next)
|   0|0x0000000080000000, 0x0000000080100000, 0x0000000080100000|100%| O|  |TAMS 0x0000000080100000, 0x0000000080000000| Untracked 
|   1|0x0000000080100000, 0x0000000080200000, 0x0000000080200000|100%| O|  |TAMS 0x0000000080200000, 0x0000000080100000| Untracked 
|   2|0x0000000080200000, 0x0000000080300000, 0x0000000080300000|100%| O|  |TAMS 0x0000000080300000, 0x0000000080200000| Untracked 
|   3|0x0000000080300000, 0x0000000080400000, 0x0000000080400000|100%|HS|  |TAMS 0x0000000080400000, 0x0000000080300000| Complete 
|   4|0x0000000080400000, 0x0000000080500000, 0x0000000080500000|100%|HC|  |TAMS 0x0000000080500000, 0x0000000080400000| Complete 
|   5|0x0000000080500000, 0x0000000080600000, 0x0000000080600000|100%|HC|  |TAMS 0x0000000080600000, 0x0000000080500000| Complete 
|   6|0x0000000080600000, 0x0000000080700000, 0x0000000080700000|100%| O|  |TAMS 0x0000000080700000, 0x0000000080600000| Untracked 
|   7|0x0000000080700000, 0x0000000080800000, 0x0000000080800000|100%| O|  |TAMS 0x0000000080800000, 0x0000000080700000| Untracked 
|   8|0x0000000080800000, 0x0000000080900000, 0x0000000080900000|100%| O|  |TAMS 0x0000000080900000, 0x0000000080800000| Untracked 
|   9|0x0000000080900000, 0x0000000080a00000, 0x0000000080a00000|100%| O|  |TAMS 0x0000000080a00000, 0x0000000080900000| Untracked 
|  10|0x0000000080a00000, 0x0000000080b00000, 0x0000000080b00000|100%| O|  |TAMS 0x0000000080b00000, 0x0000000080a00000| Untracked 
|  11|0x0000000080b00000, 0x0000000080c00000, 0x0000000080c00000|100%| O|  |TAMS 0x0000000080c00000, 0x0000000080b00000| Untracked 
|  12|0x0000000080c00000, 0x0000000080d00000, 0x0000000080d00000|100%| O|  |TAMS 0x0000000080d00000, 0x0000000080c00000| Untracked 
|  13|0x0000000080d00000, 0x0000000080e00000, 0x0000000080e00000|100%| O|  |TAMS 0x0000000080e00000, 0x0000000080d00000| Untracked 
|  14|0x0000000080e00000, 0x0000000080f00000, 0x0000000080f00000|100%| O|  |TAMS 0x0000000080f00000, 0x0000000080e00000| Untracked 
|  15|0x0000000080f00000, 0x0000000081000000, 0x0000000081000000|100%|HS|  |TAMS 0x0000000081000000, 0x0000000080f00000| Complete 
|  16|0x0000000081000000, 0x0000000081100000, 0x0000000081100000|100%|HC|  |TAMS 0x0000000081100000, 0x0000000081000000| Complete 
|  17|0x0000000081100000, 0x0000000081200000, 0x0000000081200000|100%|HS|  |TAMS 0x0000000081200000, 0x0000000081100000| Complete 
|  18|0x0000000081200000, 0x0000000081300000, 0x0000000081300000|100%|HC|  |TAMS 0x0000000081300000, 0x0000000081200000| Complete 
|  19|0x0000000081300000, 0x0000000081400000, 0x0000000081400000|100%|HC|  |TAMS 0x0000000081400000, 0x0000000081300000| Complete 
|  20|0x0000000081400000, 0x0000000081500000, 0x0000000081500000|100%|HS|  |TAMS 0x0000000081500000, 0x0000000081400000| Complete 
|  21|0x0000000081500000, 0x0000000081600000, 0x0000000081600000|100%|HC|  |TAMS 0x0000000081600000, 0x0000000081500000| Complete 
|  22|0x0000000081600000, 0x0000000081700000, 0x0000000081700000|100%|HC|  |TAMS 0x0000000081700000, 0x0000000081600000| Complete 
|  23|0x0000000081700000, 0x0000000081800000, 0x0000000081800000|100%|HC|  |TAMS 0x0000000081800000, 0x0000000081700000| Complete 
|  24|0x0000000081800000, 0x0000000081900000, 0x0000000081900000|100%| O|  |TAMS 0x0000000081900000, 0x0000000081800000| Untracked 
|  25|0x0000000081900000, 0x0000000081a00000, 0x0000000081a00000|100%| O|  |TAMS 0x0000000081a00000, 0x0000000081900000| Untracked 
|  26|0x0000000081a00000, 0x0000000081b00000, 0x0000000081b00000|100%| O|  |TAMS 0x0000000081b00000, 0x0000000081a00000| Untracked 
|  27|0x0000000081b00000, 0x0000000081c00000, 0x0000000081c00000|100%| O|  |TAMS 0x0000000081c00000, 0x0000000081b00000| Untracked 
|  28|0x0000000081c00000, 0x0000000081d00000, 0x0000000081d00000|100%| O|  |TAMS 0x0000000081d00000, 0x0000000081c00000| Untracked 
|  29|0x0000000081d00000, 0x0000000081e00000, 0x0000000081e00000|100%| O|  |TAMS 0x0000000081e00000, 0x0000000081d00000| Untracked 
|  30|0x0000000081e00000, 0x0000000081f00000, 0x0000000081f00000|100%| O|  |TAMS 0x0000000081f00000, 0x0000000081e00000| Untracked 
|  31|0x0000000081f00000, 0x0000000082000000, 0x0000000082000000|100%| O|  |TAMS 0x0000000082000000, 0x0000000081f00000| Untracked 
|  32|0x0000000082000000, 0x0000000082100000, 0x0000000082100000|100%| O|  |TAMS 0x0000000082100000, 0x0000000082000000| Untracked 
|  33|0x0000000082100000, 0x0000000082200000, 0x0000000082200000|100%| O|  |TAMS 0x0000000082200000, 0x0000000082100000| Untracked 
|  34|0x0000000082200000, 0x0000000082300000, 0x0000000082300000|100%| O|  |TAMS 0x0000000082300000, 0x0000000082200000| Untracked 
|  35|0x0000000082300000, 0x0000000082400000, 0x0000000082400000|100%| O|  |TAMS 0x0000000082400000, 0x0000000082300000| Untracked 
|  36|0x0000000082400000, 0x0000000082500000, 0x0000000082500000|100%| O|  |TAMS 0x0000000082500000, 0x0000000082400000| Untracked 
|  37|0x0000000082500000, 0x0000000082600000, 0x0000000082600000|100%| O|  |TAMS 0x0000000082600000, 0x0000000082500000| Untracked 
|  38|0x0000000082600000, 0x0000000082700000, 0x0000000082700000|100%| O|  |TAMS 0x0000000082700000, 0x0000000082600000| Untracked 
|  39|0x0000000082700000, 0x0000000082800000, 0x0000000082800000|100%| O|  |TAMS 0x0000000082800000, 0x0000000082700000| Untracked 
|  40|0x0000000082800000, 0x0000000082900000, 0x0000000082900000|100%| O|  |TAMS 0x0000000082900000, 0x0000000082800000| Untracked 
|  41|0x0000000082900000, 0x0000000082a00000, 0x0000000082a00000|100%| O|  |TAMS 0x0000000082a00000, 0x0000000082900000| Untracked 
|  42|0x0000000082a00000, 0x0000000082b00000, 0x0000000082b00000|100%| O|  |TAMS 0x0000000082b00000, 0x0000000082a00000| Untracked 
|  43|0x0000000082b00000, 0x0000000082c00000, 0x0000000082c00000|100%| O|  |TAMS 0x0000000082c00000, 0x0000000082b00000| Untracked 
|  44|0x0000000082c00000, 0x0000000082d00000, 0x0000000082d00000|100%| O|  |TAMS 0x0000000082d00000, 0x0000000082c00000| Untracked 
|  45|0x0000000082d00000, 0x0000000082e00000, 0x0000000082e00000|100%| O|  |TAMS 0x0000000082d00000, 0x0000000082d00000| Untracked 
|  46|0x0000000082e00000, 0x0000000082f00000, 0x0000000082f00000|100%| O|  |TAMS 0x0000000082e00000, 0x0000000082e00000| Untracked 
|  47|0x0000000082f00000, 0x0000000083000000, 0x0000000083000000|100%| O|  |TAMS 0x0000000082f00000, 0x0000000082f00000| Untracked 
|  48|0x0000000083000000, 0x0000000083100000, 0x0000000083100000|100%| O|  |TAMS 0x0000000083000000, 0x0000000083000000| Untracked 
|  49|0x0000000083100000, 0x0000000083200000, 0x0000000083200000|100%| O|  |TAMS 0x0000000083200000, 0x0000000083100000| Untracked 
|  50|0x0000000083200000, 0x0000000083300000, 0x0000000083300000|100%| O|  |TAMS 0x0000000083300000, 0x0000000083200000| Untracked 
|  51|0x0000000083300000, 0x0000000083400000, 0x0000000083400000|100%| O|  |TAMS 0x0000000083400000, 0x0000000083300000| Untracked 
|  52|0x0000000083400000, 0x0000000083500000, 0x0000000083500000|100%| O|  |TAMS 0x00000000834d4800, 0x0000000083400000| Untracked 
|  53|0x0000000083500000, 0x0000000083600000, 0x0000000083600000|100%| O|  |TAMS 0x0000000083500000, 0x0000000083500000| Untracked 
|  54|0x0000000083600000, 0x0000000083700000, 0x0000000083700000|100%| O|  |TAMS 0x0000000083600000, 0x0000000083600000| Untracked 
|  55|0x0000000083700000, 0x0000000083800000, 0x0000000083800000|100%|HS|  |TAMS 0x0000000083700000, 0x0000000083700000| Complete 
|  56|0x0000000083800000, 0x0000000083900000, 0x0000000083900000|100%|HC|  |TAMS 0x0000000083800000, 0x0000000083800000| Complete 
|  57|0x0000000083900000, 0x0000000083a00000, 0x0000000083a00000|100%|HC|  |TAMS 0x0000000083900000, 0x0000000083900000| Complete 
|  58|0x0000000083a00000, 0x0000000083b00000, 0x0000000083b00000|100%|HC|  |TAMS 0x0000000083a00000, 0x0000000083a00000| Complete 
|  59|0x0000000083b00000, 0x0000000083c00000, 0x0000000083c00000|100%|HS|  |TAMS 0x0000000083b00000, 0x0000000083b00000| Complete 
|  60|0x0000000083c00000, 0x0000000083d00000, 0x0000000083d00000|100%|HC|  |TAMS 0x0000000083c00000, 0x0000000083c00000| Complete 
|  61|0x0000000083d00000, 0x0000000083e00000, 0x0000000083e00000|100%|HC|  |TAMS 0x0000000083d00000, 0x0000000083d00000| Complete 
|  62|0x0000000083e00000, 0x0000000083f00000, 0x0000000083f00000|100%| O|  |TAMS 0x0000000083e00000, 0x0000000083e00000| Untracked 
|  63|0x0000000083f00000, 0x0000000084000000, 0x0000000084000000|100%| O|  |TAMS 0x0000000083f00000, 0x0000000083f00000| Untracked 
|  64|0x0000000084000000, 0x0000000084100000, 0x0000000084100000|100%| O|  |TAMS 0x0000000084000000, 0x0000000084000000| Untracked 
|  65|0x0000000084100000, 0x0000000084200000, 0x0000000084200000|100%| O|  |TAMS 0x0000000084100000, 0x0000000084100000| Untracked 
|  66|0x0000000084200000, 0x0000000084300000, 0x0000000084300000|100%| O|  |TAMS 0x0000000084200000, 0x0000000084200000| Untracked 
|  67|0x0000000084300000, 0x0000000084400000, 0x0000000084400000|100%| O|  |TAMS 0x0000000084300000, 0x0000000084300000| Untracked 
|  68|0x0000000084400000, 0x0000000084500000, 0x0000000084500000|100%| O|  |TAMS 0x0000000084400000, 0x0000000084400000| Untracked 
|  69|0x0000000084500000, 0x0000000084600000, 0x0000000084600000|100%| O|  |TAMS 0x0000000084500000, 0x0000000084500000| Untracked 
|  70|0x0000000084600000, 0x0000000084700000, 0x0000000084700000|100%| O|  |TAMS 0x0000000084600000, 0x0000000084600000| Untracked 
|  71|0x0000000084700000, 0x0000000084800000, 0x0000000084800000|100%| O|  |TAMS 0x0000000084700000, 0x0000000084700000| Untracked 
|  72|0x0000000084800000, 0x0000000084900000, 0x0000000084900000|100%| O|  |TAMS 0x0000000084800000, 0x0000000084800000| Untracked 
|  73|0x0000000084900000, 0x0000000084a00000, 0x0000000084a00000|100%| O|  |TAMS 0x0000000084900000, 0x0000000084900000| Untracked 
|  74|0x0000000084a00000, 0x0000000084adf600, 0x0000000084b00000| 87%| O|  |TAMS 0x0000000084a00000, 0x0000000084a00000| Untracked 
|  75|0x0000000084b00000, 0x0000000084c00000, 0x0000000084c00000|100%| O|  |TAMS 0x0000000084b00000, 0x0000000084b00000| Untracked 
|  76|0x0000000084c00000, 0x0000000084d00000, 0x0000000084d00000|100%| O|  |TAMS 0x0000000084c00000, 0x0000000084c00000| Untracked 
|  77|0x0000000084d00000, 0x0000000084d00000, 0x0000000084e00000|  0%| F|  |TAMS 0x0000000084d00000, 0x0000000084d00000| Untracked 
|  78|0x0000000084e00000, 0x0000000084f00000, 0x0000000084f00000|100%| O|  |TAMS 0x0000000084e00000, 0x0000000084e00000| Untracked 
|  79|0x0000000084f00000, 0x0000000085000000, 0x0000000085000000|100%| O|  |TAMS 0x0000000084f00000, 0x0000000084f00000| Untracked 
|  80|0x0000000085000000, 0x0000000085000000, 0x0000000085100000|  0%| F|  |TAMS 0x0000000085000000, 0x0000000085000000| Untracked 
|  81|0x0000000085100000, 0x0000000085100000, 0x0000000085200000|  0%| F|  |TAMS 0x0000000085100000, 0x0000000085100000| Untracked 
|  82|0x0000000085200000, 0x0000000085200000, 0x0000000085300000|  0%| F|  |TAMS 0x0000000085200000, 0x0000000085200000| Untracked 
|  83|0x0000000085300000, 0x0000000085400000, 0x0000000085400000|100%|HS|  |TAMS 0x0000000085300000, 0x0000000085300000| Complete 
|  84|0x0000000085400000, 0x0000000085500000, 0x0000000085500000|100%|HC|  |TAMS 0x0000000085400000, 0x0000000085400000| Complete 
|  85|0x0000000085500000, 0x0000000085600000, 0x0000000085600000|100%|HC|  |TAMS 0x0000000085500000, 0x0000000085500000| Complete 
|  86|0x0000000085600000, 0x0000000085600000, 0x0000000085700000|  0%| F|  |TAMS 0x0000000085600000, 0x0000000085600000| Untracked 
|  87|0x0000000085700000, 0x0000000085700000, 0x0000000085800000|  0%| F|  |TAMS 0x0000000085700000, 0x0000000085700000| Untracked 
|  88|0x0000000085800000, 0x0000000085800000, 0x0000000085900000|  0%| F|  |TAMS 0x0000000085800000, 0x0000000085800000| Untracked 
|  89|0x0000000085900000, 0x0000000085900000, 0x0000000085a00000|  0%| F|  |TAMS 0x0000000085900000, 0x0000000085900000| Untracked 
|  90|0x0000000085a00000, 0x0000000085a00000, 0x0000000085b00000|  0%| F|  |TAMS 0x0000000085a00000, 0x0000000085a00000| Untracked 
|  91|0x0000000085b00000, 0x0000000085b00000, 0x0000000085c00000|  0%| F|  |TAMS 0x0000000085b00000, 0x0000000085b00000| Untracked 
|  92|0x0000000085c00000, 0x0000000085c00000, 0x0000000085d00000|  0%| F|  |TAMS 0x0000000085c00000, 0x0000000085c00000| Untracked 
|  93|0x0000000085d00000, 0x0000000085d00000, 0x0000000085e00000|  0%| F|  |TAMS 0x0000000085d00000, 0x0000000085d00000| Untracked 
|  94|0x0000000085e00000, 0x0000000085e00000, 0x0000000085f00000|  0%| F|  |TAMS 0x0000000085e00000, 0x0000000085e00000| Untracked 
|  95|0x0000000085f00000, 0x0000000085f00000, 0x0000000086000000|  0%| F|  |TAMS 0x0000000085f00000, 0x0000000085f00000| Untracked 
|  96|0x0000000086000000, 0x0000000086000000, 0x0000000086100000|  0%| F|  |TAMS 0x0000000086000000, 0x0000000086000000| Untracked 
|  97|0x0000000086100000, 0x0000000086100000, 0x0000000086200000|  0%| F|  |TAMS 0x0000000086100000, 0x0000000086100000| Untracked 
|  98|0x0000000086200000, 0x0000000086200000, 0x0000000086300000|  0%| F|  |TAMS 0x0000000086200000, 0x0000000086200000| Untracked 
|  99|0x0000000086300000, 0x0000000086300000, 0x0000000086400000|  0%| F|  |TAMS 0x0000000086300000, 0x0000000086300000| Untracked 
| 100|0x0000000086400000, 0x0000000086400000, 0x0000000086500000|  0%| F|  |TAMS 0x0000000086400000, 0x0000000086400000| Untracked 
| 101|0x0000000086500000, 0x0000000086500000, 0x0000000086600000|  0%| F|  |TAMS 0x0000000086500000, 0x0000000086500000| Untracked 
| 102|0x0000000086600000, 0x0000000086600000, 0x0000000086700000|  0%| F|  |TAMS 0x0000000086600000, 0x0000000086600000| Untracked 
| 103|0x0000000086700000, 0x0000000086700000, 0x0000000086800000|  0%| F|  |TAMS 0x0000000086700000, 0x0000000086700000| Untracked 
| 104|0x0000000086800000, 0x0000000086800000, 0x0000000086900000|  0%| F|  |TAMS 0x0000000086800000, 0x0000000086800000| Untracked 
| 105|0x0000000086900000, 0x0000000086900000, 0x0000000086a00000|  0%| F|  |TAMS 0x0000000086900000, 0x0000000086900000| Untracked 
| 106|0x0000000086a00000, 0x0000000086a00000, 0x0000000086b00000|  0%| F|  |TAMS 0x0000000086a00000, 0x0000000086a00000| Untracked 
| 107|0x0000000086b00000, 0x0000000086b00000, 0x0000000086c00000|  0%| F|  |TAMS 0x0000000086b00000, 0x0000000086b00000| Untracked 
| 108|0x0000000086c00000, 0x0000000086c00000, 0x0000000086d00000|  0%| F|  |TAMS 0x0000000086c00000, 0x0000000086c00000| Untracked 
| 109|0x0000000086d00000, 0x0000000086d00000, 0x0000000086e00000|  0%| F|  |TAMS 0x0000000086d00000, 0x0000000086d00000| Untracked 
| 110|0x0000000086e00000, 0x0000000086e00000, 0x0000000086f00000|  0%| F|  |TAMS 0x0000000086e00000, 0x0000000086e00000| Untracked 
| 111|0x0000000086f00000, 0x0000000086f00000, 0x0000000087000000|  0%| F|  |TAMS 0x0000000086f00000, 0x0000000086f00000| Untracked 
| 112|0x0000000087000000, 0x0000000087000000, 0x0000000087100000|  0%| F|  |TAMS 0x0000000087000000, 0x0000000087000000| Untracked 
| 113|0x0000000087100000, 0x0000000087100000, 0x0000000087200000|  0%| F|  |TAMS 0x0000000087100000, 0x0000000087100000| Untracked 
| 114|0x0000000087200000, 0x0000000087200000, 0x0000000087300000|  0%| F|  |TAMS 0x0000000087200000, 0x0000000087200000| Untracked 
| 115|0x0000000087300000, 0x0000000087300000, 0x0000000087400000|  0%| F|  |TAMS 0x0000000087300000, 0x0000000087300000| Untracked 
| 116|0x0000000087400000, 0x0000000087400000, 0x0000000087500000|  0%| F|  |TAMS 0x0000000087400000, 0x0000000087400000| Untracked 
| 117|0x0000000087500000, 0x0000000087500000, 0x0000000087600000|  0%| F|  |TAMS 0x0000000087500000, 0x0000000087500000| Untracked 
| 118|0x0000000087600000, 0x0000000087600000, 0x0000000087700000|  0%| F|  |TAMS 0x0000000087600000, 0x0000000087600000| Untracked 
| 119|0x0000000087700000, 0x0000000087700000, 0x0000000087800000|  0%| F|  |TAMS 0x0000000087700000, 0x0000000087700000| Untracked 
| 120|0x0000000087800000, 0x0000000087800000, 0x0000000087900000|  0%| F|  |TAMS 0x0000000087800000, 0x0000000087800000| Untracked 
| 121|0x0000000087900000, 0x0000000087900000, 0x0000000087a00000|  0%| F|  |TAMS 0x0000000087900000, 0x0000000087900000| Untracked 
| 122|0x0000000087a00000, 0x0000000087a00000, 0x0000000087b00000|  0%| F|  |TAMS 0x0000000087a00000, 0x0000000087a00000| Untracked 
| 123|0x0000000087b00000, 0x0000000087b00000, 0x0000000087c00000|  0%| F|  |TAMS 0x0000000087b00000, 0x0000000087b00000| Untracked 
| 124|0x0000000087c00000, 0x0000000087c00000, 0x0000000087d00000|  0%| F|  |TAMS 0x0000000087c00000, 0x0000000087c00000| Untracked 
| 125|0x0000000087d00000, 0x0000000087d00000, 0x0000000087e00000|  0%| F|  |TAMS 0x0000000087d00000, 0x0000000087d00000| Untracked 
| 126|0x0000000087e00000, 0x0000000087e00000, 0x0000000087f00000|  0%| F|  |TAMS 0x0000000087e00000, 0x0000000087e00000| Untracked 
| 127|0x0000000087f00000, 0x0000000087f00000, 0x0000000088000000|  0%| F|  |TAMS 0x0000000087f00000, 0x0000000087f00000| Untracked 
| 128|0x0000000088000000, 0x0000000088000000, 0x0000000088100000|  0%| F|  |TAMS 0x0000000088000000, 0x0000000088000000| Untracked 
| 129|0x0000000088100000, 0x0000000088100000, 0x0000000088200000|  0%| F|  |TAMS 0x0000000088100000, 0x0000000088100000| Untracked 
| 130|0x0000000088200000, 0x0000000088200000, 0x0000000088300000|  0%| F|  |TAMS 0x0000000088200000, 0x0000000088200000| Untracked 
| 131|0x0000000088300000, 0x0000000088300000, 0x0000000088400000|  0%| F|  |TAMS 0x0000000088300000, 0x0000000088300000| Untracked 
| 132|0x0000000088400000, 0x0000000088400000, 0x0000000088500000|  0%| F|  |TAMS 0x0000000088400000, 0x0000000088400000| Untracked 
| 133|0x0000000088500000, 0x0000000088500000, 0x0000000088600000|  0%| F|  |TAMS 0x0000000088500000, 0x0000000088500000| Untracked 
| 134|0x0000000088600000, 0x0000000088600000, 0x0000000088700000|  0%| F|  |TAMS 0x0000000088600000, 0x0000000088600000| Untracked 
| 135|0x0000000088700000, 0x0000000088700000, 0x0000000088800000|  0%| F|  |TAMS 0x0000000088700000, 0x0000000088700000| Untracked 
| 136|0x0000000088800000, 0x0000000088800000, 0x0000000088900000|  0%| F|  |TAMS 0x0000000088800000, 0x0000000088800000| Untracked 
| 137|0x0000000088900000, 0x0000000088900000, 0x0000000088a00000|  0%| F|  |TAMS 0x0000000088900000, 0x0000000088900000| Untracked 
| 138|0x0000000088a00000, 0x0000000088a00000, 0x0000000088b00000|  0%| F|  |TAMS 0x0000000088a00000, 0x0000000088a00000| Untracked 
| 139|0x0000000088b00000, 0x0000000088b00000, 0x0000000088c00000|  0%| F|  |TAMS 0x0000000088b00000, 0x0000000088b00000| Untracked 
| 140|0x0000000088c00000, 0x0000000088c00000, 0x0000000088d00000|  0%| F|  |TAMS 0x0000000088c00000, 0x0000000088c00000| Untracked 
| 141|0x0000000088d00000, 0x0000000088d00000, 0x0000000088e00000|  0%| F|  |TAMS 0x0000000088d00000, 0x0000000088d00000| Untracked 
| 142|0x0000000088e00000, 0x0000000088e00000, 0x0000000088f00000|  0%| F|  |TAMS 0x0000000088e00000, 0x0000000088e00000| Untracked 
| 143|0x0000000088f00000, 0x0000000088f00000, 0x0000000089000000|  0%| F|  |TAMS 0x0000000088f00000, 0x0000000088f00000| Untracked 
| 144|0x0000000089000000, 0x0000000089000000, 0x0000000089100000|  0%| F|  |TAMS 0x0000000089000000, 0x0000000089000000| Untracked 
| 145|0x0000000089100000, 0x0000000089100000, 0x0000000089200000|  0%| F|  |TAMS 0x0000000089100000, 0x0000000089100000| Untracked 
| 146|0x0000000089200000, 0x0000000089200000, 0x0000000089300000|  0%| F|  |TAMS 0x0000000089200000, 0x0000000089200000| Untracked 
| 147|0x0000000089300000, 0x0000000089300000, 0x0000000089400000|  0%| F|  |TAMS 0x0000000089300000, 0x0000000089300000| Untracked 
| 148|0x0000000089400000, 0x0000000089400000, 0x0000000089500000|  0%| F|  |TAMS 0x0000000089400000, 0x0000000089400000| Untracked 
| 149|0x0000000089500000, 0x0000000089500000, 0x0000000089600000|  0%| F|  |TAMS 0x0000000089500000, 0x0000000089500000| Untracked 
| 150|0x0000000089600000, 0x0000000089600000, 0x0000000089700000|  0%| F|  |TAMS 0x0000000089600000, 0x0000000089600000| Untracked 
| 151|0x0000000089700000, 0x0000000089700000, 0x0000000089800000|  0%| F|  |TAMS 0x0000000089700000, 0x0000000089700000| Untracked 
| 152|0x0000000089800000, 0x0000000089800000, 0x0000000089900000|  0%| F|  |TAMS 0x0000000089800000, 0x0000000089800000| Untracked 
| 153|0x0000000089900000, 0x0000000089900000, 0x0000000089a00000|  0%| F|  |TAMS 0x0000000089900000, 0x0000000089900000| Untracked 
| 154|0x0000000089a00000, 0x0000000089a00000, 0x0000000089b00000|  0%| F|  |TAMS 0x0000000089a00000, 0x0000000089a00000| Untracked 
| 155|0x0000000089b00000, 0x0000000089b00000, 0x0000000089c00000|  0%| F|  |TAMS 0x0000000089b00000, 0x0000000089b00000| Untracked 
| 156|0x0000000089c00000, 0x0000000089c00000, 0x0000000089d00000|  0%| F|  |TAMS 0x0000000089c00000, 0x0000000089c00000| Untracked 
| 157|0x0000000089d00000, 0x0000000089d00000, 0x0000000089e00000|  0%| F|  |TAMS 0x0000000089d00000, 0x0000000089d00000| Untracked 
| 158|0x0000000089e00000, 0x0000000089e00000, 0x0000000089f00000|  0%| F|  |TAMS 0x0000000089e00000, 0x0000000089e00000| Untracked 
| 159|0x0000000089f00000, 0x0000000089f00000, 0x000000008a000000|  0%| F|  |TAMS 0x0000000089f00000, 0x0000000089f00000| Untracked 
| 160|0x000000008a000000, 0x000000008a000000, 0x000000008a100000|  0%| F|  |TAMS 0x000000008a000000, 0x000000008a000000| Untracked 
| 161|0x000000008a100000, 0x000000008a100000, 0x000000008a200000|  0%| F|  |TAMS 0x000000008a100000, 0x000000008a100000| Untracked 
| 162|0x000000008a200000, 0x000000008a200000, 0x000000008a300000|  0%| F|  |TAMS 0x000000008a200000, 0x000000008a200000| Untracked 
| 163|0x000000008a300000, 0x000000008a300000, 0x000000008a400000|  0%| F|  |TAMS 0x000000008a300000, 0x000000008a300000| Untracked 
| 164|0x000000008a400000, 0x000000008a400000, 0x000000008a500000|  0%| F|  |TAMS 0x000000008a400000, 0x000000008a400000| Untracked 
| 165|0x000000008a500000, 0x000000008a500000, 0x000000008a600000|  0%| F|  |TAMS 0x000000008a500000, 0x000000008a500000| Untracked 
| 166|0x000000008a600000, 0x000000008a600000, 0x000000008a700000|  0%| F|  |TAMS 0x000000008a600000, 0x000000008a600000| Untracked 
| 167|0x000000008a700000, 0x000000008a700000, 0x000000008a800000|  0%| F|  |TAMS 0x000000008a700000, 0x000000008a700000| Untracked 
| 168|0x000000008a800000, 0x000000008a800000, 0x000000008a900000|  0%| F|  |TAMS 0x000000008a800000, 0x000000008a800000| Untracked 
| 169|0x000000008a900000, 0x000000008a900000, 0x000000008aa00000|  0%| F|  |TAMS 0x000000008a900000, 0x000000008a900000| Untracked 
| 170|0x000000008aa00000, 0x000000008aa00000, 0x000000008ab00000|  0%| F|  |TAMS 0x000000008aa00000, 0x000000008aa00000| Untracked 
| 171|0x000000008ab00000, 0x000000008ab00000, 0x000000008ac00000|  0%| F|  |TAMS 0x000000008ab00000, 0x000000008ab00000| Untracked 
| 172|0x000000008ac00000, 0x000000008ac00000, 0x000000008ad00000|  0%| F|  |TAMS 0x000000008ac00000, 0x000000008ac00000| Untracked 
| 173|0x000000008ad00000, 0x000000008ad00000, 0x000000008ae00000|  0%| F|  |TAMS 0x000000008ad00000, 0x000000008ad00000| Untracked 
| 174|0x000000008ae00000, 0x000000008ae00000, 0x000000008af00000|  0%| F|  |TAMS 0x000000008ae00000, 0x000000008ae00000| Untracked 
| 175|0x000000008af00000, 0x000000008af00000, 0x000000008b000000|  0%| F|  |TAMS 0x000000008af00000, 0x000000008af00000| Untracked 
| 176|0x000000008b000000, 0x000000008b000000, 0x000000008b100000|  0%| F|  |TAMS 0x000000008b000000, 0x000000008b000000| Untracked 
| 177|0x000000008b100000, 0x000000008b100000, 0x000000008b200000|  0%| F|  |TAMS 0x000000008b100000, 0x000000008b100000| Untracked 
| 178|0x000000008b200000, 0x000000008b200000, 0x000000008b300000|  0%| F|  |TAMS 0x000000008b200000, 0x000000008b200000| Untracked 
| 179|0x000000008b300000, 0x000000008b300000, 0x000000008b400000|  0%| F|  |TAMS 0x000000008b300000, 0x000000008b300000| Untracked 
| 180|0x000000008b400000, 0x000000008b400000, 0x000000008b500000|  0%| F|  |TAMS 0x000000008b400000, 0x000000008b400000| Untracked 
| 181|0x000000008b500000, 0x000000008b500000, 0x000000008b600000|  0%| F|  |TAMS 0x000000008b500000, 0x000000008b500000| Untracked 
| 182|0x000000008b600000, 0x000000008b600000, 0x000000008b700000|  0%| F|  |TAMS 0x000000008b600000, 0x000000008b600000| Untracked 
| 183|0x000000008b700000, 0x000000008b700000, 0x000000008b800000|  0%| F|  |TAMS 0x000000008b700000, 0x000000008b700000| Untracked 
| 184|0x000000008b800000, 0x000000008b800000, 0x000000008b900000|  0%| F|  |TAMS 0x000000008b800000, 0x000000008b800000| Untracked 
| 185|0x000000008b900000, 0x000000008b900000, 0x000000008ba00000|  0%| F|  |TAMS 0x000000008b900000, 0x000000008b900000| Untracked 
| 186|0x000000008ba00000, 0x000000008ba00000, 0x000000008bb00000|  0%| F|  |TAMS 0x000000008ba00000, 0x000000008ba00000| Untracked 
| 187|0x000000008bb00000, 0x000000008bb00000, 0x000000008bc00000|  0%| F|  |TAMS 0x000000008bb00000, 0x000000008bb00000| Untracked 
| 188|0x000000008bc00000, 0x000000008bc00000, 0x000000008bd00000|  0%| F|  |TAMS 0x000000008bc00000, 0x000000008bc00000| Untracked 
| 189|0x000000008bd00000, 0x000000008bd00000, 0x000000008be00000|  0%| F|  |TAMS 0x000000008bd00000, 0x000000008bd00000| Untracked 
| 190|0x000000008be00000, 0x000000008be00000, 0x000000008bf00000|  0%| F|  |TAMS 0x000000008be00000, 0x000000008be00000| Untracked 
| 191|0x000000008bf00000, 0x000000008bf00000, 0x000000008c000000|  0%| F|  |TAMS 0x000000008bf00000, 0x000000008bf00000| Untracked 
| 192|0x000000008c000000, 0x000000008c000000, 0x000000008c100000|  0%| F|  |TAMS 0x000000008c000000, 0x000000008c000000| Untracked 
| 193|0x000000008c100000, 0x000000008c100000, 0x000000008c200000|  0%| F|  |TAMS 0x000000008c100000, 0x000000008c100000| Untracked 
| 194|0x000000008c200000, 0x000000008c200000, 0x000000008c300000|  0%| F|  |TAMS 0x000000008c200000, 0x000000008c200000| Untracked 
| 195|0x000000008c300000, 0x000000008c300000, 0x000000008c400000|  0%| F|  |TAMS 0x000000008c300000, 0x000000008c300000| Untracked 
| 196|0x000000008c400000, 0x000000008c400000, 0x000000008c500000|  0%| F|  |TAMS 0x000000008c400000, 0x000000008c400000| Untracked 
| 197|0x000000008c500000, 0x000000008c500000, 0x000000008c600000|  0%| F|  |TAMS 0x000000008c500000, 0x000000008c500000| Untracked 
| 198|0x000000008c600000, 0x000000008c600000, 0x000000008c700000|  0%| F|  |TAMS 0x000000008c600000, 0x000000008c600000| Untracked 
| 199|0x000000008c700000, 0x000000008c700000, 0x000000008c800000|  0%| F|  |TAMS 0x000000008c700000, 0x000000008c700000| Untracked 
| 200|0x000000008c800000, 0x000000008c800000, 0x000000008c900000|  0%| F|  |TAMS 0x000000008c800000, 0x000000008c800000| Untracked 
| 201|0x000000008c900000, 0x000000008c900000, 0x000000008ca00000|  0%| F|  |TAMS 0x000000008c900000, 0x000000008c900000| Untracked 
| 202|0x000000008ca00000, 0x000000008ca00000, 0x000000008cb00000|  0%| F|  |TAMS 0x000000008ca00000, 0x000000008ca00000| Untracked 
| 203|0x000000008cb00000, 0x000000008cb00000, 0x000000008cc00000|  0%| F|  |TAMS 0x000000008cb00000, 0x000000008cb00000| Untracked 
| 204|0x000000008cc00000, 0x000000008cc00000, 0x000000008cd00000|  0%| F|  |TAMS 0x000000008cc00000, 0x000000008cc00000| Untracked 
| 205|0x000000008cd00000, 0x000000008cd00000, 0x000000008ce00000|  0%| F|  |TAMS 0x000000008cd00000, 0x000000008cd00000| Untracked 
| 206|0x000000008ce00000, 0x000000008ce00000, 0x000000008cf00000|  0%| F|  |TAMS 0x000000008ce00000, 0x000000008ce00000| Untracked 
| 207|0x000000008cf00000, 0x000000008cf00000, 0x000000008d000000|  0%| F|  |TAMS 0x000000008cf00000, 0x000000008cf00000| Untracked 
| 208|0x000000008d000000, 0x000000008d000000, 0x000000008d100000|  0%| F|  |TAMS 0x000000008d000000, 0x000000008d000000| Untracked 
| 209|0x000000008d100000, 0x000000008d100000, 0x000000008d200000|  0%| F|  |TAMS 0x000000008d100000, 0x000000008d100000| Untracked 
| 210|0x000000008d200000, 0x000000008d200000, 0x000000008d300000|  0%| F|  |TAMS 0x000000008d200000, 0x000000008d200000| Untracked 
| 211|0x000000008d300000, 0x000000008d300000, 0x000000008d400000|  0%| F|  |TAMS 0x000000008d300000, 0x000000008d300000| Untracked 
| 212|0x000000008d400000, 0x000000008d400000, 0x000000008d500000|  0%| F|  |TAMS 0x000000008d400000, 0x000000008d400000| Untracked 
| 213|0x000000008d500000, 0x000000008d500000, 0x000000008d600000|  0%| F|  |TAMS 0x000000008d500000, 0x000000008d500000| Untracked 
| 214|0x000000008d600000, 0x000000008d600000, 0x000000008d700000|  0%| F|  |TAMS 0x000000008d600000, 0x000000008d600000| Untracked 
| 215|0x000000008d700000, 0x000000008d700000, 0x000000008d800000|  0%| F|  |TAMS 0x000000008d700000, 0x000000008d700000| Untracked 
| 216|0x000000008d800000, 0x000000008d800000, 0x000000008d900000|  0%| F|  |TAMS 0x000000008d800000, 0x000000008d800000| Untracked 
| 217|0x000000008d900000, 0x000000008d900000, 0x000000008da00000|  0%| F|  |TAMS 0x000000008d900000, 0x000000008d900000| Untracked 
| 218|0x000000008da00000, 0x000000008da00000, 0x000000008db00000|  0%| F|  |TAMS 0x000000008da00000, 0x000000008da00000| Untracked 
| 219|0x000000008db00000, 0x000000008db00000, 0x000000008dc00000|  0%| F|  |TAMS 0x000000008db00000, 0x000000008db00000| Untracked 
| 220|0x000000008dc00000, 0x000000008dc00000, 0x000000008dd00000|  0%| F|  |TAMS 0x000000008dc00000, 0x000000008dc00000| Untracked 
| 221|0x000000008dd00000, 0x000000008dd00000, 0x000000008de00000|  0%| F|  |TAMS 0x000000008dd00000, 0x000000008dd00000| Untracked 
| 222|0x000000008de00000, 0x000000008de00000, 0x000000008df00000|  0%| F|  |TAMS 0x000000008de00000, 0x000000008de00000| Untracked 
| 223|0x000000008df00000, 0x000000008df00000, 0x000000008e000000|  0%| F|  |TAMS 0x000000008df00000, 0x000000008df00000| Untracked 
| 224|0x000000008e000000, 0x000000008e000000, 0x000000008e100000|  0%| F|  |TAMS 0x000000008e000000, 0x000000008e000000| Untracked 
| 225|0x000000008e100000, 0x000000008e100000, 0x000000008e200000|  0%| F|  |TAMS 0x000000008e100000, 0x000000008e100000| Untracked 
| 226|0x000000008e200000, 0x000000008e200000, 0x000000008e300000|  0%| F|  |TAMS 0x000000008e200000, 0x000000008e200000| Untracked 
| 227|0x000000008e300000, 0x000000008e300000, 0x000000008e400000|  0%| F|  |TAMS 0x000000008e300000, 0x000000008e300000| Untracked 
| 228|0x000000008e400000, 0x000000008e400000, 0x000000008e500000|  0%| F|  |TAMS 0x000000008e400000, 0x000000008e400000| Untracked 
| 229|0x000000008e500000, 0x000000008e500000, 0x000000008e600000|  0%| F|  |TAMS 0x000000008e500000, 0x000000008e500000| Untracked 
| 230|0x000000008e600000, 0x000000008e600000, 0x000000008e700000|  0%| F|  |TAMS 0x000000008e600000, 0x000000008e600000| Untracked 
| 231|0x000000008e700000, 0x000000008e700000, 0x000000008e800000|  0%| F|  |TAMS 0x000000008e700000, 0x000000008e700000| Untracked 
| 232|0x000000008e800000, 0x000000008e800000, 0x000000008e900000|  0%| F|  |TAMS 0x000000008e800000, 0x000000008e800000| Untracked 
| 233|0x000000008e900000, 0x000000008e900000, 0x000000008ea00000|  0%| F|  |TAMS 0x000000008e900000, 0x000000008e900000| Untracked 
| 234|0x000000008ea00000, 0x000000008ea00000, 0x000000008eb00000|  0%| F|  |TAMS 0x000000008ea00000, 0x000000008ea00000| Untracked 
| 235|0x000000008eb00000, 0x000000008eb00000, 0x000000008ec00000|  0%| F|  |TAMS 0x000000008eb00000, 0x000000008eb00000| Untracked 
| 236|0x000000008ec00000, 0x000000008ec00000, 0x000000008ed00000|  0%| F|  |TAMS 0x000000008ec00000, 0x000000008ec00000| Untracked 
| 237|0x000000008ed00000, 0x000000008ed00000, 0x000000008ee00000|  0%| F|  |TAMS 0x000000008ed00000, 0x000000008ed00000| Untracked 
| 238|0x000000008ee00000, 0x000000008ee00000, 0x000000008ef00000|  0%| F|  |TAMS 0x000000008ee00000, 0x000000008ee00000| Untracked 
| 239|0x000000008ef00000, 0x000000008ef00000, 0x000000008f000000|  0%| F|  |TAMS 0x000000008ef00000, 0x000000008ef00000| Untracked 
| 240|0x000000008f000000, 0x000000008f000000, 0x000000008f100000|  0%| F|  |TAMS 0x000000008f000000, 0x000000008f000000| Untracked 
| 241|0x000000008f100000, 0x000000008f100000, 0x000000008f200000|  0%| F|  |TAMS 0x000000008f100000, 0x000000008f100000| Untracked 
| 242|0x000000008f200000, 0x000000008f200000, 0x000000008f300000|  0%| F|  |TAMS 0x000000008f200000, 0x000000008f200000| Untracked 
| 243|0x000000008f300000, 0x000000008f300000, 0x000000008f400000|  0%| F|  |TAMS 0x000000008f300000, 0x000000008f300000| Untracked 
| 244|0x000000008f400000, 0x000000008f400000, 0x000000008f500000|  0%| F|  |TAMS 0x000000008f400000, 0x000000008f400000| Untracked 
| 245|0x000000008f500000, 0x000000008f500000, 0x000000008f600000|  0%| F|  |TAMS 0x000000008f500000, 0x000000008f500000| Untracked 
| 246|0x000000008f600000, 0x000000008f600000, 0x000000008f700000|  0%| F|  |TAMS 0x000000008f600000, 0x000000008f600000| Untracked 
| 247|0x000000008f700000, 0x000000008f700000, 0x000000008f800000|  0%| F|  |TAMS 0x000000008f700000, 0x000000008f700000| Untracked 
| 248|0x000000008f800000, 0x000000008f800000, 0x000000008f900000|  0%| F|  |TAMS 0x000000008f800000, 0x000000008f800000| Untracked 
| 249|0x000000008f900000, 0x000000008f900000, 0x000000008fa00000|  0%| F|  |TAMS 0x000000008f900000, 0x000000008f900000| Untracked 
| 250|0x000000008fa00000, 0x000000008fa00000, 0x000000008fb00000|  0%| F|  |TAMS 0x000000008fa00000, 0x000000008fa00000| Untracked 
| 251|0x000000008fb00000, 0x000000008fb00000, 0x000000008fc00000|  0%| F|  |TAMS 0x000000008fb00000, 0x000000008fb00000| Untracked 
| 252|0x000000008fc00000, 0x000000008fc00000, 0x000000008fd00000|  0%| F|  |TAMS 0x000000008fc00000, 0x000000008fc00000| Untracked 
| 253|0x000000008fd00000, 0x000000008fd00000, 0x000000008fe00000|  0%| F|  |TAMS 0x000000008fd00000, 0x000000008fd00000| Untracked 
| 254|0x000000008fe00000, 0x000000008fe00000, 0x000000008ff00000|  0%| F|  |TAMS 0x000000008fe00000, 0x000000008fe00000| Untracked 
| 255|0x000000008ff00000, 0x000000008ff00000, 0x0000000090000000|  0%| F|  |TAMS 0x000000008ff00000, 0x000000008ff00000| Untracked 
| 256|0x0000000090000000, 0x0000000090000000, 0x0000000090100000|  0%| F|  |TAMS 0x0000000090000000, 0x0000000090000000| Untracked 
| 257|0x0000000090100000, 0x0000000090100000, 0x0000000090200000|  0%| F|  |TAMS 0x0000000090100000, 0x0000000090100000| Untracked 
| 258|0x0000000090200000, 0x0000000090200000, 0x0000000090300000|  0%| F|  |TAMS 0x0000000090200000, 0x0000000090200000| Untracked 
| 259|0x0000000090300000, 0x0000000090300000, 0x0000000090400000|  0%| F|  |TAMS 0x0000000090300000, 0x0000000090300000| Untracked 
| 260|0x0000000090400000, 0x0000000090400000, 0x0000000090500000|  0%| F|  |TAMS 0x0000000090400000, 0x0000000090400000| Untracked 
| 261|0x0000000090500000, 0x0000000090500000, 0x0000000090600000|  0%| F|  |TAMS 0x0000000090500000, 0x0000000090500000| Untracked 
| 262|0x0000000090600000, 0x0000000090600000, 0x0000000090700000|  0%| F|  |TAMS 0x0000000090600000, 0x0000000090600000| Untracked 
| 263|0x0000000090700000, 0x0000000090700000, 0x0000000090800000|  0%| F|  |TAMS 0x0000000090700000, 0x0000000090700000| Untracked 
| 264|0x0000000090800000, 0x0000000090800000, 0x0000000090900000|  0%| F|  |TAMS 0x0000000090800000, 0x0000000090800000| Untracked 
| 265|0x0000000090900000, 0x0000000090900000, 0x0000000090a00000|  0%| F|  |TAMS 0x0000000090900000, 0x0000000090900000| Untracked 
| 266|0x0000000090a00000, 0x0000000090a00000, 0x0000000090b00000|  0%| F|  |TAMS 0x0000000090a00000, 0x0000000090a00000| Untracked 
| 267|0x0000000090b00000, 0x0000000090b00000, 0x0000000090c00000|  0%| F|  |TAMS 0x0000000090b00000, 0x0000000090b00000| Untracked 
| 268|0x0000000090c00000, 0x0000000090c00000, 0x0000000090d00000|  0%| F|  |TAMS 0x0000000090c00000, 0x0000000090c00000| Untracked 
| 269|0x0000000090d00000, 0x0000000090d00000, 0x0000000090e00000|  0%| F|  |TAMS 0x0000000090d00000, 0x0000000090d00000| Untracked 
| 270|0x0000000090e00000, 0x0000000090e00000, 0x0000000090f00000|  0%| F|  |TAMS 0x0000000090e00000, 0x0000000090e00000| Untracked 
| 271|0x0000000090f00000, 0x0000000090f00000, 0x0000000091000000|  0%| F|  |TAMS 0x0000000090f00000, 0x0000000090f00000| Untracked 
| 272|0x0000000091000000, 0x0000000091000000, 0x0000000091100000|  0%| F|  |TAMS 0x0000000091000000, 0x0000000091000000| Untracked 
| 273|0x0000000091100000, 0x0000000091100000, 0x0000000091200000|  0%| F|  |TAMS 0x0000000091100000, 0x0000000091100000| Untracked 
| 274|0x0000000091200000, 0x0000000091200000, 0x0000000091300000|  0%| F|  |TAMS 0x0000000091200000, 0x0000000091200000| Untracked 
| 275|0x0000000091300000, 0x0000000091300000, 0x0000000091400000|  0%| F|  |TAMS 0x0000000091300000, 0x0000000091300000| Untracked 
| 276|0x0000000091400000, 0x0000000091400000, 0x0000000091500000|  0%| F|  |TAMS 0x0000000091400000, 0x0000000091400000| Untracked 
| 277|0x0000000091500000, 0x0000000091500000, 0x0000000091600000|  0%| F|  |TAMS 0x0000000091500000, 0x0000000091500000| Untracked 
| 278|0x0000000091600000, 0x0000000091600000, 0x0000000091700000|  0%| F|  |TAMS 0x0000000091600000, 0x0000000091600000| Untracked 
| 279|0x0000000091700000, 0x0000000091700000, 0x0000000091800000|  0%| F|  |TAMS 0x0000000091700000, 0x0000000091700000| Untracked 
| 280|0x0000000091800000, 0x0000000091800000, 0x0000000091900000|  0%| F|  |TAMS 0x0000000091800000, 0x0000000091800000| Untracked 
| 281|0x0000000091900000, 0x0000000091900000, 0x0000000091a00000|  0%| F|  |TAMS 0x0000000091900000, 0x0000000091900000| Untracked 
| 282|0x0000000091a00000, 0x0000000091a00000, 0x0000000091b00000|  0%| F|  |TAMS 0x0000000091a00000, 0x0000000091a00000| Untracked 
| 283|0x0000000091b00000, 0x0000000091b00000, 0x0000000091c00000|  0%| F|  |TAMS 0x0000000091b00000, 0x0000000091b00000| Untracked 
| 284|0x0000000091c00000, 0x0000000091c00000, 0x0000000091d00000|  0%| F|  |TAMS 0x0000000091c00000, 0x0000000091c00000| Untracked 
| 285|0x0000000091d00000, 0x0000000091d00000, 0x0000000091e00000|  0%| F|  |TAMS 0x0000000091d00000, 0x0000000091d00000| Untracked 
| 286|0x0000000091e00000, 0x0000000091e00000, 0x0000000091f00000|  0%| F|  |TAMS 0x0000000091e00000, 0x0000000091e00000| Untracked 
| 287|0x0000000091f00000, 0x0000000091f00000, 0x0000000092000000|  0%| F|  |TAMS 0x0000000091f00000, 0x0000000091f00000| Untracked 
| 288|0x0000000092000000, 0x0000000092000000, 0x0000000092100000|  0%| F|  |TAMS 0x0000000092000000, 0x0000000092000000| Untracked 
| 289|0x0000000092100000, 0x0000000092100000, 0x0000000092200000|  0%| F|  |TAMS 0x0000000092100000, 0x0000000092100000| Untracked 
| 290|0x0000000092200000, 0x0000000092200000, 0x0000000092300000|  0%| F|  |TAMS 0x0000000092200000, 0x0000000092200000| Untracked 
| 291|0x0000000092300000, 0x0000000092300000, 0x0000000092400000|  0%| F|  |TAMS 0x0000000092300000, 0x0000000092300000| Untracked 
| 292|0x0000000092400000, 0x0000000092400000, 0x0000000092500000|  0%| F|  |TAMS 0x0000000092400000, 0x0000000092400000| Untracked 
| 293|0x0000000092500000, 0x0000000092500000, 0x0000000092600000|  0%| F|  |TAMS 0x0000000092500000, 0x0000000092500000| Untracked 
| 294|0x0000000092600000, 0x0000000092600000, 0x0000000092700000|  0%| F|  |TAMS 0x0000000092600000, 0x0000000092600000| Untracked 
| 295|0x0000000092700000, 0x0000000092700000, 0x0000000092800000|  0%| F|  |TAMS 0x0000000092700000, 0x0000000092700000| Untracked 
| 296|0x0000000092800000, 0x0000000092800000, 0x0000000092900000|  0%| F|  |TAMS 0x0000000092800000, 0x0000000092800000| Untracked 
| 297|0x0000000092900000, 0x0000000092900000, 0x0000000092a00000|  0%| F|  |TAMS 0x0000000092900000, 0x0000000092900000| Untracked 
| 298|0x0000000092a00000, 0x0000000092a00000, 0x0000000092b00000|  0%| F|  |TAMS 0x0000000092a00000, 0x0000000092a00000| Untracked 
| 299|0x0000000092b00000, 0x0000000092b00000, 0x0000000092c00000|  0%| F|  |TAMS 0x0000000092b00000, 0x0000000092b00000| Untracked 
| 300|0x0000000092c00000, 0x0000000092c00000, 0x0000000092d00000|  0%| F|  |TAMS 0x0000000092c00000, 0x0000000092c00000| Untracked 
| 301|0x0000000092d00000, 0x0000000092d00000, 0x0000000092e00000|  0%| F|  |TAMS 0x0000000092d00000, 0x0000000092d00000| Untracked 
| 302|0x0000000092e00000, 0x0000000092e00000, 0x0000000092f00000|  0%| F|  |TAMS 0x0000000092e00000, 0x0000000092e00000| Untracked 
| 303|0x0000000092f00000, 0x0000000092f00000, 0x0000000093000000|  0%| F|  |TAMS 0x0000000092f00000, 0x0000000092f00000| Untracked 
| 304|0x0000000093000000, 0x0000000093000000, 0x0000000093100000|  0%| F|  |TAMS 0x0000000093000000, 0x0000000093000000| Untracked 
| 305|0x0000000093100000, 0x0000000093100000, 0x0000000093200000|  0%| F|  |TAMS 0x0000000093100000, 0x0000000093100000| Untracked 
| 306|0x0000000093200000, 0x0000000093200000, 0x0000000093300000|  0%| F|  |TAMS 0x0000000093200000, 0x0000000093200000| Untracked 
| 307|0x0000000093300000, 0x0000000093300000, 0x0000000093400000|  0%| F|  |TAMS 0x0000000093300000, 0x0000000093300000| Untracked 
| 308|0x0000000093400000, 0x0000000093400000, 0x0000000093500000|  0%| F|  |TAMS 0x0000000093400000, 0x0000000093400000| Untracked 
| 309|0x0000000093500000, 0x0000000093500000, 0x0000000093600000|  0%| F|  |TAMS 0x0000000093500000, 0x0000000093500000| Untracked 
| 310|0x0000000093600000, 0x0000000093600000, 0x0000000093700000|  0%| F|  |TAMS 0x0000000093600000, 0x0000000093600000| Untracked 
| 311|0x0000000093700000, 0x0000000093700000, 0x0000000093800000|  0%| F|  |TAMS 0x0000000093700000, 0x0000000093700000| Untracked 
| 312|0x0000000093800000, 0x0000000093800000, 0x0000000093900000|  0%| F|  |TAMS 0x0000000093800000, 0x0000000093800000| Untracked 
| 313|0x0000000093900000, 0x0000000093900000, 0x0000000093a00000|  0%| F|  |TAMS 0x0000000093900000, 0x0000000093900000| Untracked 
| 314|0x0000000093a00000, 0x0000000093a00000, 0x0000000093b00000|  0%| F|  |TAMS 0x0000000093a00000, 0x0000000093a00000| Untracked 
| 315|0x0000000093b00000, 0x0000000093b00000, 0x0000000093c00000|  0%| F|  |TAMS 0x0000000093b00000, 0x0000000093b00000| Untracked 
| 316|0x0000000093c00000, 0x0000000093c00000, 0x0000000093d00000|  0%| F|  |TAMS 0x0000000093c00000, 0x0000000093c00000| Untracked 
| 317|0x0000000093d00000, 0x0000000093d00000, 0x0000000093e00000|  0%| F|  |TAMS 0x0000000093d00000, 0x0000000093d00000| Untracked 
| 318|0x0000000093e00000, 0x0000000093e00000, 0x0000000093f00000|  0%| F|  |TAMS 0x0000000093e00000, 0x0000000093e00000| Untracked 
| 319|0x0000000093f00000, 0x0000000093f00000, 0x0000000094000000|  0%| F|  |TAMS 0x0000000093f00000, 0x0000000093f00000| Untracked 
| 320|0x0000000094000000, 0x0000000094000000, 0x0000000094100000|  0%| F|  |TAMS 0x0000000094000000, 0x0000000094000000| Untracked 
| 321|0x0000000094100000, 0x0000000094100000, 0x0000000094200000|  0%| F|  |TAMS 0x0000000094100000, 0x0000000094100000| Untracked 
| 322|0x0000000094200000, 0x0000000094200000, 0x0000000094300000|  0%| F|  |TAMS 0x0000000094200000, 0x0000000094200000| Untracked 
| 323|0x0000000094300000, 0x0000000094300000, 0x0000000094400000|  0%| F|  |TAMS 0x0000000094300000, 0x0000000094300000| Untracked 
| 324|0x0000000094400000, 0x0000000094400000, 0x0000000094500000|  0%| F|  |TAMS 0x0000000094400000, 0x0000000094400000| Untracked 
| 325|0x0000000094500000, 0x0000000094500000, 0x0000000094600000|  0%| F|  |TAMS 0x0000000094500000, 0x0000000094500000| Untracked 
| 326|0x0000000094600000, 0x0000000094600000, 0x0000000094700000|  0%| F|  |TAMS 0x0000000094600000, 0x0000000094600000| Untracked 
| 327|0x0000000094700000, 0x0000000094700000, 0x0000000094800000|  0%| F|  |TAMS 0x0000000094700000, 0x0000000094700000| Untracked 
| 328|0x0000000094800000, 0x0000000094800000, 0x0000000094900000|  0%| F|  |TAMS 0x0000000094800000, 0x0000000094800000| Untracked 
| 329|0x0000000094900000, 0x0000000094900000, 0x0000000094a00000|  0%| F|  |TAMS 0x0000000094900000, 0x0000000094900000| Untracked 
| 330|0x0000000094a00000, 0x0000000094a00000, 0x0000000094b00000|  0%| F|  |TAMS 0x0000000094a00000, 0x0000000094a00000| Untracked 
| 331|0x0000000094b00000, 0x0000000094b00000, 0x0000000094c00000|  0%| F|  |TAMS 0x0000000094b00000, 0x0000000094b00000| Untracked 
| 332|0x0000000094c00000, 0x0000000094c00000, 0x0000000094d00000|  0%| F|  |TAMS 0x0000000094c00000, 0x0000000094c00000| Untracked 
| 333|0x0000000094d00000, 0x0000000094d00000, 0x0000000094e00000|  0%| F|  |TAMS 0x0000000094d00000, 0x0000000094d00000| Untracked 
| 334|0x0000000094e00000, 0x0000000094e00000, 0x0000000094f00000|  0%| F|  |TAMS 0x0000000094e00000, 0x0000000094e00000| Untracked 
| 335|0x0000000094f00000, 0x0000000094f00000, 0x0000000095000000|  0%| F|  |TAMS 0x0000000094f00000, 0x0000000094f00000| Untracked 
| 336|0x0000000095000000, 0x0000000095000000, 0x0000000095100000|  0%| F|  |TAMS 0x0000000095000000, 0x0000000095000000| Untracked 
| 337|0x0000000095100000, 0x0000000095100000, 0x0000000095200000|  0%| F|  |TAMS 0x0000000095100000, 0x0000000095100000| Untracked 
| 338|0x0000000095200000, 0x0000000095200000, 0x0000000095300000|  0%| F|  |TAMS 0x0000000095200000, 0x0000000095200000| Untracked 
| 339|0x0000000095300000, 0x0000000095300000, 0x0000000095400000|  0%| F|  |TAMS 0x0000000095300000, 0x0000000095300000| Untracked 
| 340|0x0000000095400000, 0x0000000095400000, 0x0000000095500000|  0%| F|  |TAMS 0x0000000095400000, 0x0000000095400000| Untracked 
| 341|0x0000000095500000, 0x0000000095500000, 0x0000000095600000|  0%| F|  |TAMS 0x0000000095500000, 0x0000000095500000| Untracked 
| 342|0x0000000095600000, 0x0000000095600000, 0x0000000095700000|  0%| F|  |TAMS 0x0000000095600000, 0x0000000095600000| Untracked 
| 343|0x0000000095700000, 0x0000000095700000, 0x0000000095800000|  0%| F|  |TAMS 0x0000000095700000, 0x0000000095700000| Untracked 
| 344|0x0000000095800000, 0x0000000095800000, 0x0000000095900000|  0%| F|  |TAMS 0x0000000095800000, 0x0000000095800000| Untracked 
| 345|0x0000000095900000, 0x0000000095900000, 0x0000000095a00000|  0%| F|  |TAMS 0x0000000095900000, 0x0000000095900000| Untracked 
| 346|0x0000000095a00000, 0x0000000095a53880, 0x0000000095b00000| 32%| S|CS|TAMS 0x0000000095a00000, 0x0000000095a00000| Complete 
| 347|0x0000000095b00000, 0x0000000095c00000, 0x0000000095c00000|100%| S|CS|TAMS 0x0000000095b00000, 0x0000000095b00000| Complete 
| 348|0x0000000095c00000, 0x0000000095c00000, 0x0000000095d00000|  0%| F|  |TAMS 0x0000000095c00000, 0x0000000095c00000| Untracked 
| 349|0x0000000095d00000, 0x0000000095d00000, 0x0000000095e00000|  0%| F|  |TAMS 0x0000000095d00000, 0x0000000095d00000| Untracked 
| 350|0x0000000095e00000, 0x0000000095e00000, 0x0000000095f00000|  0%| F|  |TAMS 0x0000000095e00000, 0x0000000095e00000| Untracked 
| 351|0x0000000095f00000, 0x0000000095f00000, 0x0000000096000000|  0%| F|  |TAMS 0x0000000095f00000, 0x0000000095f00000| Untracked 
| 352|0x0000000096000000, 0x0000000096000000, 0x0000000096100000|  0%| F|  |TAMS 0x0000000096000000, 0x0000000096000000| Untracked 
| 353|0x0000000096100000, 0x0000000096100000, 0x0000000096200000|  0%| F|  |TAMS 0x0000000096100000, 0x0000000096100000| Untracked 
| 354|0x0000000096200000, 0x0000000096200000, 0x0000000096300000|  0%| F|  |TAMS 0x0000000096200000, 0x0000000096200000| Untracked 
| 355|0x0000000096300000, 0x0000000096300000, 0x0000000096400000|  0%| F|  |TAMS 0x0000000096300000, 0x0000000096300000| Untracked 
| 356|0x0000000096400000, 0x0000000096400000, 0x0000000096500000|  0%| F|  |TAMS 0x0000000096400000, 0x0000000096400000| Untracked 
| 357|0x0000000096500000, 0x0000000096500000, 0x0000000096600000|  0%| F|  |TAMS 0x0000000096500000, 0x0000000096500000| Untracked 
| 358|0x0000000096600000, 0x0000000096600000, 0x0000000096700000|  0%| F|  |TAMS 0x0000000096600000, 0x0000000096600000| Untracked 
| 359|0x0000000096700000, 0x0000000096700000, 0x0000000096800000|  0%| F|  |TAMS 0x0000000096700000, 0x0000000096700000| Untracked 
| 360|0x0000000096800000, 0x0000000096800000, 0x0000000096900000|  0%| F|  |TAMS 0x0000000096800000, 0x0000000096800000| Untracked 
| 361|0x0000000096900000, 0x0000000096900000, 0x0000000096a00000|  0%| F|  |TAMS 0x0000000096900000, 0x0000000096900000| Untracked 
| 362|0x0000000096a00000, 0x0000000096a00000, 0x0000000096b00000|  0%| F|  |TAMS 0x0000000096a00000, 0x0000000096a00000| Untracked 
| 363|0x0000000096b00000, 0x0000000096b00000, 0x0000000096c00000|  0%| F|  |TAMS 0x0000000096b00000, 0x0000000096b00000| Untracked 
| 364|0x0000000096c00000, 0x0000000096c00000, 0x0000000096d00000|  0%| F|  |TAMS 0x0000000096c00000, 0x0000000096c00000| Untracked 
| 365|0x0000000096d00000, 0x0000000096d00000, 0x0000000096e00000|  0%| F|  |TAMS 0x0000000096d00000, 0x0000000096d00000| Untracked 
| 366|0x0000000096e00000, 0x0000000096e00000, 0x0000000096f00000|  0%| F|  |TAMS 0x0000000096e00000, 0x0000000096e00000| Untracked 
| 367|0x0000000096f00000, 0x0000000096f00000, 0x0000000097000000|  0%| F|  |TAMS 0x0000000096f00000, 0x0000000096f00000| Untracked 
| 368|0x0000000097000000, 0x0000000097000000, 0x0000000097100000|  0%| F|  |TAMS 0x0000000097000000, 0x0000000097000000| Untracked 
| 369|0x0000000097100000, 0x0000000097100000, 0x0000000097200000|  0%| F|  |TAMS 0x0000000097100000, 0x0000000097100000| Untracked 
| 370|0x0000000097200000, 0x0000000097200000, 0x0000000097300000|  0%| F|  |TAMS 0x0000000097200000, 0x0000000097200000| Untracked 
| 371|0x0000000097300000, 0x0000000097300000, 0x0000000097400000|  0%| F|  |TAMS 0x0000000097300000, 0x0000000097300000| Untracked 
| 372|0x0000000097400000, 0x0000000097400000, 0x0000000097500000|  0%| F|  |TAMS 0x0000000097400000, 0x0000000097400000| Untracked 
| 373|0x0000000097500000, 0x0000000097500000, 0x0000000097600000|  0%| F|  |TAMS 0x0000000097500000, 0x0000000097500000| Untracked 
| 374|0x0000000097600000, 0x0000000097600000, 0x0000000097700000|  0%| F|  |TAMS 0x0000000097600000, 0x0000000097600000| Untracked 

Card table byte_map: [0x000001af7c510000,0x000001af7c910000] _byte_map_base: 0x000001af7c110000

Marking Bits (Prev, Next): (CMBitMap*) 0x000001af7865e4d0, (CMBitMap*) 0x000001af7865e498
 Prev Bits: [0x000001af0f000000, 0x000001af11000000)
 Next Bits: [0x000001af7cd10000, 0x000001af7ed10000)

Polling page: 0x000001af77df0000

Metaspace:

Usage:
  Non-class:     58.96 MB capacity,    57.78 MB ( 98%) used,     1.01 MB (  2%) free+waste,   182.06 KB ( <1%) overhead. 
      Class:      8.71 MB capacity,     8.05 MB ( 92%) used,   595.07 KB (  7%) free+waste,    83.31 KB ( <1%) overhead. 
       Both:     67.68 MB capacity,    65.83 MB ( 97%) used,     1.59 MB (  2%) free+waste,   265.38 KB ( <1%) overhead. 

Virtual space:
  Non-class space:       60.00 MB reserved,      59.08 MB ( 98%) committed 
      Class space:        1.00 GB reserved,       8.82 MB ( <1%) committed 
             Both:        1.06 GB reserved,      67.90 MB (  6%) committed 

Chunk freelists:
   Non-Class:  54.00 KB
       Class:  4.00 KB
        Both:  58.00 KB

MaxMetaspaceSize: 17179869184.00 GB
CompressedClassSpaceSize: 1.00 GB

CodeHeap 'non-profiled nmethods': size=120064Kb used=10623Kb max_used=10623Kb free=109441Kb
 bounds [0x000001af07ac0000, 0x000001af08530000, 0x000001af0f000000]
CodeHeap 'profiled nmethods': size=120000Kb used=25292Kb max_used=25816Kb free=94707Kb
 bounds [0x000001af00590000, 0x000001af01f10000, 0x000001af07ac0000]
CodeHeap 'non-nmethods': size=5696Kb used=2262Kb max_used=2319Kb free=3433Kb
 bounds [0x000001af00000000, 0x000001af00270000, 0x000001af00590000]
 total_blobs=11752 nmethods=10894 adapters=770
 compilation: enabled
              stopped_count=0, restarted_count=0
 full_count=0

Compilation events (20 events):
Event: 207.105 Thread 0x000001af7f21d800 nmethod 11889 0x000001af008d0c90 code [0x000001af008d0e60, 0x000001af008d1108]
Event: 207.207 Thread 0x000001af7f21d800 11890   !   3       sun.nio.fs.WindowsNativeDispatcher::CreateFile (41 bytes)
Event: 207.207 Thread 0x000001af7f21d800 nmethod 11890 0x000001af00915110 code [0x000001af00915300, 0x000001af009155f8]
Event: 207.261 Thread 0x000001af7f21d800 11891   !   3       org.gradle.internal.UncheckedException::unchecked (13 bytes)
Event: 207.262 Thread 0x000001af7f21d800 nmethod 11891 0x000001af00904a90 code [0x000001af00904c60, 0x000001af00904eb8]
Event: 207.316 Thread 0x000001af7f21d800 11892       3       org.objectweb.asm.MethodWriter::putMethodInfo (1274 bytes)
Event: 207.325 Thread 0x000001af7f21d800 nmethod 11892 0x000001af00ecb410 code [0x000001af00ecbaa0, 0x000001af00ece0a8]
Event: 207.325 Thread 0x000001af7f21d800 11893       3       org.objectweb.asm.MethodVisitor::visitLocalVariableAnnotation (47 bytes)
Event: 207.326 Thread 0x000001af7f21d800 nmethod 11893 0x000001af00920610 code [0x000001af009207e0, 0x000001af00920b18]
Event: 207.376 Thread 0x000001af7f21d800 11894       3       org.objectweb.asm.Label::addSubroutineRetSuccessors (125 bytes)
Event: 207.377 Thread 0x000001af7f21d800 nmethod 11894 0x000001af00957410 code [0x000001af00957620, 0x000001af00957ca8]
Event: 207.399 Thread 0x000001af7f212800 11895       4       org.objectweb.asm.MethodVisitor::visitLookupSwitchInsn (18 bytes)
Event: 207.502 Thread 0x000001af7f212800 nmethod 11895 0x000001af0851ee90 code [0x000001af0851f160, 0x000001af08520f58]
Event: 207.502 Thread 0x000001af7f212800 11896       4       org.objectweb.asm.MethodWriter::putMethodInfo (1274 bytes)
Event: 207.559 Thread 0x000001af7f21d800 11898       3       org.objectweb.asm.MethodVisitor::visitMultiANewArrayInsn (17 bytes)
Event: 207.560 Thread 0x000001af7f21d800 nmethod 11898 0x000001af00865990 code [0x000001af00865b40, 0x000001af00865d28]
Event: 207.584 Thread 0x000001af7f21d800 11899       3       java.util.HashSet::clear (8 bytes)
Event: 207.584 Thread 0x000001af7f21d800 nmethod 11899 0x000001af00867910 code [0x000001af00867ac0, 0x000001af00867c88]
Event: 207.589 Thread 0x000001af7f21d800 11900       3       java.io.BufferedOutputStream::<init> (27 bytes)
Event: 207.593 Thread 0x000001af7f21d800 nmethod 11900 0x000001af0095bd90 code [0x000001af0095bf80, 0x000001af0095c508]

GC Heap History (20 events):
Event: 207.040 GC heap after
{Heap after GC invocations=101 (full 0):
 garbage-first heap   total 254976K, used 84329K [0x0000000080000000, 0x0000000100000000)
  region size 1024K, 1 young (1024K), 1 survivors (1024K)
 Metaspace       used 67408K, capacity 69302K, committed 69532K, reserved 1110016K
  class space    used 8245K, capacity 8924K, committed 9036K, reserved 1048576K
}
Event: 207.116 GC heap before
{Heap before GC invocations=101 (full 0):
 garbage-first heap   total 254976K, used 94569K [0x0000000080000000, 0x0000000100000000)
  region size 1024K, 12 young (12288K), 1 survivors (1024K)
 Metaspace       used 67409K, capacity 69302K, committed 69532K, reserved 1110016K
  class space    used 8245K, capacity 8924K, committed 9036K, reserved 1048576K
}
Event: 207.119 GC heap after
{Heap after GC invocations=102 (full 0):
 garbage-first heap   total 254976K, used 84344K [0x0000000080000000, 0x0000000100000000)
  region size 1024K, 1 young (1024K), 1 survivors (1024K)
 Metaspace       used 67409K, capacity 69302K, committed 69532K, reserved 1110016K
  class space    used 8245K, capacity 8924K, committed 9036K, reserved 1048576K
}
Event: 207.166 GC heap before
{Heap before GC invocations=102 (full 0):
 garbage-first heap   total 254976K, used 95608K [0x0000000080000000, 0x0000000100000000)
  region size 1024K, 12 young (12288K), 1 survivors (1024K)
 Metaspace       used 67409K, capacity 69302K, committed 69532K, reserved 1110016K
  class space    used 8245K, capacity 8924K, committed 9036K, reserved 1048576K
}
Event: 207.169 GC heap after
{Heap after GC invocations=103 (full 0):
 garbage-first heap   total 254976K, used 84622K [0x0000000080000000, 0x0000000100000000)
  region size 1024K, 1 young (1024K), 1 survivors (1024K)
 Metaspace       used 67409K, capacity 69302K, committed 69532K, reserved 1110016K
  class space    used 8245K, capacity 8924K, committed 9036K, reserved 1048576K
}
Event: 207.200 GC heap before
{Heap before GC invocations=103 (full 0):
 garbage-first heap   total 254976K, used 95886K [0x0000000080000000, 0x0000000100000000)
  region size 1024K, 13 young (13312K), 1 survivors (1024K)
 Metaspace       used 67409K, capacity 69302K, committed 69532K, reserved 1110016K
  class space    used 8245K, capacity 8924K, committed 9036K, reserved 1048576K
}
Event: 207.203 GC heap after
{Heap after GC invocations=104 (full 0):
 garbage-first heap   total 254976K, used 84959K [0x0000000080000000, 0x0000000100000000)
  region size 1024K, 2 young (2048K), 2 survivors (2048K)
 Metaspace       used 67409K, capacity 69302K, committed 69532K, reserved 1110016K
  class space    used 8245K, capacity 8924K, committed 9036K, reserved 1048576K
}
Event: 207.245 GC heap before
{Heap before GC invocations=104 (full 0):
 garbage-first heap   total 254976K, used 96223K [0x0000000080000000, 0x0000000100000000)
  region size 1024K, 14 young (14336K), 2 survivors (2048K)
 Metaspace       used 67409K, capacity 69302K, committed 69532K, reserved 1110016K
  class space    used 8245K, capacity 8924K, committed 9036K, reserved 1048576K
}
Event: 207.247 GC heap after
{Heap after GC invocations=105 (full 0):
 garbage-first heap   total 254976K, used 84693K [0x0000000080000000, 0x0000000100000000)
  region size 1024K, 1 young (1024K), 1 survivors (1024K)
 Metaspace       used 67409K, capacity 69302K, committed 69532K, reserved 1110016K
  class space    used 8245K, capacity 8924K, committed 9036K, reserved 1048576K
}
Event: 207.292 GC heap before
{Heap before GC invocations=105 (full 0):
 garbage-first heap   total 254976K, used 96981K [0x0000000080000000, 0x0000000100000000)
  region size 1024K, 13 young (13312K), 1 survivors (1024K)
 Metaspace       used 67410K, capacity 69302K, committed 69532K, reserved 1110016K
  class space    used 8245K, capacity 8924K, committed 9036K, reserved 1048576K
}
Event: 207.295 GC heap after
{Heap after GC invocations=106 (full 0):
 garbage-first heap   total 254976K, used 84734K [0x0000000080000000, 0x0000000100000000)
  region size 1024K, 1 young (1024K), 1 survivors (1024K)
 Metaspace       used 67410K, capacity 69302K, committed 69532K, reserved 1110016K
  class space    used 8245K, capacity 8924K, committed 9036K, reserved 1048576K
}
Event: 207.340 GC heap before
{Heap before GC invocations=106 (full 0):
 garbage-first heap   total 254976K, used 97022K [0x0000000080000000, 0x0000000100000000)
  region size 1024K, 14 young (14336K), 1 survivors (1024K)
 Metaspace       used 67410K, capacity 69302K, committed 69532K, reserved 1110016K
  class space    used 8245K, capacity 8924K, committed 9036K, reserved 1048576K
}
Event: 207.355 GC heap after
{Heap after GC invocations=107 (full 0):
 garbage-first heap   total 384000K, used 85077K [0x0000000080000000, 0x0000000100000000)
  region size 1024K, 2 young (2048K), 2 survivors (2048K)
 Metaspace       used 67410K, capacity 69302K, committed 69532K, reserved 1110016K
  class space    used 8245K, capacity 8924K, committed 9036K, reserved 1048576K
}
Event: 207.410 GC heap before
{Heap before GC invocations=107 (full 0):
 garbage-first heap   total 384000K, used 101461K [0x0000000080000000, 0x0000000100000000)
  region size 1024K, 18 young (18432K), 2 survivors (2048K)
 Metaspace       used 67410K, capacity 69302K, committed 69532K, reserved 1110016K
  class space    used 8245K, capacity 8924K, committed 9036K, reserved 1048576K
}
Event: 207.414 GC heap after
{Heap after GC invocations=108 (full 0):
 garbage-first heap   total 384000K, used 85043K [0x0000000080000000, 0x0000000100000000)
  region size 1024K, 2 young (2048K), 2 survivors (2048K)
 Metaspace       used 67410K, capacity 69302K, committed 69532K, reserved 1110016K
  class space    used 8245K, capacity 8924K, committed 9036K, reserved 1048576K
}
Event: 207.452 GC heap before
{Heap before GC invocations=108 (full 0):
 garbage-first heap   total 384000K, used 100403K [0x0000000080000000, 0x0000000100000000)
  region size 1024K, 18 young (18432K), 2 survivors (2048K)
 Metaspace       used 67410K, capacity 69302K, committed 69532K, reserved 1110016K
  class space    used 8245K, capacity 8924K, committed 9036K, reserved 1048576K
}
Event: 207.456 GC heap after
{Heap after GC invocations=109 (full 0):
 garbage-first heap   total 384000K, used 85108K [0x0000000080000000, 0x0000000100000000)
  region size 1024K, 2 young (2048K), 2 survivors (2048K)
 Metaspace       used 67410K, capacity 69302K, committed 69532K, reserved 1110016K
  class space    used 8245K, capacity 8924K, committed 9036K, reserved 1048576K
}
Event: 207.512 GC heap before
{Heap before GC invocations=109 (full 0):
 garbage-first heap   total 384000K, used 104564K [0x0000000080000000, 0x0000000100000000)
  region size 1024K, 23 young (23552K), 2 survivors (2048K)
 Metaspace       used 67410K, capacity 69302K, committed 69532K, reserved 1110016K
  class space    used 8245K, capacity 8924K, committed 9036K, reserved 1048576K
}
Event: 207.515 GC heap after
{Heap after GC invocations=110 (full 0):
 garbage-first heap   total 384000K, used 85195K [0x0000000080000000, 0x0000000100000000)
  region size 1024K, 2 young (2048K), 2 survivors (2048K)
 Metaspace       used 67410K, capacity 69302K, committed 69532K, reserved 1110016K
  class space    used 8245K, capacity 8924K, committed 9036K, reserved 1048576K
}
Event: 207.623 GC heap before
{Heap before GC invocations=110 (full 0):
 garbage-first heap   total 384000K, used 108747K [0x0000000080000000, 0x0000000100000000)
  region size 1024K, 27 young (27648K), 2 survivors (2048K)
 Metaspace       used 67411K, capacity 69302K, committed 69532K, reserved 1110016K
  class space    used 8245K, capacity 8924K, committed 9036K, reserved 1048576K
}

Deoptimization events (20 events):
Event: 204.990 Thread 0x000001af15046000 DEOPT PACKING pc=0x000001af0815cf00 sp=0x000000ac969fe150
Event: 204.990 Thread 0x000001af15046000 DEOPT UNPACKING pc=0x000001af0002662f sp=0x000000ac969fe0a8 mode 2
Event: 205.489 Thread 0x000001af15046000 DEOPT PACKING pc=0x000001af01ed9987 sp=0x000000ac969fdea0
Event: 205.489 Thread 0x000001af15046000 DEOPT UNPACKING pc=0x000001af00026dde sp=0x000000ac969fd5a0 mode 0
Event: 205.616 Thread 0x000001af15046000 DEOPT PACKING pc=0x000001af01ed9987 sp=0x000000ac969fdfa0
Event: 205.616 Thread 0x000001af15046000 DEOPT UNPACKING pc=0x000001af00026dde sp=0x000000ac969fd6a0 mode 0
Event: 206.240 Thread 0x000001af15046000 DEOPT PACKING pc=0x000001af01ed9987 sp=0x000000ac969fdfa0
Event: 206.240 Thread 0x000001af15046000 DEOPT UNPACKING pc=0x000001af00026dde sp=0x000000ac969fd6a0 mode 0
Event: 206.601 Thread 0x000001af15048000 DEOPT PACKING pc=0x000001af012c7296 sp=0x000000ac968fea00
Event: 206.601 Thread 0x000001af15048000 DEOPT UNPACKING pc=0x000001af00026dde sp=0x000000ac968fdf00 mode 0
Event: 206.929 Thread 0x000001af13b29800 Uncommon trap: trap_request=0xffffffde fr.pc=0x000001af07b34bd4 relative=0x0000000000000214
Event: 206.929 Thread 0x000001af13b29800 Uncommon trap: reason=class_check action=maybe_recompile pc=0x000001af07b34bd4 method=sun.nio.ch.IOUtil.write(Ljava/io/FileDescriptor;Ljava/nio/ByteBuffer;JZILsun/nio/ch/NativeDispatcher;)I @ 1 c2
Event: 206.929 Thread 0x000001af13b29800 DEOPT PACKING pc=0x000001af07b34bd4 sp=0x000000ac965fe450
Event: 206.929 Thread 0x000001af13b29800 DEOPT UNPACKING pc=0x000001af0002662f sp=0x000000ac965fe3d8 mode 2
Event: 207.315 Thread 0x000001af15048000 Uncommon trap: trap_request=0xffffff4d fr.pc=0x000001af084de520 relative=0x0000000000002c00
Event: 207.315 Thread 0x000001af15048000 Uncommon trap: reason=unstable_if action=reinterpret pc=0x000001af084de520 method=org.objectweb.asm.MethodWriter.putMethodInfo(Lorg/objectweb/asm/ByteVector;)V @ 399 c2
Event: 207.315 Thread 0x000001af15048000 DEOPT PACKING pc=0x000001af084de520 sp=0x000000ac968fe500
Event: 207.315 Thread 0x000001af15048000 DEOPT UNPACKING pc=0x000001af0002662f sp=0x000000ac968fe4b8 mode 2
Event: 207.444 Thread 0x000001af15046000 DEOPT PACKING pc=0x000001af0134c124 sp=0x000000ac969fe6a0
Event: 207.444 Thread 0x000001af15046000 DEOPT UNPACKING pc=0x000001af00026dde sp=0x000000ac969fdb80 mode 0

Classes redefined (0 events):
No events

Internal exceptions (20 events):
Event: 207.091 Thread 0x000001af15048000 Exception <a 'sun/nio/fs/WindowsException'{0x000000008f0c7260}> (0x000000008f0c7260) thrown at [./src/hotspot/share/prims/jni.cpp, line 615]
Event: 207.109 Thread 0x000001af13b29800 Exception <a 'sun/nio/fs/WindowsException'{0x000000008ef3c058}> (0x000000008ef3c058) thrown at [./src/hotspot/share/prims/jni.cpp, line 615]
Event: 207.153 Thread 0x000001af15048000 Exception <a 'sun/nio/fs/WindowsException'{0x000000008f3a0fe0}> (0x000000008f3a0fe0) thrown at [./src/hotspot/share/prims/jni.cpp, line 615]
Event: 207.207 Thread 0x000001af13b29800 Exception <a 'sun/nio/fs/WindowsException'{0x000000008f870388}> (0x000000008f870388) thrown at [./src/hotspot/share/prims/jni.cpp, line 615]
Event: 207.210 Thread 0x000001af15049800 Exception <a 'sun/nio/fs/WindowsException'{0x000000008f605d68}> (0x000000008f605d68) thrown at [./src/hotspot/share/prims/jni.cpp, line 615]
Event: 207.218 Thread 0x000001af13b29800 Exception <a 'sun/nio/fs/WindowsException'{0x000000008f870520}> (0x000000008f870520) thrown at [./src/hotspot/share/prims/jni.cpp, line 615]
Event: 207.218 Thread 0x000001af15049800 Exception <a 'sun/nio/fs/WindowsException'{0x000000008f605f28}> (0x000000008f605f28) thrown at [./src/hotspot/share/prims/jni.cpp, line 615]
Event: 207.233 Thread 0x000001af15049800 Exception <a 'sun/nio/fs/WindowsException'{0x000000008f60f948}> (0x000000008f60f948) thrown at [./src/hotspot/share/prims/jni.cpp, line 615]
Event: 207.237 Thread 0x000001af13b29800 Exception <a 'sun/nio/fs/WindowsException'{0x000000008f325cc8}> (0x000000008f325cc8) thrown at [./src/hotspot/share/prims/jni.cpp, line 615]
Event: 207.241 Thread 0x000001af13b29800 Exception <a 'sun/nio/fs/WindowsException'{0x000000008eff5cd0}> (0x000000008eff5cd0) thrown at [./src/hotspot/share/prims/jni.cpp, line 615]
Event: 207.244 Thread 0x000001af13b29800 Exception <a 'sun/nio/fs/WindowsException'{0x000000008eff5e58}> (0x000000008eff5e58) thrown at [./src/hotspot/share/prims/jni.cpp, line 615]
Event: 207.250 Thread 0x000001af15049800 Exception <a 'sun/nio/fs/WindowsException'{0x000000008f88e250}> (0x000000008f88e250) thrown at [./src/hotspot/share/prims/jni.cpp, line 615]
Event: 207.253 Thread 0x000001af15049800 Exception <a 'sun/nio/fs/WindowsException'{0x000000008f88e3e0}> (0x000000008f88e3e0) thrown at [./src/hotspot/share/prims/jni.cpp, line 615]
Event: 207.267 Thread 0x000001af13b29800 Exception <a 'sun/nio/fs/WindowsException'{0x000000008f753338}> (0x000000008f753338) thrown at [./src/hotspot/share/prims/jni.cpp, line 615]
Event: 207.276 Thread 0x000001af15049800 Exception <a 'sun/nio/fs/WindowsException'{0x000000008f3eca00}> (0x000000008f3eca00) thrown at [./src/hotspot/share/prims/jni.cpp, line 615]
Event: 207.284 Thread 0x000001af13b29800 Exception <a 'sun/nio/fs/WindowsException'{0x000000008ef5e220}> (0x000000008ef5e220) thrown at [./src/hotspot/share/prims/jni.cpp, line 615]
Event: 207.288 Thread 0x000001af13b29800 Exception <a 'sun/nio/fs/WindowsException'{0x000000008ef5e3a8}> (0x000000008ef5e3a8) thrown at [./src/hotspot/share/prims/jni.cpp, line 615]
Event: 207.310 Thread 0x000001af13b29800 Exception <a 'sun/nio/fs/WindowsException'{0x000000008f5166b8}> (0x000000008f5166b8) thrown at [./src/hotspot/share/prims/jni.cpp, line 615]
Event: 207.578 Thread 0x000001af13b29800 Exception <a 'sun/nio/fs/WindowsException'{0x000000009733d570}> (0x000000009733d570) thrown at [./src/hotspot/share/prims/jni.cpp, line 615]
Event: 207.582 Thread 0x000001af13b29800 Exception <a 'sun/nio/fs/WindowsException'{0x000000009733d720}> (0x000000009733d720) thrown at [./src/hotspot/share/prims/jni.cpp, line 615]

Events (20 events):
Event: 207.203 Executing VM operation: G1CollectForAllocation done
Event: 207.244 Executing VM operation: G1CollectForAllocation
Event: 207.247 Executing VM operation: G1CollectForAllocation done
Event: 207.291 Executing VM operation: G1CollectForAllocation
Event: 207.291 Executing VM operation: G1CollectForAllocation done
Event: 207.292 Executing VM operation: G1CollectForAllocation
Event: 207.295 Executing VM operation: G1CollectForAllocation done
Event: 207.340 Executing VM operation: G1CollectForAllocation
Event: 207.355 Executing VM operation: G1CollectForAllocation done
Event: 207.409 Executing VM operation: G1CollectForAllocation
Event: 207.414 Executing VM operation: G1CollectForAllocation done
Event: 207.452 Executing VM operation: G1CollectForAllocation
Event: 207.456 Executing VM operation: G1CollectForAllocation done
Event: 207.508 Executing VM operation: G1CollectForAllocation
Event: 207.511 Executing VM operation: G1CollectForAllocation done
Event: 207.512 Executing VM operation: G1CollectForAllocation
Event: 207.515 Executing VM operation: G1CollectForAllocation done
Event: 207.620 Executing VM operation: G1CollectForAllocation
Event: 207.621 Executing VM operation: G1CollectForAllocation done
Event: 207.623 Executing VM operation: G1CollectForAllocation


Dynamic libraries:
0x00007ff7fce70000 - 0x00007ff7fce7a000 	C:\Program Files\Android\Android Studio\jre\bin\java.exe
0x00007ffc4ecc0000 - 0x00007ffc4eec7000 	C:\WINDOWS\SYSTEM32\ntdll.dll
0x00007ffc4de00000 - 0x00007ffc4debd000 	C:\WINDOWS\System32\KERNEL32.DLL
0x00007ffc4c7a0000 - 0x00007ffc4cb14000 	C:\WINDOWS\System32\KERNELBASE.dll
0x00007ffc49690000 - 0x00007ffc49721000 	C:\WINDOWS\SYSTEM32\apphelp.dll
0x00007ffc4c420000 - 0x00007ffc4c531000 	C:\WINDOWS\System32\ucrtbase.dll
0x00007ffc31350000 - 0x00007ffc31369000 	C:\Program Files\Android\Android Studio\jre\bin\jli.dll
0x00007ffc31330000 - 0x00007ffc31347000 	C:\Program Files\Android\Android Studio\jre\bin\VCRUNTIME140.dll
0x00007ffc4dbb0000 - 0x00007ffc4dd5c000 	C:\WINDOWS\System32\USER32.dll
0x00007ffc3cbd0000 - 0x00007ffc3ce75000 	C:\WINDOWS\WinSxS\amd64_microsoft.windows.common-controls_6595b64144ccf1df_6.0.22000.120_none_9d947278b86cc467\COMCTL32.dll
0x00007ffc4cb20000 - 0x00007ffc4cb46000 	C:\WINDOWS\System32\win32u.dll
0x00007ffc4cb60000 - 0x00007ffc4cb89000 	C:\WINDOWS\System32\GDI32.dll
0x00007ffc4db00000 - 0x00007ffc4dba3000 	C:\WINDOWS\System32\msvcrt.dll
0x00007ffc4c540000 - 0x00007ffc4c652000 	C:\WINDOWS\System32\gdi32full.dll
0x00007ffc4c210000 - 0x00007ffc4c2ad000 	C:\WINDOWS\System32\msvcp_win.dll
0x00007ffc4d990000 - 0x00007ffc4d9c1000 	C:\WINDOWS\System32\IMM32.DLL
0x00007ffc24710000 - 0x00007ffc247ad000 	C:\Program Files\Android\Android Studio\jre\bin\msvcp140.dll
0x00007ffc0ef30000 - 0x00007ffc0fa05000 	C:\Program Files\Android\Android Studio\jre\bin\server\jvm.dll
0x00007ffc4e290000 - 0x00007ffc4e33c000 	C:\WINDOWS\System32\ADVAPI32.dll
0x00007ffc4dd60000 - 0x00007ffc4ddfd000 	C:\WINDOWS\System32\sechost.dll
0x00007ffc4e4e0000 - 0x00007ffc4e601000 	C:\WINDOWS\System32\RPCRT4.dll
0x00007ffc4e610000 - 0x00007ffc4e618000 	C:\WINDOWS\System32\PSAPI.DLL
0x00007ffc47280000 - 0x00007ffc472b3000 	C:\WINDOWS\SYSTEM32\WINMM.dll
0x00007ffc495c0000 - 0x00007ffc495c9000 	C:\WINDOWS\SYSTEM32\WSOCK32.dll
0x00007ffc460f0000 - 0x00007ffc460fa000 	C:\WINDOWS\SYSTEM32\VERSION.dll
0x00007ffc4e880000 - 0x00007ffc4e8ef000 	C:\WINDOWS\System32\WS2_32.dll
0x00007ffc4b2d0000 - 0x00007ffc4b2e8000 	C:\WINDOWS\SYSTEM32\kernel.appcore.dll
0x00007ffc487b0000 - 0x00007ffc487c1000 	C:\Program Files\Android\Android Studio\jre\bin\verify.dll
0x00007ffc40c00000 - 0x00007ffc40e21000 	C:\WINDOWS\SYSTEM32\DBGHELP.DLL
0x00007ffc36c90000 - 0x00007ffc36cc1000 	C:\WINDOWS\SYSTEM32\dbgcore.DLL
0x00007ffc4c720000 - 0x00007ffc4c7a0000 	C:\WINDOWS\System32\bcryptPrimitives.dll
0x00007ffc3aac0000 - 0x00007ffc3aae9000 	C:\Program Files\Android\Android Studio\jre\bin\java.dll
0x00007ffc49590000 - 0x00007ffc4959b000 	C:\Program Files\Android\Android Studio\jre\bin\jimage.dll
0x00007ffc3cef0000 - 0x00007ffc3cf08000 	C:\Program Files\Android\Android Studio\jre\bin\zip.dll
0x00007ffc4d000000 - 0x00007ffc4d7a9000 	C:\WINDOWS\System32\SHELL32.dll
0x00007ffc4a350000 - 0x00007ffc4abb2000 	C:\WINDOWS\SYSTEM32\windows.storage.dll
0x00007ffc4e900000 - 0x00007ffc4ec78000 	C:\WINDOWS\System32\combase.dll
0x00007ffc4a1e0000 - 0x00007ffc4a346000 	C:\WINDOWS\SYSTEM32\wintypes.dll
0x00007ffc4d890000 - 0x00007ffc4d97a000 	C:\WINDOWS\System32\SHCORE.dll
0x00007ffc4e6a0000 - 0x00007ffc4e6fd000 	C:\WINDOWS\System32\shlwapi.dll
0x00007ffc4c0d0000 - 0x00007ffc4c0f1000 	C:\WINDOWS\SYSTEM32\profapi.dll
0x00007ffc3a9a0000 - 0x00007ffc3a9ba000 	C:\Program Files\Android\Android Studio\jre\bin\net.dll
0x00007ffc46a90000 - 0x00007ffc46b9c000 	C:\WINDOWS\SYSTEM32\WINHTTP.dll
0x00007ffc4b6e0000 - 0x00007ffc4b747000 	C:\WINDOWS\system32\mswsock.dll
0x00007ffc3a8b0000 - 0x00007ffc3a8c4000 	C:\Program Files\Android\Android Studio\jre\bin\nio.dll
0x00007ffc307b0000 - 0x00007ffc307d7000 	C:\Users\ampil\.gradle\native\e1d6ef7f7dcc3fd88c89a11ec53ec762bb8ba0a96d01ffa2cd45eb1d1d8dd5c5\windows-amd64\native-platform.dll
0x00007ffc1aae0000 - 0x00007ffc1ac24000 	C:\Users\ampil\.gradle\native\5664cfc778a61ccfe75a443a1ab52a65af34e5dc3c78e0209fed803814484fcb\windows-amd64\native-platform-file-events.dll
0x00007ffc49510000 - 0x00007ffc4951a000 	C:\Program Files\Android\Android Studio\jre\bin\management.dll
0x00007ffc48820000 - 0x00007ffc4882d000 	C:\Program Files\Android\Android Studio\jre\bin\management_ext.dll
0x00007ffc4b920000 - 0x00007ffc4b938000 	C:\WINDOWS\SYSTEM32\CRYPTSP.dll
0x00007ffc4b230000 - 0x00007ffc4b265000 	C:\WINDOWS\system32\rsaenh.dll
0x00007ffc4b7d0000 - 0x00007ffc4b7f9000 	C:\WINDOWS\SYSTEM32\USERENV.dll
0x00007ffc4baa0000 - 0x00007ffc4bac7000 	C:\WINDOWS\SYSTEM32\bcrypt.dll
0x00007ffc4b940000 - 0x00007ffc4b94c000 	C:\WINDOWS\SYSTEM32\CRYPTBASE.dll
0x00007ffc4ae10000 - 0x00007ffc4ae3d000 	C:\WINDOWS\SYSTEM32\IPHLPAPI.DLL
0x00007ffc4e8f0000 - 0x00007ffc4e8f9000 	C:\WINDOWS\System32\NSI.dll
0x00007ffc46a20000 - 0x00007ffc46a39000 	C:\WINDOWS\SYSTEM32\dhcpcsvc6.DLL
0x00007ffc46e20000 - 0x00007ffc46e3e000 	C:\WINDOWS\SYSTEM32\dhcpcsvc.DLL
0x00007ffc4ae40000 - 0x00007ffc4af27000 	C:\WINDOWS\SYSTEM32\DNSAPI.dll
0x00007ffc39470000 - 0x00007ffc39497000 	C:\Program Files\Android\Android Studio\jre\bin\sunec.dll
0x00007ffc3a7d0000 - 0x00007ffc3a7da000 	C:\Windows\System32\rasadhlp.dll
0x00007ffc40b00000 - 0x00007ffc40b81000 	C:\WINDOWS\System32\fwpuclnt.dll

dbghelp: loaded successfully - version: 4.0.5 - missing functions: none
symbol engine: initialized successfully - sym options: 0x614 - pdb path: .;C:\Program Files\Android\Android Studio\jre\bin;C:\WINDOWS\SYSTEM32;C:\WINDOWS\WinSxS\amd64_microsoft.windows.common-controls_6595b64144ccf1df_6.0.22000.120_none_9d947278b86cc467;C:\Program Files\Android\Android Studio\jre\bin\server;C:\Users\ampil\.gradle\native\e1d6ef7f7dcc3fd88c89a11ec53ec762bb8ba0a96d01ffa2cd45eb1d1d8dd5c5\windows-amd64;C:\Users\ampil\.gradle\native\5664cfc778a61ccfe75a443a1ab52a65af34e5dc3c78e0209fed803814484fcb\windows-amd64

VM Arguments:
jvm_args: --add-opens=java.base/java.util=ALL-UNNAMED --add-opens=java.base/java.lang=ALL-UNNAMED --add-opens=java.base/java.lang.invoke=ALL-UNNAMED --add-opens=java.base/java.util=ALL-UNNAMED --add-opens=java.prefs/java.util.prefs=ALL-UNNAMED --add-opens=java.prefs/java.util.prefs=ALL-UNNAMED --add-opens=java.base/java.nio.charset=ALL-UNNAMED --add-opens=java.base/java.net=ALL-UNNAMED --add-opens=java.base/java.util.concurrent.atomic=ALL-UNNAMED -Xmx2048m -Dfile.encoding=UTF-8 -Duser.country=RU -Duser.language=ru -Duser.variant 
java_command: org.gradle.launcher.daemon.bootstrap.GradleDaemon 7.2
java_class_path (initial): C:\Users\ampil\.gradle\wrapper\dists\gradle-7.2-all\260hg96vuh6ex27h9vo47iv4d\gradle-7.2\lib\gradle-launcher-7.2.jar
Launcher Type: SUN_STANDARD

[Global flags]
     intx CICompilerCount                          = 3                                         {product} {ergonomic}
     uint ConcGCThreads                            = 1                                         {product} {ergonomic}
     uint G1ConcRefinementThreads                  = 4                                         {product} {ergonomic}
   size_t G1HeapRegionSize                         = 1048576                                   {product} {ergonomic}
    uintx GCDrainStackTargetSize                   = 64                                        {product} {ergonomic}
   size_t InitialHeapSize                          = 117440512                                 {product} {ergonomic}
   size_t MarkStackSize                            = 4194304                                   {product} {ergonomic}
   size_t MaxHeapSize                              = 2147483648                                {product} {command line}
   size_t MaxNewSize                               = 1287651328                                {product} {ergonomic}
   size_t MinHeapDeltaBytes                        = 1048576                                   {product} {ergonomic}
    uintx NonNMethodCodeHeapSize                   = 5830732                                {pd product} {ergonomic}
    uintx NonProfiledCodeHeapSize                  = 122913754                              {pd product} {ergonomic}
    uintx ProfiledCodeHeapSize                     = 122913754                              {pd product} {ergonomic}
    uintx ReservedCodeCacheSize                    = 251658240                              {pd product} {ergonomic}
     bool SegmentedCodeCache                       = true                                      {product} {ergonomic}
     bool UseCompressedClassPointers               = true                                 {lp64_product} {ergonomic}
     bool UseCompressedOops                        = true                                 {lp64_product} {ergonomic}
     bool UseG1GC                                  = true                                      {product} {ergonomic}
     bool UseLargePagesIndividualAllocation        = false                                  {pd product} {ergonomic}

Logging:
Log output configuration:
 #0: stdout all=warning uptime,level,tags
 #1: stderr all=off uptime,level,tags

Environment Variables:
PATH=C:\Program Files (x86)\Common Files\Oracle\Java\javapath;C:\Program Files\Common Files\Oracle\Java\javapath;C:\Program Files (x86)\NVIDIA Corporation\PhysX\Common;C:\WINDOWS\system32;C:\WINDOWS;C:\WINDOWS\System32\Wbem;C:\WINDOWS\System32\WindowsPowerShell\v1.0\;C:\WINDOWS\System32\OpenSSH\;C:\Program Files\dotnet\;C:\Program Files\Microsoft SQL Server\130\Tools\Binn\;C:\Program Files\Microsoft SQL Server\Client SDK\ODBC\170\Tools\Binn\;C:\Program Files (x86)\Microsoft SQL Server\150\Tools\Binn\;C:\Program Files\Microsoft SQL Server\150\Tools\Binn\;C:\Program Files\Microsoft SQL Server\150\DTS\Binn\;C:\Program Files (x86)\dotnet\;C:\Program Files\PuTTY\;C:\Program Files\Git\cmd;C:\Users\ampil\AppData\Local\Programs\Python\Python39\Scripts\;C:\Users\ampil\AppData\Local\Programs\Python\Python39;C:\Users\ampil\AppData\Local\Microsoft\WindowsApps;C:\Users\ampil\.dotnet\tools;C:\Program Files\JetBrains\PyCharm Community Edition 2021.1\bin;C:\Users\ampil\AppData\Local\Programs\VapourSynth\core;C:\Users\ampil\AppData\Local\Programs\VapourSynth\vsrepo;C:\Users\ampil\AppData\Local\GitHubDesktop\bin;E:\Program Files\JetBrains\IntelliJ IDEA Community Edition 2021.2.2\bin;
USERNAME=ampil
OS=Windows_NT
PROCESSOR_IDENTIFIER=AMD64 Family 21 Model 101 Stepping 1, AuthenticAMD



---------------  S Y S T E M  ---------------

OS: Windows 10 , 64 bit Build 22000 (10.0.22000.120)
OS uptime: 3 days 12:53 hours

CPU:total 4 (initial active 4) (4 cores per cpu, 1 threads per core) family 21 model 101 stepping 1 microcode 0x0, cmov, cx8, fxsr, mmx, sse, sse2, sse3, ssse3, sse4.1, sse4.2, popcnt, avx, avx2, aes, clmul, mmxext, 3dnowpref, lzcnt, sse4a, tsc, tscinvbit, tscinv, bmi1, bmi2, fma

Memory: 4k page, system-wide physical 7125M (879M free)
TotalPageFile size 16125M (AvailPageFile size 97M)
current process WorkingSet (physical memory assigned to process): 520M, peak: 520M
current process commit charge ("private bytes"): 643M, peak: 978M

vm_info: OpenJDK 64-Bit Server VM (11.0.11+9-b60-7590822) for windows-amd64 JRE (11.0.11+9-b60-7590822), built on Jul 29 2021 21:43:44 by "builder" with MS VC++ 14.0 (VS2015)

END.
