#
# There is insufficient memory for the Java Runtime Environment to continue.
# Native memory allocation (mmap) failed to map 34603008 bytes for Failed to commit area from 0x000000008a200000 to 0x000000008c300000 of length 34603008.
# Possible reasons:
#   The system is out of physical RAM or swap space
#   The process is running with CompressedOops enabled, and the Java Heap may be blocking the growth of the native heap
# Possible solutions:
#   Reduce memory load on the system
#   Increase physical memory or swap space
#   Check if swap backing store is full
#   Decrease Java heap size (-Xmx/-Xms)
#   Decrease number of Java threads
#   Decrease Java thread stack sizes (-Xss)
#   Set larger code cache with -XX:ReservedCodeCacheSize=
#   JVM is running with Unscaled Compressed Oops mode in which the Java heap is
#     placed in the first 4GB address space. The Java Heap base address is the
#     maximum limit for the native heap growth. Please use -XX:HeapBaseMinAddress
#     to set the Java Heap base and to place the Java Heap above 4GB virtual address.
# This output file may be truncated or incomplete.
#
#  Out of Memory Error (./src/hotspot/os/windows/os_windows.cpp:3301), pid=7476, tid=5480
#
# JRE version: OpenJDK Runtime Environment (11.0.11+9) (build 11.0.11+9-b60-7590822)
# Java VM: OpenJDK 64-Bit Server VM (11.0.11+9-b60-7590822, mixed mode, tiered, compressed oops, g1 gc, windows-amd64)
# No core dump will be written. Minidumps are not enabled by default on client versions of Windows
#

---------------  S U M M A R Y ------------

Command Line: --add-opens=java.base/java.util=ALL-UNNAMED --add-opens=java.base/java.lang=ALL-UNNAMED --add-opens=java.base/java.lang.invoke=ALL-UNNAMED --add-opens=java.base/java.util=ALL-UNNAMED --add-opens=java.prefs/java.util.prefs=ALL-UNNAMED --add-opens=java.prefs/java.util.prefs=ALL-UNNAMED --add-opens=java.base/java.nio.charset=ALL-UNNAMED --add-opens=java.base/java.net=ALL-UNNAMED --add-opens=java.base/java.util.concurrent.atomic=ALL-UNNAMED -Xmx2048m -Dfile.encoding=UTF-8 -Duser.country=RU -Duser.language=ru -Duser.variant org.gradle.launcher.daemon.bootstrap.GradleDaemon 7.2

Host: AMD A10-9620P RADEON R5, 10 COMPUTE CORES 4C+6G, 4 cores, 6G,  Windows 10 , 64 bit Build 22000 (10.0.22000.120)
Time: Mon Oct 25 09:35:05 2021 RTZ 4 (зима) elapsed time: 86.036513 seconds (0d 0h 1m 26s)

---------------  T H R E A D  ---------------

Current thread (0x00000187ff3c8800):  VMThread "VM Thread" [stack: 0x00000050fc200000,0x00000050fc300000] [id=5480]

Stack: [0x00000050fc200000,0x00000050fc300000]
[error occurred during error reporting (printing stack bounds), id 0xc0000005, EXCEPTION_ACCESS_VIOLATION (0xc0000005) at pc=0x00000187ef2d0f2d]

Native frames: (J=compiled Java code, j=interpreted, Vv=VM code, C=native code)
V  [jvm.dll+0x5f214a]
V  [jvm.dll+0x726fb5]
V  [jvm.dll+0x7285cd]
V  [jvm.dll+0x728be5]
V  [jvm.dll+0x728b9b]
V  [jvm.dll+0x5f14e8]
V  [jvm.dll+0x5f1c78]
C  [ntdll.dll+0xa826f]
C  [ntdll.dll+0x359ca]
C  [ntdll.dll+0xa727e]
C  0x00000187ef2d0f2d

VM_Operation (0x00000050fe2fe0d0): G1CollectForAllocation, mode: safepoint, requested by thread 0x0000018786218000


---------------  P R O C E S S  ---------------

Threads class SMR info:
_java_thread_list=0x000001878886da90, length=77, elements={
0x00000187eb7e2000, 0x00000187ff3cc800, 0x00000187ff3cd800, 0x00000187ff3ee000,
0x00000187ff3ee800, 0x00000187ff3f0000, 0x00000187ff3f5000, 0x00000187ff3f9800,
0x00000187ff41d000, 0x0000018786180000, 0x00000187872b5000, 0x000001878792c800,
0x0000018787538800, 0x0000018787389000, 0x00000187879af000, 0x00000187879ca000,
0x00000187873b8000, 0x00000187862c3800, 0x000001878679e000, 0x00000187867a2000,
0x00000187867a1000, 0x000001878679f800, 0x00000187867a3000, 0x00000187867a3800,
0x00000187867a4800, 0x00000187867a0800, 0x000001878679e800, 0x0000018786213000,
0x0000018786217000, 0x0000018786218000, 0x0000018786218800, 0x0000018786215800,
0x0000018786219800, 0x0000018786213800, 0x00000187882cf800, 0x00000187882ce800,
0x00000187882cd000, 0x00000187882ce000, 0x00000187882d0000, 0x00000187882cc000,
0x00000187882d3800, 0x00000187882d6800, 0x00000187882d7800, 0x00000187882d8800,
0x00000187882d4800, 0x00000187882d2800, 0x00000187882d9000, 0x00000187882da000,
0x00000187882d6000, 0x00000187882db000, 0x00000187882d5000, 0x000001878c219000,
0x000001878c21b800, 0x000001878c21e000, 0x000001878c21c800, 0x000001878c21a000,
0x000001878c218800, 0x000001878c220800, 0x000001878c21b000, 0x000001878c221800,
0x000001878c222000, 0x000001878c21f800, 0x000001878c223000, 0x000001878c21d000,
0x000001878c223800, 0x000001878c224800, 0x000001878c21f000, 0x000001878c225800,
0x000001878c226000, 0x000001878c227000, 0x00000187880cb800, 0x00000187880ce800,
0x00000187880ce000, 0x00000187880cf800, 0x00000187880d0000, 0x00000187880d2000,
0x00000187880d1000
}

Java Threads: ( => current thread )
  0x00000187eb7e2000 JavaThread "main" [_thread_blocked, id=14236, stack(0x00000050fbc00000,0x00000050fbd00000)]
  0x00000187ff3cc800 JavaThread "Reference Handler" daemon [_thread_blocked, id=21632, stack(0x00000050fc300000,0x00000050fc400000)]
  0x00000187ff3cd800 JavaThread "Finalizer" daemon [_thread_blocked, id=3564, stack(0x00000050fc400000,0x00000050fc500000)]
  0x00000187ff3ee000 JavaThread "Signal Dispatcher" daemon [_thread_blocked, id=9240, stack(0x00000050fc500000,0x00000050fc600000)]
  0x00000187ff3ee800 JavaThread "Attach Listener" daemon [_thread_blocked, id=10216, stack(0x00000050fc600000,0x00000050fc700000)]
  0x00000187ff3f0000 JavaThread "Service Thread" daemon [_thread_blocked, id=13068, stack(0x00000050fc700000,0x00000050fc800000)]
  0x00000187ff3f5000 JavaThread "C2 CompilerThread0" daemon [_thread_in_native, id=8420, stack(0x00000050fc800000,0x00000050fc900000)]
  0x00000187ff3f9800 JavaThread "C1 CompilerThread0" daemon [_thread_blocked, id=19204, stack(0x00000050fc900000,0x00000050fca00000)]
  0x00000187ff41d000 JavaThread "Sweeper thread" daemon [_thread_blocked, id=22340, stack(0x00000050fca00000,0x00000050fcb00000)]
  0x0000018786180000 JavaThread "Common-Cleaner" daemon [_thread_blocked, id=17200, stack(0x00000050fcb00000,0x00000050fcc00000)]
  0x00000187872b5000 JavaThread "Daemon health stats" [_thread_blocked, id=22152, stack(0x00000050fce00000,0x00000050fcf00000)]
  0x000001878792c800 JavaThread "Incoming local TCP Connector on port 8924" [_thread_in_native, id=22352, stack(0x00000050fcf00000,0x00000050fd000000)]
  0x0000018787538800 JavaThread "Daemon periodic checks" [_thread_blocked, id=17892, stack(0x00000050fd000000,0x00000050fd100000)]
  0x0000018787389000 JavaThread "Daemon" [_thread_blocked, id=19784, stack(0x00000050fd100000,0x00000050fd200000)]
  0x00000187879af000 JavaThread "Handler for socket connection from /127.0.0.1:8924 to /127.0.0.1:8926" [_thread_in_native, id=8992, stack(0x00000050fd200000,0x00000050fd300000)]
  0x00000187879ca000 JavaThread "Cancel handler" [_thread_blocked, id=6892, stack(0x00000050fd300000,0x00000050fd400000)]
  0x00000187873b8000 JavaThread "Daemon worker" [_thread_blocked, id=5248, stack(0x00000050fd400000,0x00000050fd500000)]
  0x00000187862c3800 JavaThread "Asynchronous log dispatcher for DefaultDaemonConnection: socket connection from /127.0.0.1:8924 to /127.0.0.1:8926" [_thread_blocked, id=21800, stack(0x00000050fd500000,0x00000050fd600000)]
  0x000001878679e000 JavaThread "Stdin handler" [_thread_blocked, id=1212, stack(0x00000050fd600000,0x00000050fd700000)]
  0x00000187867a2000 JavaThread "Daemon client event forwarder" [_thread_blocked, id=6188, stack(0x00000050fb900000,0x00000050fba00000)]
  0x00000187867a1000 JavaThread "Cache worker for journal cache (C:\Users\ampil\.gradle\caches\journal-1)" [_thread_blocked, id=20836, stack(0x00000050fd900000,0x00000050fda00000)]
  0x000001878679f800 JavaThread "File lock request listener" [_thread_in_native, id=7756, stack(0x00000050fda00000,0x00000050fdb00000)]
  0x00000187867a3000 JavaThread "Cache worker for file hash cache (C:\Users\ampil\.gradle\caches\7.2\fileHashes)" [_thread_blocked, id=9324, stack(0x00000050fdb00000,0x00000050fdc00000)]
  0x00000187867a3800 JavaThread "Cache worker for file hash cache (C:\Users\ampil\Desktop\TVMedicine\.gradle\7.2\fileHashes)" [_thread_blocked, id=22176, stack(0x00000050fdc00000,0x00000050fdd00000)]
  0x00000187867a4800 JavaThread "File watcher server" daemon [_thread_in_native, id=7184, stack(0x00000050fdd00000,0x00000050fde00000)]
  0x00000187867a0800 JavaThread "File watcher consumer" daemon [_thread_blocked, id=4544, stack(0x00000050fde00000,0x00000050fdf00000)]
  0x000001878679e800 JavaThread "jar transforms" [_thread_blocked, id=10652, stack(0x00000050fdf00000,0x00000050fe000000)]
  0x0000018786213000 JavaThread "jar transforms Thread 2" [_thread_blocked, id=10588, stack(0x00000050fe000000,0x00000050fe100000)]
  0x0000018786217000 JavaThread "jar transforms Thread 3" [_thread_blocked, id=13264, stack(0x00000050fe100000,0x00000050fe200000)]
  0x0000018786218000 JavaThread "jar transforms Thread 4" [_thread_blocked, id=3900, stack(0x00000050fe200000,0x00000050fe300000)]
  0x0000018786218800 JavaThread "Cache worker for checksums cache (C:\Users\ampil\Desktop\TVMedicine\.gradle\checksums)" [_thread_blocked, id=19976, stack(0x00000050fe300000,0x00000050fe400000)]
  0x0000018786215800 JavaThread "Cache worker for cache directory md-supplier (C:\Users\ampil\.gradle\caches\7.2\md-supplier)" [_thread_blocked, id=14928, stack(0x00000050fe400000,0x00000050fe500000)]
  0x0000018786219800 JavaThread "Cache worker for cache directory md-rule (C:\Users\ampil\.gradle\caches\7.2\md-rule)" [_thread_blocked, id=3184, stack(0x00000050fe500000,0x00000050fe600000)]
  0x0000018786213800 JavaThread "Cache worker for execution history cache (C:\Users\ampil\.gradle\caches\7.2\executionHistory)" [_thread_blocked, id=18436, stack(0x00000050fe600000,0x00000050fe700000)]
  0x00000187882cf800 JavaThread "Cache worker for file content cache (C:\Users\ampil\.gradle\caches\7.2\fileContent)" [_thread_blocked, id=17788, stack(0x00000050fea00000,0x00000050feb00000)]
  0x00000187882ce800 JavaThread "Cache worker for dependencies-accessors (C:\Users\ampil\Desktop\TVMedicine\.gradle\7.2\dependencies-accessors)" [_thread_blocked, id=22336, stack(0x00000050fbb00000,0x00000050fbc00000)]
  0x00000187882cd000 JavaThread "Cache worker for Build Output Cleanup Cache (C:\Users\ampil\Desktop\TVMedicine\.gradle\buildOutputCleanup)" [_thread_blocked, id=21944, stack(0x00000050fe900000,0x00000050fea00000)]
  0x00000187882ce000 JavaThread "Unconstrained build operations" [_thread_blocked, id=5400, stack(0x00000050fba00000,0x00000050fbb00000)]
  0x00000187882d0000 JavaThread "Unconstrained build operations Thread 2" [_thread_blocked, id=21376, stack(0x00000050feb00000,0x00000050fec00000)]
  0x00000187882cc000 JavaThread "Unconstrained build operations Thread 3" [_thread_blocked, id=21544, stack(0x00000050fec00000,0x00000050fed00000)]
  0x00000187882d3800 JavaThread "Unconstrained build operations Thread 4" [_thread_blocked, id=12768, stack(0x00000050fed00000,0x00000050fee00000)]
  0x00000187882d6800 JavaThread "Unconstrained build operations Thread 5" [_thread_blocked, id=12304, stack(0x00000050fee00000,0x00000050fef00000)]
  0x00000187882d7800 JavaThread "Unconstrained build operations Thread 6" [_thread_blocked, id=6556, stack(0x00000050fef00000,0x00000050ff000000)]
  0x00000187882d8800 JavaThread "Unconstrained build operations Thread 7" [_thread_blocked, id=20632, stack(0x00000050ff000000,0x00000050ff100000)]
  0x00000187882d4800 JavaThread "Unconstrained build operations Thread 8" [_thread_blocked, id=4972, stack(0x00000050ff100000,0x00000050ff200000)]
  0x00000187882d2800 JavaThread "Unconstrained build operations Thread 9" [_thread_blocked, id=14552, stack(0x00000050ff200000,0x00000050ff300000)]
  0x00000187882d9000 JavaThread "Unconstrained build operations Thread 10" [_thread_blocked, id=12056, stack(0x00000050ff300000,0x00000050ff400000)]
  0x00000187882da000 JavaThread "Unconstrained build operations Thread 11" [_thread_blocked, id=15704, stack(0x00000050ff400000,0x00000050ff500000)]
  0x00000187882d6000 JavaThread "Unconstrained build operations Thread 12" [_thread_blocked, id=22364, stack(0x00000050ff500000,0x00000050ff600000)]
  0x00000187882db000 JavaThread "Unconstrained build operations Thread 13" [_thread_blocked, id=14072, stack(0x00000050ff600000,0x00000050ff700000)]
  0x00000187882d5000 JavaThread "Unconstrained build operations Thread 14" [_thread_blocked, id=17144, stack(0x00000050ff700000,0x00000050ff800000)]
  0x000001878c219000 JavaThread "Unconstrained build operations Thread 15" [_thread_blocked, id=12184, stack(0x00000050ff800000,0x00000050ff900000)]
  0x000001878c21b800 JavaThread "Unconstrained build operations Thread 16" [_thread_blocked, id=13716, stack(0x00000050ff900000,0x00000050ffa00000)]
  0x000001878c21e000 JavaThread "Unconstrained build operations Thread 17" [_thread_blocked, id=21916, stack(0x00000050ffa00000,0x00000050ffb00000)]
  0x000001878c21c800 JavaThread "Unconstrained build operations Thread 18" [_thread_blocked, id=20940, stack(0x00000050ffb00000,0x00000050ffc00000)]
  0x000001878c21a000 JavaThread "Unconstrained build operations Thread 19" [_thread_blocked, id=2424, stack(0x00000050ffc00000,0x00000050ffd00000)]
  0x000001878c218800 JavaThread "Unconstrained build operations Thread 20" [_thread_blocked, id=17676, stack(0x00000050ffd00000,0x00000050ffe00000)]
  0x000001878c220800 JavaThread "Unconstrained build operations Thread 21" [_thread_blocked, id=1192, stack(0x00000050ffe00000,0x00000050fff00000)]
  0x000001878c21b000 JavaThread "Unconstrained build operations Thread 22" [_thread_blocked, id=22180, stack(0x00000050fff00000,0x0000005100000000)]
  0x000001878c221800 JavaThread "Unconstrained build operations Thread 23" [_thread_blocked, id=16056, stack(0x0000005080000000,0x0000005080100000)]
  0x000001878c222000 JavaThread "Unconstrained build operations Thread 24" [_thread_blocked, id=5860, stack(0x0000005080100000,0x0000005080200000)]
  0x000001878c21f800 JavaThread "Unconstrained build operations Thread 25" [_thread_blocked, id=21096, stack(0x0000005080200000,0x0000005080300000)]
  0x000001878c223000 JavaThread "Unconstrained build operations Thread 26" [_thread_blocked, id=17968, stack(0x0000005080300000,0x0000005080400000)]
  0x000001878c21d000 JavaThread "Unconstrained build operations Thread 27" [_thread_blocked, id=5288, stack(0x0000005080400000,0x0000005080500000)]
  0x000001878c223800 JavaThread "Unconstrained build operations Thread 28" [_thread_blocked, id=13204, stack(0x0000005080500000,0x0000005080600000)]
  0x000001878c224800 JavaThread "Unconstrained build operations Thread 29" [_thread_blocked, id=15864, stack(0x0000005080600000,0x0000005080700000)]
  0x000001878c21f000 JavaThread "Unconstrained build operations Thread 30" [_thread_blocked, id=10208, stack(0x0000005080700000,0x0000005080800000)]
  0x000001878c225800 JavaThread "Unconstrained build operations Thread 31" [_thread_blocked, id=13872, stack(0x0000005080800000,0x0000005080900000)]
  0x000001878c226000 JavaThread "Unconstrained build operations Thread 32" [_thread_blocked, id=1628, stack(0x0000005080900000,0x0000005080a00000)]
  0x000001878c227000 JavaThread "Unconstrained build operations Thread 33" [_thread_blocked, id=16316, stack(0x0000005080a00000,0x0000005080b00000)]
  0x00000187880cb800 JavaThread "Unconstrained build operations Thread 34" [_thread_blocked, id=4200, stack(0x0000005080b00000,0x0000005080c00000)]
  0x00000187880ce800 JavaThread "Unconstrained build operations Thread 35" [_thread_blocked, id=8544, stack(0x0000005080c00000,0x0000005080d00000)]
  0x00000187880ce000 JavaThread "Unconstrained build operations Thread 36" [_thread_blocked, id=12560, stack(0x0000005080d00000,0x0000005080e00000)]
  0x00000187880cf800 JavaThread "Unconstrained build operations Thread 37" [_thread_blocked, id=17276, stack(0x0000005080e00000,0x0000005080f00000)]
  0x00000187880d0000 JavaThread "Unconstrained build operations Thread 38" [_thread_blocked, id=14252, stack(0x0000005080f00000,0x0000005081000000)]
  0x00000187880d2000 JavaThread "Unconstrained build operations Thread 39" [_thread_blocked, id=13240, stack(0x0000005081000000,0x0000005081100000)]
  0x00000187880d1000 JavaThread "Unconstrained build operations Thread 40" [_thread_blocked, id=3228, stack(0x0000005081100000,0x0000005081200000)]

Other Threads:
=>0x00000187ff3c8800 VMThread "VM Thread" [stack: 0x00000050fc200000,0x00000050fc300000] [id=5480]
  0x00000187861aa000 WatcherThread [stack: 0x00000050fcc00000,0x00000050fcd00000] [id=11976]
  0x00000187eb7f5800 GCTaskThread "GC Thread#0" [stack: 0x00000050fbd00000,0x00000050fbe00000] [id=21388]
  0x00000187864d1800 GCTaskThread "GC Thread#1" [stack: 0x00000050fcd00000,0x00000050fce00000] [id=8384]
  0x0000018786beb800 GCTaskThread "GC Thread#2" [stack: 0x00000050fd700000,0x00000050fd800000] [id=17208]
  0x0000018786695000 GCTaskThread "GC Thread#3" [stack: 0x00000050fd800000,0x00000050fd900000] [id=21312]
  0x00000187eb826000 ConcurrentGCThread "G1 Main Marker" [stack: 0x00000050fbe00000,0x00000050fbf00000] [id=12216]
  0x00000187eb827800 ConcurrentGCThread "G1 Conc#0" [stack: 0x00000050fbf00000,0x00000050fc000000] [id=21996]
  0x00000187eb8a3800 ConcurrentGCThread "G1 Refine#0" [stack: 0x00000050fc000000,0x00000050fc100000] [id=4340]
  0x00000187eb8a4800 ConcurrentGCThread "G1 Young RemSet Sampling" [stack: 0x00000050fc100000,0x00000050fc200000] [id=22088]

Threads with active compile tasks:
C2 CompilerThread0  86077 6537       4       org.objectweb.asm.ClassReader::readCode (5109 bytes)

VM state:at safepoint (normal execution)

VM Mutex/Monitor currently owned by a thread:  ([mutex/lock_event])
[0x00000187eb7de840] Threads_lock - owner thread: 0x00000187ff3c8800
[0x00000187eb7de9f0] Heap_lock - owner thread: 0x0000018786218000

Heap address: 0x0000000080000000, size: 2048 MB, Compressed Oops mode: 32-bit
Narrow klass base: 0x0000000000000000, Narrow klass shift: 3
Compressed class space size: 1073741824 Address: 0x0000000100000000

Heap:
 garbage-first heap   total 199680K, used 65923K [0x0000000080000000, 0x0000000100000000)
  region size 1024K, 4 young (4096K), 4 survivors (4096K)
 Metaspace       used 50880K, capacity 52404K, committed 52528K, reserved 1095680K
  class space    used 6427K, capacity 6924K, committed 7040K, reserved 1048576K
Heap Regions: E=young(eden), S=young(survivor), O=old, HS=humongous(starts), HC=humongous(continues), CS=collection set, F=free, A=archive, TAMS=top-at-mark-start (previous, next)
|   0|0x0000000080000000, 0x0000000080100000, 0x0000000080100000|100%| O|  |TAMS 0x0000000080100000, 0x0000000080000000| Untracked 
|   1|0x0000000080100000, 0x0000000080200000, 0x0000000080200000|100%| O|  |TAMS 0x0000000080200000, 0x0000000080100000| Untracked 
|   2|0x0000000080200000, 0x0000000080300000, 0x0000000080300000|100%| O|  |TAMS 0x0000000080300000, 0x0000000080200000| Untracked 
|   3|0x0000000080300000, 0x0000000080400000, 0x0000000080400000|100%|HS|  |TAMS 0x0000000080400000, 0x0000000080300000| Complete 
|   4|0x0000000080400000, 0x0000000080500000, 0x0000000080500000|100%|HC|  |TAMS 0x0000000080500000, 0x0000000080400000| Complete 
|   5|0x0000000080500000, 0x0000000080600000, 0x0000000080600000|100%|HC|  |TAMS 0x0000000080600000, 0x0000000080500000| Complete 
|   6|0x0000000080600000, 0x0000000080700000, 0x0000000080700000|100%| O|  |TAMS 0x0000000080700000, 0x0000000080600000| Untracked 
|   7|0x0000000080700000, 0x0000000080800000, 0x0000000080800000|100%| O|  |TAMS 0x0000000080800000, 0x0000000080700000| Untracked 
|   8|0x0000000080800000, 0x0000000080900000, 0x0000000080900000|100%| O|  |TAMS 0x0000000080900000, 0x0000000080800000| Untracked 
|   9|0x0000000080900000, 0x0000000080a00000, 0x0000000080a00000|100%| O|  |TAMS 0x0000000080a00000, 0x0000000080900000| Untracked 
|  10|0x0000000080a00000, 0x0000000080b00000, 0x0000000080b00000|100%| O|  |TAMS 0x0000000080b00000, 0x0000000080a00000| Untracked 
|  11|0x0000000080b00000, 0x0000000080c00000, 0x0000000080c00000|100%| O|  |TAMS 0x0000000080c00000, 0x0000000080b00000| Untracked 
|  12|0x0000000080c00000, 0x0000000080d00000, 0x0000000080d00000|100%| O|  |TAMS 0x0000000080d00000, 0x0000000080c00000| Untracked 
|  13|0x0000000080d00000, 0x0000000080e00000, 0x0000000080e00000|100%| O|  |TAMS 0x0000000080e00000, 0x0000000080d00000| Untracked 
|  14|0x0000000080e00000, 0x0000000080f00000, 0x0000000080f00000|100%| O|  |TAMS 0x0000000080f00000, 0x0000000080e00000| Untracked 
|  15|0x0000000080f00000, 0x0000000081000000, 0x0000000081000000|100%| O|  |TAMS 0x0000000081000000, 0x0000000080f00000| Untracked 
|  16|0x0000000081000000, 0x0000000081100000, 0x0000000081100000|100%| O|  |TAMS 0x0000000081100000, 0x0000000081000000| Untracked 
|  17|0x0000000081100000, 0x0000000081200000, 0x0000000081200000|100%|HS|  |TAMS 0x0000000081200000, 0x0000000081100000| Complete 
|  18|0x0000000081200000, 0x0000000081300000, 0x0000000081300000|100%|HC|  |TAMS 0x0000000081300000, 0x0000000081200000| Complete 
|  19|0x0000000081300000, 0x0000000081400000, 0x0000000081400000|100%|HS|  |TAMS 0x0000000081400000, 0x0000000081300000| Complete 
|  20|0x0000000081400000, 0x0000000081500000, 0x0000000081500000|100%|HC|  |TAMS 0x0000000081500000, 0x0000000081400000| Complete 
|  21|0x0000000081500000, 0x0000000081600000, 0x0000000081600000|100%|HC|  |TAMS 0x0000000081600000, 0x0000000081500000| Complete 
|  22|0x0000000081600000, 0x0000000081700000, 0x0000000081700000|100%|HS|  |TAMS 0x0000000081700000, 0x0000000081600000| Complete 
|  23|0x0000000081700000, 0x0000000081800000, 0x0000000081800000|100%|HC|  |TAMS 0x0000000081800000, 0x0000000081700000| Complete 
|  24|0x0000000081800000, 0x0000000081900000, 0x0000000081900000|100%|HC|  |TAMS 0x0000000081900000, 0x0000000081800000| Complete 
|  25|0x0000000081900000, 0x0000000081a00000, 0x0000000081a00000|100%|HC|  |TAMS 0x0000000081a00000, 0x0000000081900000| Complete 
|  26|0x0000000081a00000, 0x0000000081b00000, 0x0000000081b00000|100%| O|  |TAMS 0x0000000081b00000, 0x0000000081a00000| Untracked 
|  27|0x0000000081b00000, 0x0000000081c00000, 0x0000000081c00000|100%| O|  |TAMS 0x0000000081c00000, 0x0000000081b00000| Untracked 
|  28|0x0000000081c00000, 0x0000000081d00000, 0x0000000081d00000|100%|HS|  |TAMS 0x0000000081d00000, 0x0000000081c00000| Complete 
|  29|0x0000000081d00000, 0x0000000081e00000, 0x0000000081e00000|100%|HC|  |TAMS 0x0000000081e00000, 0x0000000081d00000| Complete 
|  30|0x0000000081e00000, 0x0000000081f00000, 0x0000000081f00000|100%|HC|  |TAMS 0x0000000081f00000, 0x0000000081e00000| Complete 
|  31|0x0000000081f00000, 0x0000000082000000, 0x0000000082000000|100%| O|  |TAMS 0x0000000082000000, 0x0000000081f00000| Untracked 
|  32|0x0000000082000000, 0x0000000082100000, 0x0000000082100000|100%| O|  |TAMS 0x0000000082100000, 0x0000000082000000| Untracked 
|  33|0x0000000082100000, 0x0000000082200000, 0x0000000082200000|100%| O|  |TAMS 0x0000000082200000, 0x0000000082100000| Untracked 
|  34|0x0000000082200000, 0x0000000082300000, 0x0000000082300000|100%| O|  |TAMS 0x0000000082300000, 0x0000000082200000| Untracked 
|  35|0x0000000082300000, 0x0000000082400000, 0x0000000082400000|100%| O|  |TAMS 0x0000000082400000, 0x0000000082300000| Untracked 
|  36|0x0000000082400000, 0x0000000082500000, 0x0000000082500000|100%| O|  |TAMS 0x0000000082500000, 0x0000000082400000| Untracked 
|  37|0x0000000082500000, 0x0000000082600000, 0x0000000082600000|100%| O|  |TAMS 0x0000000082600000, 0x0000000082500000| Untracked 
|  38|0x0000000082600000, 0x0000000082700000, 0x0000000082700000|100%| O|  |TAMS 0x0000000082700000, 0x0000000082600000| Untracked 
|  39|0x0000000082700000, 0x0000000082800000, 0x0000000082800000|100%| O|  |TAMS 0x0000000082800000, 0x0000000082700000| Untracked 
|  40|0x0000000082800000, 0x0000000082900000, 0x0000000082900000|100%| O|  |TAMS 0x0000000082900000, 0x0000000082800000| Untracked 
|  41|0x0000000082900000, 0x0000000082a00000, 0x0000000082a00000|100%|HS|  |TAMS 0x0000000082a00000, 0x0000000082900000| Complete 
|  42|0x0000000082a00000, 0x0000000082b00000, 0x0000000082b00000|100%|HC|  |TAMS 0x0000000082b00000, 0x0000000082a00000| Complete 
|  43|0x0000000082b00000, 0x0000000082c00000, 0x0000000082c00000|100%|HC|  |TAMS 0x0000000082c00000, 0x0000000082b00000| Complete 
|  44|0x0000000082c00000, 0x0000000082d00000, 0x0000000082d00000|100%|HC|  |TAMS 0x0000000082d00000, 0x0000000082c00000| Complete 
|  45|0x0000000082d00000, 0x0000000082e00000, 0x0000000082e00000|100%| O|  |TAMS 0x0000000082e00000, 0x0000000082d00000| Untracked 
|  46|0x0000000082e00000, 0x0000000082f00000, 0x0000000082f00000|100%| O|  |TAMS 0x0000000082f00000, 0x0000000082e00000| Untracked 
|  47|0x0000000082f00000, 0x0000000083000000, 0x0000000083000000|100%| O|  |TAMS 0x0000000083000000, 0x0000000082f00000| Untracked 
|  48|0x0000000083000000, 0x0000000083100000, 0x0000000083100000|100%| O|  |TAMS 0x0000000083100000, 0x0000000083000000| Untracked 
|  49|0x0000000083100000, 0x0000000083200000, 0x0000000083200000|100%| O|  |TAMS 0x0000000083200000, 0x0000000083100000| Untracked 
|  50|0x0000000083200000, 0x0000000083300000, 0x0000000083300000|100%| O|  |TAMS 0x0000000083300000, 0x0000000083200000| Untracked 
|  51|0x0000000083300000, 0x0000000083400000, 0x0000000083400000|100%| O|  |TAMS 0x0000000083400000, 0x0000000083300000| Untracked 
|  52|0x0000000083400000, 0x0000000083500000, 0x0000000083500000|100%|HS|  |TAMS 0x0000000083500000, 0x0000000083400000| Complete 
|  53|0x0000000083500000, 0x0000000083600000, 0x0000000083600000|100%|HC|  |TAMS 0x0000000083600000, 0x0000000083500000| Complete 
|  54|0x0000000083600000, 0x0000000083700000, 0x0000000083700000|100%|HC|  |TAMS 0x0000000083700000, 0x0000000083600000| Complete 
|  55|0x0000000083700000, 0x0000000083800000, 0x0000000083800000|100%| O|  |TAMS 0x0000000083800000, 0x0000000083700000| Untracked 
|  56|0x0000000083800000, 0x0000000083900000, 0x0000000083900000|100%| O|  |TAMS 0x0000000083900000, 0x0000000083800000| Untracked 
|  57|0x0000000083900000, 0x0000000083a00000, 0x0000000083a00000|100%| O|  |TAMS 0x0000000083a00000, 0x0000000083900000| Untracked 
|  58|0x0000000083a00000, 0x0000000083ac5e00, 0x0000000083b00000| 77%| O|  |TAMS 0x0000000083a71400, 0x0000000083a00000| Untracked 
|  59|0x0000000083b00000, 0x0000000083b00000, 0x0000000083c00000|  0%| F|  |TAMS 0x0000000083b00000, 0x0000000083b00000| Untracked 
|  60|0x0000000083c00000, 0x0000000083d00000, 0x0000000083d00000|100%|HS|  |TAMS 0x0000000083d00000, 0x0000000083c00000| Complete 
|  61|0x0000000083d00000, 0x0000000083e00000, 0x0000000083e00000|100%|HC|  |TAMS 0x0000000083e00000, 0x0000000083d00000| Complete 
|  62|0x0000000083e00000, 0x0000000083e00000, 0x0000000083f00000|  0%| F|  |TAMS 0x0000000083e00000, 0x0000000083e00000| Untracked 
|  63|0x0000000083f00000, 0x0000000083f00000, 0x0000000084000000|  0%| F|  |TAMS 0x0000000083f00000, 0x0000000083f00000| Untracked 
|  64|0x0000000084000000, 0x0000000084000000, 0x0000000084100000|  0%| F|  |TAMS 0x0000000084000000, 0x0000000084000000| Untracked 
|  65|0x0000000084100000, 0x0000000084100000, 0x0000000084200000|  0%| F|  |TAMS 0x0000000084100000, 0x0000000084100000| Untracked 
|  66|0x0000000084200000, 0x0000000084200000, 0x0000000084300000|  0%| F|  |TAMS 0x0000000084200000, 0x0000000084200000| Untracked 
|  67|0x0000000084300000, 0x0000000084300000, 0x0000000084400000|  0%| F|  |TAMS 0x0000000084300000, 0x0000000084300000| Untracked 
|  68|0x0000000084400000, 0x0000000084400000, 0x0000000084500000|  0%| F|  |TAMS 0x0000000084400000, 0x0000000084400000| Untracked 
|  69|0x0000000084500000, 0x0000000084500000, 0x0000000084600000|  0%| F|  |TAMS 0x0000000084500000, 0x0000000084500000| Untracked 
|  70|0x0000000084600000, 0x0000000084600000, 0x0000000084700000|  0%| F|  |TAMS 0x0000000084600000, 0x0000000084600000| Untracked 
|  71|0x0000000084700000, 0x0000000084700000, 0x0000000084800000|  0%| F|  |TAMS 0x0000000084700000, 0x0000000084700000| Untracked 
|  72|0x0000000084800000, 0x0000000084800000, 0x0000000084900000|  0%| F|  |TAMS 0x0000000084800000, 0x0000000084800000| Untracked 
|  73|0x0000000084900000, 0x0000000084900000, 0x0000000084a00000|  0%| F|  |TAMS 0x0000000084900000, 0x0000000084900000| Untracked 
|  74|0x0000000084a00000, 0x0000000084a00000, 0x0000000084b00000|  0%| F|  |TAMS 0x0000000084a00000, 0x0000000084a00000| Untracked 
|  75|0x0000000084b00000, 0x0000000084b00000, 0x0000000084c00000|  0%| F|  |TAMS 0x0000000084b00000, 0x0000000084b00000| Untracked 
|  76|0x0000000084c00000, 0x0000000084c00000, 0x0000000084d00000|  0%| F|  |TAMS 0x0000000084c00000, 0x0000000084c00000| Untracked 
|  77|0x0000000084d00000, 0x0000000084d00000, 0x0000000084e00000|  0%| F|  |TAMS 0x0000000084d00000, 0x0000000084d00000| Untracked 
|  78|0x0000000084e00000, 0x0000000084e00000, 0x0000000084f00000|  0%| F|  |TAMS 0x0000000084e00000, 0x0000000084e00000| Untracked 
|  79|0x0000000084f00000, 0x0000000084f00000, 0x0000000085000000|  0%| F|  |TAMS 0x0000000084f00000, 0x0000000084f00000| Untracked 
|  80|0x0000000085000000, 0x0000000085000000, 0x0000000085100000|  0%| F|  |TAMS 0x0000000085000000, 0x0000000085000000| Untracked 
|  81|0x0000000085100000, 0x0000000085100000, 0x0000000085200000|  0%| F|  |TAMS 0x0000000085100000, 0x0000000085100000| Untracked 
|  82|0x0000000085200000, 0x0000000085200000, 0x0000000085300000|  0%| F|  |TAMS 0x0000000085200000, 0x0000000085200000| Untracked 
|  83|0x0000000085300000, 0x0000000085300000, 0x0000000085400000|  0%| F|  |TAMS 0x0000000085300000, 0x0000000085300000| Untracked 
|  84|0x0000000085400000, 0x0000000085400000, 0x0000000085500000|  0%| F|  |TAMS 0x0000000085400000, 0x0000000085400000| Untracked 
|  85|0x0000000085500000, 0x0000000085500000, 0x0000000085600000|  0%| F|  |TAMS 0x0000000085500000, 0x0000000085500000| Untracked 
|  86|0x0000000085600000, 0x000000008569aec0, 0x0000000085700000| 60%| S|CS|TAMS 0x0000000085600000, 0x0000000085600000| Complete 
|  87|0x0000000085700000, 0x0000000085700000, 0x0000000085800000|  0%| F|  |TAMS 0x0000000085700000, 0x0000000085700000| Untracked 
|  88|0x0000000085800000, 0x0000000085900000, 0x0000000085900000|100%| S|CS|TAMS 0x0000000085800000, 0x0000000085800000| Complete 
|  89|0x0000000085900000, 0x0000000085a00000, 0x0000000085a00000|100%| S|CS|TAMS 0x0000000085900000, 0x0000000085900000| Complete 
|  90|0x0000000085a00000, 0x0000000085a00000, 0x0000000085b00000|  0%| F|  |TAMS 0x0000000085a00000, 0x0000000085a00000| Untracked 
|  91|0x0000000085b00000, 0x0000000085b00000, 0x0000000085c00000|  0%| F|  |TAMS 0x0000000085b00000, 0x0000000085b00000| Untracked 
|  92|0x0000000085c00000, 0x0000000085c00000, 0x0000000085d00000|  0%| F|  |TAMS 0x0000000085c00000, 0x0000000085c00000| Untracked 
|  93|0x0000000085d00000, 0x0000000085e00000, 0x0000000085e00000|100%| S|CS|TAMS 0x0000000085d00000, 0x0000000085d00000| Complete 
|  94|0x0000000085e00000, 0x0000000085e00000, 0x0000000085f00000|  0%| F|  |TAMS 0x0000000085e00000, 0x0000000085e00000| Untracked 
|  95|0x0000000085f00000, 0x0000000085f00000, 0x0000000086000000|  0%| F|  |TAMS 0x0000000085f00000, 0x0000000085f00000| Untracked 
|  96|0x0000000086000000, 0x0000000086000000, 0x0000000086100000|  0%| F|  |TAMS 0x0000000086000000, 0x0000000086000000| Untracked 
|  97|0x0000000086100000, 0x0000000086100000, 0x0000000086200000|  0%| F|  |TAMS 0x0000000086100000, 0x0000000086100000| Untracked 
|  98|0x0000000086200000, 0x0000000086200000, 0x0000000086300000|  0%| F|  |TAMS 0x0000000086200000, 0x0000000086200000| Untracked 
|  99|0x0000000086300000, 0x0000000086300000, 0x0000000086400000|  0%| F|  |TAMS 0x0000000086300000, 0x0000000086300000| Untracked 
| 100|0x0000000086400000, 0x0000000086400000, 0x0000000086500000|  0%| F|  |TAMS 0x0000000086400000, 0x0000000086400000| Untracked 
| 101|0x0000000086500000, 0x0000000086500000, 0x0000000086600000|  0%| F|  |TAMS 0x0000000086500000, 0x0000000086500000| Untracked 
| 102|0x0000000086600000, 0x0000000086600000, 0x0000000086700000|  0%| F|  |TAMS 0x0000000086600000, 0x0000000086600000| Untracked 
| 103|0x0000000086700000, 0x0000000086700000, 0x0000000086800000|  0%| F|  |TAMS 0x0000000086700000, 0x0000000086700000| Untracked 
| 104|0x0000000086800000, 0x0000000086800000, 0x0000000086900000|  0%| F|  |TAMS 0x0000000086800000, 0x0000000086800000| Untracked 
| 105|0x0000000086900000, 0x0000000086900000, 0x0000000086a00000|  0%| F|  |TAMS 0x0000000086900000, 0x0000000086900000| Untracked 
| 106|0x0000000086a00000, 0x0000000086a00000, 0x0000000086b00000|  0%| F|  |TAMS 0x0000000086a00000, 0x0000000086a00000| Untracked 
| 107|0x0000000086b00000, 0x0000000086b00000, 0x0000000086c00000|  0%| F|  |TAMS 0x0000000086b00000, 0x0000000086b00000| Untracked 
| 108|0x0000000086c00000, 0x0000000086c00000, 0x0000000086d00000|  0%| F|  |TAMS 0x0000000086c00000, 0x0000000086c00000| Untracked 
| 109|0x0000000086d00000, 0x0000000086d00000, 0x0000000086e00000|  0%| F|  |TAMS 0x0000000086d00000, 0x0000000086d00000| Untracked 
| 110|0x0000000086e00000, 0x0000000086e00000, 0x0000000086f00000|  0%| F|  |TAMS 0x0000000086e00000, 0x0000000086e00000| Untracked 
| 111|0x0000000086f00000, 0x0000000086f00000, 0x0000000087000000|  0%| F|  |TAMS 0x0000000086f00000, 0x0000000086f00000| Untracked 
| 112|0x0000000087000000, 0x0000000087000000, 0x0000000087100000|  0%| F|  |TAMS 0x0000000087000000, 0x0000000087000000| Untracked 
| 113|0x0000000087100000, 0x0000000087100000, 0x0000000087200000|  0%| F|  |TAMS 0x0000000087100000, 0x0000000087100000| Untracked 
| 114|0x0000000087200000, 0x0000000087200000, 0x0000000087300000|  0%| F|  |TAMS 0x0000000087200000, 0x0000000087200000| Untracked 
| 115|0x0000000087300000, 0x0000000087300000, 0x0000000087400000|  0%| F|  |TAMS 0x0000000087300000, 0x0000000087300000| Untracked 
| 116|0x0000000087400000, 0x0000000087400000, 0x0000000087500000|  0%| F|  |TAMS 0x0000000087400000, 0x0000000087400000| Untracked 
| 117|0x0000000087500000, 0x0000000087500000, 0x0000000087600000|  0%| F|  |TAMS 0x0000000087500000, 0x0000000087500000| Untracked 
| 118|0x0000000087600000, 0x0000000087600000, 0x0000000087700000|  0%| F|  |TAMS 0x0000000087600000, 0x0000000087600000| Untracked 
| 119|0x0000000087700000, 0x0000000087700000, 0x0000000087800000|  0%| F|  |TAMS 0x0000000087700000, 0x0000000087700000| Untracked 
| 120|0x0000000087800000, 0x0000000087800000, 0x0000000087900000|  0%| F|  |TAMS 0x0000000087800000, 0x0000000087800000| Untracked 
| 121|0x0000000087900000, 0x0000000087900000, 0x0000000087a00000|  0%| F|  |TAMS 0x0000000087900000, 0x0000000087900000| Untracked 
| 122|0x0000000087a00000, 0x0000000087a00000, 0x0000000087b00000|  0%| F|  |TAMS 0x0000000087a00000, 0x0000000087a00000| Untracked 
| 123|0x0000000087b00000, 0x0000000087b00000, 0x0000000087c00000|  0%| F|  |TAMS 0x0000000087b00000, 0x0000000087b00000| Untracked 
| 124|0x0000000087c00000, 0x0000000087c00000, 0x0000000087d00000|  0%| F|  |TAMS 0x0000000087c00000, 0x0000000087c00000| Untracked 
| 125|0x0000000087d00000, 0x0000000087d00000, 0x0000000087e00000|  0%| F|  |TAMS 0x0000000087d00000, 0x0000000087d00000| Untracked 
| 126|0x0000000087e00000, 0x0000000087e00000, 0x0000000087f00000|  0%| F|  |TAMS 0x0000000087e00000, 0x0000000087e00000| Untracked 
| 127|0x0000000087f00000, 0x0000000087f00000, 0x0000000088000000|  0%| F|  |TAMS 0x0000000087f00000, 0x0000000087f00000| Untracked 
| 128|0x0000000088000000, 0x0000000088000000, 0x0000000088100000|  0%| F|  |TAMS 0x0000000088000000, 0x0000000088000000| Untracked 
| 129|0x0000000088100000, 0x0000000088100000, 0x0000000088200000|  0%| F|  |TAMS 0x0000000088100000, 0x0000000088100000| Untracked 
| 130|0x0000000088200000, 0x0000000088200000, 0x0000000088300000|  0%| F|  |TAMS 0x0000000088200000, 0x0000000088200000| Untracked 
| 131|0x0000000088300000, 0x0000000088300000, 0x0000000088400000|  0%| F|  |TAMS 0x0000000088300000, 0x0000000088300000| Untracked 
| 132|0x0000000088400000, 0x0000000088400000, 0x0000000088500000|  0%| F|  |TAMS 0x0000000088400000, 0x0000000088400000| Untracked 
| 133|0x0000000088500000, 0x0000000088500000, 0x0000000088600000|  0%| F|  |TAMS 0x0000000088500000, 0x0000000088500000| Untracked 
| 134|0x0000000088600000, 0x0000000088600000, 0x0000000088700000|  0%| F|  |TAMS 0x0000000088600000, 0x0000000088600000| Untracked 
| 135|0x0000000088700000, 0x0000000088700000, 0x0000000088800000|  0%| F|  |TAMS 0x0000000088700000, 0x0000000088700000| Untracked 
| 136|0x0000000088800000, 0x0000000088800000, 0x0000000088900000|  0%| F|  |TAMS 0x0000000088800000, 0x0000000088800000| Untracked 
| 137|0x0000000088900000, 0x0000000088900000, 0x0000000088a00000|  0%| F|  |TAMS 0x0000000088900000, 0x0000000088900000| Untracked 
| 138|0x0000000088a00000, 0x0000000088a00000, 0x0000000088b00000|  0%| F|  |TAMS 0x0000000088a00000, 0x0000000088a00000| Untracked 
| 139|0x0000000088b00000, 0x0000000088b00000, 0x0000000088c00000|  0%| F|  |TAMS 0x0000000088b00000, 0x0000000088b00000| Untracked 
| 140|0x0000000088c00000, 0x0000000088c00000, 0x0000000088d00000|  0%| F|  |TAMS 0x0000000088c00000, 0x0000000088c00000| Untracked 
| 141|0x0000000088d00000, 0x0000000088d00000, 0x0000000088e00000|  0%| F|  |TAMS 0x0000000088d00000, 0x0000000088d00000| Untracked 
| 142|0x0000000088e00000, 0x0000000088e00000, 0x0000000088f00000|  0%| F|  |TAMS 0x0000000088e00000, 0x0000000088e00000| Untracked 
| 143|0x0000000088f00000, 0x0000000088f00000, 0x0000000089000000|  0%| F|  |TAMS 0x0000000088f00000, 0x0000000088f00000| Untracked 
| 144|0x0000000089000000, 0x0000000089000000, 0x0000000089100000|  0%| F|  |TAMS 0x0000000089000000, 0x0000000089000000| Untracked 
| 145|0x0000000089100000, 0x0000000089100000, 0x0000000089200000|  0%| F|  |TAMS 0x0000000089100000, 0x0000000089100000| Untracked 
| 146|0x0000000089200000, 0x0000000089200000, 0x0000000089300000|  0%| F|  |TAMS 0x0000000089200000, 0x0000000089200000| Untracked 
| 147|0x0000000089300000, 0x0000000089300000, 0x0000000089400000|  0%| F|  |TAMS 0x0000000089300000, 0x0000000089300000| Untracked 
| 148|0x0000000089400000, 0x0000000089400000, 0x0000000089500000|  0%| F|  |TAMS 0x0000000089400000, 0x0000000089400000| Untracked 
| 149|0x0000000089500000, 0x0000000089500000, 0x0000000089600000|  0%| F|  |TAMS 0x0000000089500000, 0x0000000089500000| Untracked 
| 150|0x0000000089600000, 0x0000000089600000, 0x0000000089700000|  0%| F|  |TAMS 0x0000000089600000, 0x0000000089600000| Untracked 
| 151|0x0000000089700000, 0x0000000089700000, 0x0000000089800000|  0%| F|  |TAMS 0x0000000089700000, 0x0000000089700000| Untracked 
| 152|0x0000000089800000, 0x0000000089800000, 0x0000000089900000|  0%| F|  |TAMS 0x0000000089800000, 0x0000000089800000| Untracked 
| 153|0x0000000089900000, 0x0000000089900000, 0x0000000089a00000|  0%| F|  |TAMS 0x0000000089900000, 0x0000000089900000| Untracked 
| 154|0x0000000089a00000, 0x0000000089a00000, 0x0000000089b00000|  0%| F|  |TAMS 0x0000000089a00000, 0x0000000089a00000| Untracked 
| 155|0x0000000089b00000, 0x0000000089b00000, 0x0000000089c00000|  0%| F|  |TAMS 0x0000000089b00000, 0x0000000089b00000| Untracked 
| 156|0x0000000089c00000, 0x0000000089c00000, 0x0000000089d00000|  0%| F|  |TAMS 0x0000000089c00000, 0x0000000089c00000| Untracked 
| 157|0x0000000089d00000, 0x0000000089d00000, 0x0000000089e00000|  0%| F|  |TAMS 0x0000000089d00000, 0x0000000089d00000| Untracked 
| 158|0x0000000089e00000, 0x0000000089e00000, 0x0000000089f00000|  0%| F|  |TAMS 0x0000000089e00000, 0x0000000089e00000| Untracked 
| 159|0x0000000089f00000, 0x0000000089f00000, 0x000000008a000000|  0%| F|  |TAMS 0x0000000089f00000, 0x0000000089f00000| Untracked 
| 160|0x000000008a000000, 0x000000008a000000, 0x000000008a100000|  0%| F|  |TAMS 0x000000008a000000, 0x000000008a000000| Untracked 
| 161|0x000000008a100000, 0x000000008a100000, 0x000000008a200000|  0%| F|  |TAMS 0x000000008a100000, 0x000000008a100000| Untracked 

Card table byte_map: [0x00000187fe6d0000,0x00000187fead0000] _byte_map_base: 0x00000187fe2d0000

Marking Bits (Prev, Next): (CMBitMap*) 0x00000187eb81d318, (CMBitMap*) 0x00000187eb81d350
 Prev Bits: [0x0000018780000000, 0x0000018782000000)
 Next Bits: [0x0000018782000000, 0x0000018784000000)

Polling page: 0x00000187e9980000

Metaspace:

Usage:
  Non-class:     44.41 MB capacity,    43.41 MB ( 98%) used,   892.91 KB (  2%) free+waste,   134.63 KB ( <1%) overhead. 
      Class:      6.76 MB capacity,     6.28 MB ( 93%) used,   432.20 KB (  6%) free+waste,    63.81 KB ( <1%) overhead. 
       Both:     51.18 MB capacity,    49.69 MB ( 97%) used,     1.29 MB (  3%) free+waste,   198.44 KB ( <1%) overhead. 

Virtual space:
  Non-class space:       46.00 MB reserved,      44.42 MB ( 97%) committed 
      Class space:        1.00 GB reserved,       6.88 MB ( <1%) committed 
             Both:        1.04 GB reserved,      51.30 MB (  5%) committed 

Chunk freelists:
   Non-Class:  8.00 KB
       Class:  0 bytes
        Both:  8.00 KB

MaxMetaspaceSize: 17179869184.00 GB
CompressedClassSpaceSize: 1.00 GB

CodeHeap 'non-profiled nmethods': size=120064Kb used=5230Kb max_used=5230Kb free=114833Kb
 bounds [0x00000187f6d90000, 0x00000187f72b0000, 0x00000187fe2d0000]
CodeHeap 'profiled nmethods': size=120000Kb used=14221Kb max_used=14221Kb free=105778Kb
 bounds [0x00000187ef860000, 0x00000187f0650000, 0x00000187f6d90000]
CodeHeap 'non-nmethods': size=5696Kb used=2223Kb max_used=2284Kb free=3472Kb
 bounds [0x00000187ef2d0000, 0x00000187ef540000, 0x00000187ef860000]
 total_blobs=7298 nmethods=6502 adapters=708
 compilation: enabled
              stopped_count=0, restarted_count=0
 full_count=0

Compilation events (20 events):
Event: 85.241 Thread 0x00000187ff3f9800 nmethod 6530 0x00000187f063b010 code [0x00000187f063b1c0, 0x00000187f063b3a8]
Event: 85.254 Thread 0x00000187ff3f5000 6531       4       java.io.OutputStream::write (9 bytes)
Event: 85.254 Thread 0x00000187ff3f9800 6532       3       org.apache.tools.zip.ZipOutputStream::createCentralFileHeader (110 bytes)
Event: 85.255 Thread 0x00000187ff3f5000 nmethod 6531 0x00000187f72ab510 code [0x00000187f72ab6a0, 0x00000187f72ab738]
Event: 85.257 Thread 0x00000187ff3f9800 nmethod 6532 0x00000187f063b490 code [0x00000187f063b7e0, 0x00000187f063cb48]
Event: 85.257 Thread 0x00000187ff3f9800 6533       3       org.apache.tools.zip.ExtraFieldUtils::mergeCentralDirectoryData (221 bytes)
Event: 85.259 Thread 0x00000187ff3f9800 nmethod 6533 0x00000187f063d310 code [0x00000187f063d5c0, 0x00000187f063e5c8]
Event: 85.308 Thread 0x00000187ff3f9800 6534       3       org.objectweb.asm.MethodVisitor::visitParameterAnnotation (20 bytes)
Event: 85.309 Thread 0x00000187ff3f9800 nmethod 6534 0x00000187f063eb10 code [0x00000187f063ece0, 0x00000187f063eee8]
Event: 85.357 Thread 0x00000187ff3f9800 6535       3       org.objectweb.asm.MethodWriter::visitParameterAnnotation (92 bytes)
Event: 85.359 Thread 0x00000187ff3f9800 nmethod 6535 0x00000187f063f010 code [0x00000187f063f2e0, 0x00000187f06402d8]
Event: 85.380 Thread 0x00000187ff3f9800 6536       3       org.objectweb.asm.ClassWriter::visitOuterClass (37 bytes)
Event: 85.381 Thread 0x00000187ff3f9800 nmethod 6536 0x00000187f0640810 code [0x00000187f06409e0, 0x00000187f0640c78]
Event: 85.404 Thread 0x00000187ff3f5000 6537       4       org.objectweb.asm.ClassReader::readCode (5109 bytes)
Event: 85.715 Thread 0x00000187ff3f9800 6539       1       org.gradle.launcher.daemon.server.health.gc.GarbageCollectionEvent::getUsage (5 bytes)
Event: 85.715 Thread 0x00000187ff3f9800 nmethod 6539 0x00000187f72ab810 code [0x00000187f72ab9c0, 0x00000187f72aba78]
Event: 85.874 Thread 0x00000187ff3f9800 6541       3       org.objectweb.asm.MethodWriter::visitSwitchInsn (174 bytes)
Event: 85.876 Thread 0x00000187ff3f9800 nmethod 6541 0x00000187f0640e10 code [0x00000187f06410c0, 0x00000187f0642158]
Event: 85.947 Thread 0x00000187ff3f9800 6542       3       org.apache.tools.zip.ZipEntry::getAllExtraFieldsNoCopy (31 bytes)
Event: 85.948 Thread 0x00000187ff3f9800 nmethod 6542 0x00000187f0642790 code [0x00000187f06429a0, 0x00000187f06432a8]

GC Heap History (20 events):
Event: 82.457 GC heap after
{Heap after GC invocations=51 (full 0):
 garbage-first heap   total 138240K, used 63334K [0x0000000080000000, 0x0000000100000000)
  region size 1024K, 2 young (2048K), 2 survivors (2048K)
 Metaspace       used 50828K, capacity 52340K, committed 52528K, reserved 1095680K
  class space    used 6427K, capacity 6924K, committed 7040K, reserved 1048576K
}
Event: 82.670 GC heap before
{Heap before GC invocations=51 (full 0):
 garbage-first heap   total 138240K, used 96102K [0x0000000080000000, 0x0000000100000000)
  region size 1024K, 36 young (36864K), 2 survivors (2048K)
 Metaspace       used 50840K, capacity 52340K, committed 52528K, reserved 1095680K
  class space    used 6427K, capacity 6924K, committed 7040K, reserved 1048576K
}
Event: 82.674 GC heap after
{Heap after GC invocations=52 (full 0):
 garbage-first heap   total 138240K, used 63464K [0x0000000080000000, 0x0000000100000000)
  region size 1024K, 2 young (2048K), 2 survivors (2048K)
 Metaspace       used 50840K, capacity 52340K, committed 52528K, reserved 1095680K
  class space    used 6427K, capacity 6924K, committed 7040K, reserved 1048576K
}
Event: 83.085 GC heap before
{Heap before GC invocations=53 (full 0):
 garbage-first heap   total 138240K, used 109544K [0x0000000080000000, 0x0000000100000000)
  region size 1024K, 47 young (48128K), 2 survivors (2048K)
 Metaspace       used 50872K, capacity 52404K, committed 52528K, reserved 1095680K
  class space    used 6427K, capacity 6924K, committed 7040K, reserved 1048576K
}
Event: 83.089 GC heap after
{Heap after GC invocations=54 (full 0):
 garbage-first heap   total 138240K, used 63936K [0x0000000080000000, 0x0000000100000000)
  region size 1024K, 3 young (3072K), 3 survivors (3072K)
 Metaspace       used 50872K, capacity 52404K, committed 52528K, reserved 1095680K
  class space    used 6427K, capacity 6924K, committed 7040K, reserved 1048576K
}
Event: 83.325 GC heap before
{Heap before GC invocations=54 (full 0):
 garbage-first heap   total 138240K, used 110016K [0x0000000080000000, 0x0000000100000000)
  region size 1024K, 49 young (50176K), 3 survivors (3072K)
 Metaspace       used 50872K, capacity 52404K, committed 52528K, reserved 1095680K
  class space    used 6427K, capacity 6924K, committed 7040K, reserved 1048576K
}
Event: 83.329 GC heap after
{Heap after GC invocations=55 (full 0):
 garbage-first heap   total 138240K, used 63970K [0x0000000080000000, 0x0000000100000000)
  region size 1024K, 3 young (3072K), 3 survivors (3072K)
 Metaspace       used 50872K, capacity 52404K, committed 52528K, reserved 1095680K
  class space    used 6427K, capacity 6924K, committed 7040K, reserved 1048576K
}
Event: 83.707 GC heap before
{Heap before GC invocations=56 (full 0):
 garbage-first heap   total 138240K, used 111074K [0x0000000080000000, 0x0000000100000000)
  region size 1024K, 51 young (52224K), 3 survivors (3072K)
 Metaspace       used 50875K, capacity 52404K, committed 52528K, reserved 1095680K
  class space    used 6427K, capacity 6924K, committed 7040K, reserved 1048576K
}
Event: 83.713 GC heap after
{Heap after GC invocations=57 (full 0):
 garbage-first heap   total 138240K, used 64317K [0x0000000080000000, 0x0000000100000000)
  region size 1024K, 3 young (3072K), 3 survivors (3072K)
 Metaspace       used 50875K, capacity 52404K, committed 52528K, reserved 1095680K
  class space    used 6427K, capacity 6924K, committed 7040K, reserved 1048576K
}
Event: 84.041 GC heap before
{Heap before GC invocations=57 (full 0):
 garbage-first heap   total 138240K, used 112445K [0x0000000080000000, 0x0000000100000000)
  region size 1024K, 51 young (52224K), 3 survivors (3072K)
 Metaspace       used 50876K, capacity 52404K, committed 52528K, reserved 1095680K
  class space    used 6427K, capacity 6924K, committed 7040K, reserved 1048576K
}
Event: 84.051 GC heap after
{Heap after GC invocations=58 (full 0):
 garbage-first heap   total 165888K, used 64361K [0x0000000080000000, 0x0000000100000000)
  region size 1024K, 3 young (3072K), 3 survivors (3072K)
 Metaspace       used 50876K, capacity 52404K, committed 52528K, reserved 1095680K
  class space    used 6427K, capacity 6924K, committed 7040K, reserved 1048576K
}
Event: 84.471 GC heap before
{Heap before GC invocations=59 (full 0):
 garbage-first heap   total 165888K, used 126825K [0x0000000080000000, 0x0000000100000000)
  region size 1024K, 66 young (67584K), 3 survivors (3072K)
 Metaspace       used 50878K, capacity 52404K, committed 52528K, reserved 1095680K
  class space    used 6427K, capacity 6924K, committed 7040K, reserved 1048576K
}
Event: 84.478 GC heap after
{Heap after GC invocations=60 (full 0):
 garbage-first heap   total 165888K, used 64803K [0x0000000080000000, 0x0000000100000000)
  region size 1024K, 3 young (3072K), 3 survivors (3072K)
 Metaspace       used 50878K, capacity 52404K, committed 52528K, reserved 1095680K
  class space    used 6427K, capacity 6924K, committed 7040K, reserved 1048576K
}
Event: 84.779 GC heap before
{Heap before GC invocations=60 (full 0):
 garbage-first heap   total 165888K, used 132387K [0x0000000080000000, 0x0000000100000000)
  region size 1024K, 69 young (70656K), 3 survivors (3072K)
 Metaspace       used 50880K, capacity 52404K, committed 52528K, reserved 1095680K
  class space    used 6427K, capacity 6924K, committed 7040K, reserved 1048576K
}
Event: 84.783 GC heap after
{Heap after GC invocations=61 (full 0):
 garbage-first heap   total 165888K, used 65049K [0x0000000080000000, 0x0000000100000000)
  region size 1024K, 3 young (3072K), 3 survivors (3072K)
 Metaspace       used 50880K, capacity 52404K, committed 52528K, reserved 1095680K
  class space    used 6427K, capacity 6924K, committed 7040K, reserved 1048576K
}
Event: 85.220 GC heap before
{Heap before GC invocations=61 (full 0):
 garbage-first heap   total 165888K, used 133657K [0x0000000080000000, 0x0000000100000000)
  region size 1024K, 70 young (71680K), 3 survivors (3072K)
 Metaspace       used 50880K, capacity 52404K, committed 52528K, reserved 1095680K
  class space    used 6427K, capacity 6924K, committed 7040K, reserved 1048576K
}
Event: 85.226 GC heap after
{Heap after GC invocations=62 (full 0):
 garbage-first heap   total 165888K, used 65448K [0x0000000080000000, 0x0000000100000000)
  region size 1024K, 4 young (4096K), 4 survivors (4096K)
 Metaspace       used 50880K, capacity 52404K, committed 52528K, reserved 1095680K
  class space    used 6427K, capacity 6924K, committed 7040K, reserved 1048576K
}
Event: 85.595 GC heap before
{Heap before GC invocations=62 (full 0):
 garbage-first heap   total 165888K, used 133032K [0x0000000080000000, 0x0000000100000000)
  region size 1024K, 71 young (72704K), 4 survivors (4096K)
 Metaspace       used 50880K, capacity 52404K, committed 52528K, reserved 1095680K
  class space    used 6427K, capacity 6924K, committed 7040K, reserved 1048576K
}
Event: 85.600 GC heap after
{Heap after GC invocations=63 (full 0):
 garbage-first heap   total 165888K, used 65542K [0x0000000080000000, 0x0000000100000000)
  region size 1024K, 4 young (4096K), 4 survivors (4096K)
 Metaspace       used 50880K, capacity 52404K, committed 52528K, reserved 1095680K
  class space    used 6427K, capacity 6924K, committed 7040K, reserved 1048576K
}
Event: 86.026 GC heap before
{Heap before GC invocations=63 (full 0):
 garbage-first heap   total 165888K, used 135174K [0x0000000080000000, 0x0000000100000000)
  region size 1024K, 72 young (73728K), 4 survivors (4096K)
 Metaspace       used 50880K, capacity 52404K, committed 52528K, reserved 1095680K
  class space    used 6427K, capacity 6924K, committed 7040K, reserved 1048576K
}

Deoptimization events (20 events):
Event: 83.792 Thread 0x0000018786218000 DEOPT PACKING pc=0x00000187f723dffc sp=0x00000050fe2fdc20
Event: 83.793 Thread 0x0000018786218000 DEOPT UNPACKING pc=0x00000187ef2f662f sp=0x00000050fe2fdbb8 mode 2
Event: 83.795 Thread 0x0000018786218000 Uncommon trap: trap_request=0xffffffbe fr.pc=0x00000187f723dffc relative=0x0000000000000d1c
Event: 83.795 Thread 0x0000018786218000 Uncommon trap: reason=profile_predicate action=maybe_recompile pc=0x00000187f723dffc method=org.objectweb.asm.ByteVector.encodeUtf8(Ljava/lang/String;II)Lorg/objectweb/asm/ByteVector; @ 163 c2
Event: 83.795 Thread 0x0000018786218000 DEOPT PACKING pc=0x00000187f723dffc sp=0x00000050fe2fe2d0
Event: 83.795 Thread 0x0000018786218000 DEOPT UNPACKING pc=0x00000187ef2f662f sp=0x00000050fe2fe268 mode 2
Event: 84.154 Thread 0x000001878679e800 Uncommon trap: trap_request=0xffffffbe fr.pc=0x00000187f71bcc84 relative=0x0000000000006f84
Event: 84.154 Thread 0x000001878679e800 Uncommon trap: reason=profile_predicate action=maybe_recompile pc=0x00000187f71bcc84 method=org.objectweb.asm.ClassReader.readCode(Lorg/objectweb/asm/MethodVisitor;Lorg/objectweb/asm/Context;I)V @ 2189 c2
Event: 84.154 Thread 0x000001878679e800 DEOPT PACKING pc=0x00000187f71bcc84 sp=0x00000050fdffe440
Event: 84.154 Thread 0x000001878679e800 DEOPT UNPACKING pc=0x00000187ef2f662f sp=0x00000050fdffe3b0 mode 2
Event: 84.154 Thread 0x000001878679e800 Uncommon trap: trap_request=0xffffffbe fr.pc=0x00000187f7198040 relative=0x0000000000002d20
Event: 84.154 Thread 0x000001878679e800 Uncommon trap: reason=profile_predicate action=maybe_recompile pc=0x00000187f7198040 method=org.objectweb.asm.ClassReader.readCode(Lorg/objectweb/asm/MethodVisitor;Lorg/objectweb/asm/Context;I)V @ 2185 c2
Event: 84.154 Thread 0x000001878679e800 DEOPT PACKING pc=0x00000187f7198040 sp=0x00000050fdffe440
Event: 84.154 Thread 0x000001878679e800 DEOPT UNPACKING pc=0x00000187ef2f662f sp=0x00000050fdffe3c0 mode 2
Event: 84.339 Thread 0x000001878679e800 DEOPT PACKING pc=0x00000187f06031ca sp=0x00000050fdffe7b0
Event: 84.339 Thread 0x000001878679e800 DEOPT UNPACKING pc=0x00000187ef2f6dde sp=0x00000050fdffdc28 mode 0
Event: 85.404 Thread 0x000001878679e800 Uncommon trap: trap_request=0xffffffbe fr.pc=0x00000187f71bcc84 relative=0x0000000000006f84
Event: 85.404 Thread 0x000001878679e800 Uncommon trap: reason=profile_predicate action=maybe_recompile pc=0x00000187f71bcc84 method=org.objectweb.asm.ClassReader.readCode(Lorg/objectweb/asm/MethodVisitor;Lorg/objectweb/asm/Context;I)V @ 2189 c2
Event: 85.404 Thread 0x000001878679e800 DEOPT PACKING pc=0x00000187f71bcc84 sp=0x00000050fdffe490
Event: 85.404 Thread 0x000001878679e800 DEOPT UNPACKING pc=0x00000187ef2f662f sp=0x00000050fdffe400 mode 2

Classes redefined (0 events):
No events

Internal exceptions (20 events):
Event: 84.065 Thread 0x0000018786217000 Exception <a 'sun/nio/fs/WindowsException'{0x000000008a0050e8}> (0x000000008a0050e8) thrown at [./src/hotspot/share/prims/jni.cpp, line 615]
Event: 84.277 Thread 0x0000018786217000 Exception <a 'sun/nio/fs/WindowsException'{0x000000008a0052a8}> (0x000000008a0052a8) thrown at [./src/hotspot/share/prims/jni.cpp, line 615]
Event: 84.278 Thread 0x0000018786213000 Exception <a 'sun/nio/fs/WindowsException'{0x000000008a16b0b8}> (0x000000008a16b0b8) thrown at [./src/hotspot/share/prims/jni.cpp, line 615]
Event: 84.296 Thread 0x0000018786217000 Exception <a 'sun/nio/fs/WindowsException'{0x0000000088e51a98}> (0x0000000088e51a98) thrown at [./src/hotspot/share/prims/jni.cpp, line 615]
Event: 84.620 Thread 0x0000018786213000 Exception <a 'sun/nio/fs/WindowsException'{0x00000000883d9df0}> (0x00000000883d9df0) thrown at [./src/hotspot/share/prims/jni.cpp, line 615]
Event: 84.681 Thread 0x0000018786213000 Exception <a 'sun/nio/fs/WindowsException'{0x00000000883d9fb0}> (0x00000000883d9fb0) thrown at [./src/hotspot/share/prims/jni.cpp, line 615]
Event: 84.693 Thread 0x0000018786213000 Exception <a 'sun/nio/fs/WindowsException'{0x0000000087406b08}> (0x0000000087406b08) thrown at [./src/hotspot/share/prims/jni.cpp, line 615]
Event: 84.712 Thread 0x0000018786213000 Exception <a 'sun/nio/fs/WindowsException'{0x0000000087036650}> (0x0000000087036650) thrown at [./src/hotspot/share/prims/jni.cpp, line 615]
Event: 84.819 Thread 0x0000018786213000 Exception <a 'sun/nio/fs/WindowsException'{0x0000000089964b28}> (0x0000000089964b28) thrown at [./src/hotspot/share/prims/jni.cpp, line 615]
Event: 84.836 Thread 0x0000018786213000 Exception <a 'sun/nio/fs/WindowsException'{0x0000000089978680}> (0x0000000089978680) thrown at [./src/hotspot/share/prims/jni.cpp, line 615]
Event: 85.022 Thread 0x0000018786213000 Exception <a 'sun/nio/fs/WindowsException'{0x000000008746b520}> (0x000000008746b520) thrown at [./src/hotspot/share/prims/jni.cpp, line 615]
Event: 85.056 Thread 0x0000018786213000 Exception <a 'sun/nio/fs/WindowsException'{0x000000008746b6c8}> (0x000000008746b6c8) thrown at [./src/hotspot/share/prims/jni.cpp, line 615]
Event: 85.206 Thread 0x0000018786213000 Exception <a 'sun/nio/fs/WindowsException'{0x00000000862b0818}> (0x00000000862b0818) thrown at [./src/hotspot/share/prims/jni.cpp, line 615]
Event: 85.258 Thread 0x0000018786217000 Exception <a 'sun/nio/fs/WindowsException'{0x00000000898fcb78}> (0x00000000898fcb78) thrown at [./src/hotspot/share/prims/jni.cpp, line 615]
Event: 85.263 Thread 0x0000018786217000 Exception <a 'sun/nio/fs/WindowsException'{0x00000000898fcd30}> (0x00000000898fcd30) thrown at [./src/hotspot/share/prims/jni.cpp, line 615]
Event: 85.276 Thread 0x0000018786217000 Exception <a 'sun/nio/fs/WindowsException'{0x00000000895a41a0}> (0x00000000895a41a0) thrown at [./src/hotspot/share/prims/jni.cpp, line 615]
Event: 85.347 Thread 0x0000018786217000 Exception <a 'sun/nio/fs/WindowsException'{0x0000000087e8af18}> (0x0000000087e8af18) thrown at [./src/hotspot/share/prims/jni.cpp, line 615]
Event: 85.351 Thread 0x0000018786217000 Exception <a 'sun/nio/fs/WindowsException'{0x0000000087e8b0b0}> (0x0000000087e8b0b0) thrown at [./src/hotspot/share/prims/jni.cpp, line 615]
Event: 85.964 Thread 0x0000018786213000 Exception <a 'sun/nio/fs/WindowsException'{0x00000000866a7d00}> (0x00000000866a7d00) thrown at [./src/hotspot/share/prims/jni.cpp, line 615]
Event: 85.969 Thread 0x0000018786213000 Exception <a 'sun/nio/fs/WindowsException'{0x00000000866a7ea8}> (0x00000000866a7ea8) thrown at [./src/hotspot/share/prims/jni.cpp, line 615]

Events (20 events):
Event: 84.040 Executing VM operation: G1CollectForAllocation
Event: 84.052 Executing VM operation: G1CollectForAllocation done
Event: 84.174 Executing VM operation: CGC_Operation
Event: 84.184 Executing VM operation: CGC_Operation done
Event: 84.235 Executing VM operation: CGC_Operation
Event: 84.236 Executing VM operation: CGC_Operation done
Event: 84.469 Executing VM operation: G1CollectForAllocation
Event: 84.469 Executing VM operation: G1CollectForAllocation done
Event: 84.471 Executing VM operation: G1CollectForAllocation
Event: 84.478 Executing VM operation: G1CollectForAllocation done
Event: 84.560 loading class org/apache/tools/zip/ZipOutputStream$1
Event: 84.560 loading class org/apache/tools/zip/ZipOutputStream$1 done
Event: 84.778 Executing VM operation: G1CollectForAllocation
Event: 84.783 Executing VM operation: G1CollectForAllocation done
Event: 85.217 Executing VM operation: G1CollectForAllocation
Event: 85.226 Executing VM operation: G1CollectForAllocation done
Event: 85.357 Thread 0x00000187880cc000 Thread exited: 0x00000187880cc000
Event: 85.594 Executing VM operation: G1CollectForAllocation
Event: 85.600 Executing VM operation: G1CollectForAllocation done
Event: 86.025 Executing VM operation: G1CollectForAllocation


Dynamic libraries:
0x00007ff7fce70000 - 0x00007ff7fce7a000 	C:\Program Files\Android\Android Studio\jre\bin\java.exe
0x00007ffc4ecc0000 - 0x00007ffc4eec7000 	C:\WINDOWS\SYSTEM32\ntdll.dll
0x00007ffc4de00000 - 0x00007ffc4debd000 	C:\WINDOWS\System32\KERNEL32.DLL
0x00007ffc4c7a0000 - 0x00007ffc4cb14000 	C:\WINDOWS\System32\KERNELBASE.dll
0x00007ffc49690000 - 0x00007ffc49721000 	C:\WINDOWS\SYSTEM32\apphelp.dll
0x00007ffc4c420000 - 0x00007ffc4c531000 	C:\WINDOWS\System32\ucrtbase.dll
0x00007ffc31350000 - 0x00007ffc31369000 	C:\Program Files\Android\Android Studio\jre\bin\jli.dll
0x00007ffc31330000 - 0x00007ffc31347000 	C:\Program Files\Android\Android Studio\jre\bin\VCRUNTIME140.dll
0x00007ffc4dbb0000 - 0x00007ffc4dd5c000 	C:\WINDOWS\System32\USER32.dll
0x00007ffc3cbd0000 - 0x00007ffc3ce75000 	C:\WINDOWS\WinSxS\amd64_microsoft.windows.common-controls_6595b64144ccf1df_6.0.22000.120_none_9d947278b86cc467\COMCTL32.dll
0x00007ffc4cb20000 - 0x00007ffc4cb46000 	C:\WINDOWS\System32\win32u.dll
0x00007ffc4db00000 - 0x00007ffc4dba3000 	C:\WINDOWS\System32\msvcrt.dll
0x00007ffc4cb60000 - 0x00007ffc4cb89000 	C:\WINDOWS\System32\GDI32.dll
0x00007ffc4c540000 - 0x00007ffc4c652000 	C:\WINDOWS\System32\gdi32full.dll
0x00007ffc4c210000 - 0x00007ffc4c2ad000 	C:\WINDOWS\System32\msvcp_win.dll
0x00007ffc4d990000 - 0x00007ffc4d9c1000 	C:\WINDOWS\System32\IMM32.DLL
0x00007ffc24710000 - 0x00007ffc247ad000 	C:\Program Files\Android\Android Studio\jre\bin\msvcp140.dll
0x00007ffc0ef30000 - 0x00007ffc0fa05000 	C:\Program Files\Android\Android Studio\jre\bin\server\jvm.dll
0x00007ffc4e290000 - 0x00007ffc4e33c000 	C:\WINDOWS\System32\ADVAPI32.dll
0x00007ffc4dd60000 - 0x00007ffc4ddfd000 	C:\WINDOWS\System32\sechost.dll
0x00007ffc4e4e0000 - 0x00007ffc4e601000 	C:\WINDOWS\System32\RPCRT4.dll
0x00007ffc4e610000 - 0x00007ffc4e618000 	C:\WINDOWS\System32\PSAPI.DLL
0x00007ffc495c0000 - 0x00007ffc495c9000 	C:\WINDOWS\SYSTEM32\WSOCK32.dll
0x00007ffc4e880000 - 0x00007ffc4e8ef000 	C:\WINDOWS\System32\WS2_32.dll
0x00007ffc47280000 - 0x00007ffc472b3000 	C:\WINDOWS\SYSTEM32\WINMM.dll
0x00007ffc460f0000 - 0x00007ffc460fa000 	C:\WINDOWS\SYSTEM32\VERSION.dll
0x00007ffc4b2d0000 - 0x00007ffc4b2e8000 	C:\WINDOWS\SYSTEM32\kernel.appcore.dll
0x00007ffc487b0000 - 0x00007ffc487c1000 	C:\Program Files\Android\Android Studio\jre\bin\verify.dll
0x00007ffc40c00000 - 0x00007ffc40e21000 	C:\WINDOWS\SYSTEM32\DBGHELP.DLL
0x00007ffc36c90000 - 0x00007ffc36cc1000 	C:\WINDOWS\SYSTEM32\dbgcore.DLL
0x00007ffc4c720000 - 0x00007ffc4c7a0000 	C:\WINDOWS\System32\bcryptPrimitives.dll
0x00007ffc3aac0000 - 0x00007ffc3aae9000 	C:\Program Files\Android\Android Studio\jre\bin\java.dll
0x00007ffc49590000 - 0x00007ffc4959b000 	C:\Program Files\Android\Android Studio\jre\bin\jimage.dll
0x00007ffc3cef0000 - 0x00007ffc3cf08000 	C:\Program Files\Android\Android Studio\jre\bin\zip.dll
0x00007ffc4d000000 - 0x00007ffc4d7a9000 	C:\WINDOWS\System32\SHELL32.dll
0x00007ffc4a350000 - 0x00007ffc4abb2000 	C:\WINDOWS\SYSTEM32\windows.storage.dll
0x00007ffc4e900000 - 0x00007ffc4ec78000 	C:\WINDOWS\System32\combase.dll
0x00007ffc4a1e0000 - 0x00007ffc4a346000 	C:\WINDOWS\SYSTEM32\wintypes.dll
0x00007ffc4d890000 - 0x00007ffc4d97a000 	C:\WINDOWS\System32\SHCORE.dll
0x00007ffc4e6a0000 - 0x00007ffc4e6fd000 	C:\WINDOWS\System32\shlwapi.dll
0x00007ffc4c0d0000 - 0x00007ffc4c0f1000 	C:\WINDOWS\SYSTEM32\profapi.dll
0x00007ffc3a9a0000 - 0x00007ffc3a9ba000 	C:\Program Files\Android\Android Studio\jre\bin\net.dll
0x00007ffc46a90000 - 0x00007ffc46b9c000 	C:\WINDOWS\SYSTEM32\WINHTTP.dll
0x00007ffc4b6e0000 - 0x00007ffc4b747000 	C:\WINDOWS\system32\mswsock.dll
0x00007ffc3a8b0000 - 0x00007ffc3a8c4000 	C:\Program Files\Android\Android Studio\jre\bin\nio.dll
0x00007ffc307b0000 - 0x00007ffc307d7000 	C:\Users\ampil\.gradle\native\e1d6ef7f7dcc3fd88c89a11ec53ec762bb8ba0a96d01ffa2cd45eb1d1d8dd5c5\windows-amd64\native-platform.dll
0x00007ffc1aae0000 - 0x00007ffc1ac24000 	C:\Users\ampil\.gradle\native\5664cfc778a61ccfe75a443a1ab52a65af34e5dc3c78e0209fed803814484fcb\windows-amd64\native-platform-file-events.dll
0x00007ffc49510000 - 0x00007ffc4951a000 	C:\Program Files\Android\Android Studio\jre\bin\management.dll
0x00007ffc48820000 - 0x00007ffc4882d000 	C:\Program Files\Android\Android Studio\jre\bin\management_ext.dll
0x00007ffc4b920000 - 0x00007ffc4b938000 	C:\WINDOWS\SYSTEM32\CRYPTSP.dll
0x00007ffc4b230000 - 0x00007ffc4b265000 	C:\WINDOWS\system32\rsaenh.dll
0x00007ffc4b7d0000 - 0x00007ffc4b7f9000 	C:\WINDOWS\SYSTEM32\USERENV.dll
0x00007ffc4baa0000 - 0x00007ffc4bac7000 	C:\WINDOWS\SYSTEM32\bcrypt.dll
0x00007ffc4b940000 - 0x00007ffc4b94c000 	C:\WINDOWS\SYSTEM32\CRYPTBASE.dll
0x00007ffc4ae10000 - 0x00007ffc4ae3d000 	C:\WINDOWS\SYSTEM32\IPHLPAPI.DLL
0x00007ffc4e8f0000 - 0x00007ffc4e8f9000 	C:\WINDOWS\System32\NSI.dll
0x00007ffc46a20000 - 0x00007ffc46a39000 	C:\WINDOWS\SYSTEM32\dhcpcsvc6.DLL
0x00007ffc46e20000 - 0x00007ffc46e3e000 	C:\WINDOWS\SYSTEM32\dhcpcsvc.DLL
0x00007ffc4ae40000 - 0x00007ffc4af27000 	C:\WINDOWS\SYSTEM32\DNSAPI.dll

dbghelp: loaded successfully - version: 4.0.5 - missing functions: none
symbol engine: initialized successfully - sym options: 0x614 - pdb path: .;C:\Program Files\Android\Android Studio\jre\bin;C:\WINDOWS\SYSTEM32;C:\WINDOWS\WinSxS\amd64_microsoft.windows.common-controls_6595b64144ccf1df_6.0.22000.120_none_9d947278b86cc467;C:\Program Files\Android\Android Studio\jre\bin\server;C:\Users\ampil\.gradle\native\e1d6ef7f7dcc3fd88c89a11ec53ec762bb8ba0a96d01ffa2cd45eb1d1d8dd5c5\windows-amd64;C:\Users\ampil\.gradle\native\5664cfc778a61ccfe75a443a1ab52a65af34e5dc3c78e0209fed803814484fcb\windows-amd64

VM Arguments:
jvm_args: --add-opens=java.base/java.util=ALL-UNNAMED --add-opens=java.base/java.lang=ALL-UNNAMED --add-opens=java.base/java.lang.invoke=ALL-UNNAMED --add-opens=java.base/java.util=ALL-UNNAMED --add-opens=java.prefs/java.util.prefs=ALL-UNNAMED --add-opens=java.prefs/java.util.prefs=ALL-UNNAMED --add-opens=java.base/java.nio.charset=ALL-UNNAMED --add-opens=java.base/java.net=ALL-UNNAMED --add-opens=java.base/java.util.concurrent.atomic=ALL-UNNAMED -Xmx2048m -Dfile.encoding=UTF-8 -Duser.country=RU -Duser.language=ru -Duser.variant 
java_command: org.gradle.launcher.daemon.bootstrap.GradleDaemon 7.2
java_class_path (initial): C:\Users\ampil\.gradle\wrapper\dists\gradle-7.2-all\260hg96vuh6ex27h9vo47iv4d\gradle-7.2\lib\gradle-launcher-7.2.jar
Launcher Type: SUN_STANDARD

[Global flags]
     intx CICompilerCount                          = 3                                         {product} {ergonomic}
     uint ConcGCThreads                            = 1                                         {product} {ergonomic}
     uint G1ConcRefinementThreads                  = 4                                         {product} {ergonomic}
   size_t G1HeapRegionSize                         = 1048576                                   {product} {ergonomic}
    uintx GCDrainStackTargetSize                   = 64                                        {product} {ergonomic}
   size_t InitialHeapSize                          = 117440512                                 {product} {ergonomic}
   size_t MarkStackSize                            = 4194304                                   {product} {ergonomic}
   size_t MaxHeapSize                              = 2147483648                                {product} {command line}
   size_t MaxNewSize                               = 1287651328                                {product} {ergonomic}
   size_t MinHeapDeltaBytes                        = 1048576                                   {product} {ergonomic}
    uintx NonNMethodCodeHeapSize                   = 5830732                                {pd product} {ergonomic}
    uintx NonProfiledCodeHeapSize                  = 122913754                              {pd product} {ergonomic}
    uintx ProfiledCodeHeapSize                     = 122913754                              {pd product} {ergonomic}
    uintx ReservedCodeCacheSize                    = 251658240                              {pd product} {ergonomic}
     bool SegmentedCodeCache                       = true                                      {product} {ergonomic}
     bool UseCompressedClassPointers               = true                                 {lp64_product} {ergonomic}
     bool UseCompressedOops                        = true                                 {lp64_product} {ergonomic}
     bool UseG1GC                                  = true                                      {product} {ergonomic}
     bool UseLargePagesIndividualAllocation        = false                                  {pd product} {ergonomic}

Logging:
Log output configuration:
 #0: stdout all=warning uptime,level,tags
 #1: stderr all=off uptime,level,tags

Environment Variables:
PATH=C:\Program Files (x86)\Common Files\Oracle\Java\javapath;C:\Program Files\Common Files\Oracle\Java\javapath;C:\Program Files (x86)\NVIDIA Corporation\PhysX\Common;C:\WINDOWS\system32;C:\WINDOWS;C:\WINDOWS\System32\Wbem;C:\WINDOWS\System32\WindowsPowerShell\v1.0\;C:\WINDOWS\System32\OpenSSH\;C:\Program Files\dotnet\;C:\Program Files\Microsoft SQL Server\130\Tools\Binn\;C:\Program Files\Microsoft SQL Server\Client SDK\ODBC\170\Tools\Binn\;C:\Program Files (x86)\Microsoft SQL Server\150\Tools\Binn\;C:\Program Files\Microsoft SQL Server\150\Tools\Binn\;C:\Program Files\Microsoft SQL Server\150\DTS\Binn\;C:\Program Files (x86)\dotnet\;C:\Program Files\PuTTY\;C:\Program Files\Git\cmd;C:\Users\ampil\AppData\Local\Programs\Python\Python39\Scripts\;C:\Users\ampil\AppData\Local\Programs\Python\Python39;C:\Users\ampil\AppData\Local\Microsoft\WindowsApps;C:\Users\ampil\.dotnet\tools;C:\Program Files\JetBrains\PyCharm Community Edition 2021.1\bin;C:\Users\ampil\AppData\Local\Programs\VapourSynth\core;C:\Users\ampil\AppData\Local\Programs\VapourSynth\vsrepo;C:\Users\ampil\AppData\Local\GitHubDesktop\bin;E:\Program Files\JetBrains\IntelliJ IDEA Community Edition 2021.2.2\bin;
USERNAME=ampil
OS=Windows_NT
PROCESSOR_IDENTIFIER=AMD64 Family 21 Model 101 Stepping 1, AuthenticAMD



---------------  S Y S T E M  ---------------

OS: Windows 10 , 64 bit Build 22000 (10.0.22000.120)
OS uptime: 3 days 12:55 hours

CPU:total 4 (initial active 4) (4 cores per cpu, 1 threads per core) family 21 model 101 stepping 1 microcode 0x0, cmov, cx8, fxsr, mmx, sse, sse2, sse3, ssse3, sse4.1, sse4.2, popcnt, avx, avx2, aes, clmul, mmxext, 3dnowpref, lzcnt, sse4a, tsc, tscinvbit, tscinv, bmi1, bmi2, fma

Memory: 4k page, system-wide physical 7125M (698M free)
TotalPageFile size 16125M (AvailPageFile size 13M)
current process WorkingSet (physical memory assigned to process): 354M, peak: 358M
current process commit charge ("private bytes"): 384M, peak: 417M

vm_info: OpenJDK 64-Bit Server VM (11.0.11+9-b60-7590822) for windows-amd64 JRE (11.0.11+9-b60-7590822), built on Jul 29 2021 21:43:44 by "builder" with MS VC++ 14.0 (VS2015)

END.
